[2025-01-15T04:48:14.741+0000] {local_task_job_runner.py:123} INFO - ::group::Pre task execution logs
[2025-01-15T04:48:14.763+0000] {taskinstance.py:2613} INFO - Dependencies all met for dep_context=non-requeueable deps ti=<TaskInstance: tomato_pipeline.download_images manual__2025-01-15T04:34:24.950427+00:00 [queued]>
[2025-01-15T04:48:14.774+0000] {taskinstance.py:2613} INFO - Dependencies all met for dep_context=requeueable deps ti=<TaskInstance: tomato_pipeline.download_images manual__2025-01-15T04:34:24.950427+00:00 [queued]>
[2025-01-15T04:48:14.775+0000] {taskinstance.py:2866} INFO - Starting attempt 2 of 3
[2025-01-15T04:48:14.791+0000] {taskinstance.py:2889} INFO - Executing <Task(PythonOperator): download_images> on 2025-01-15 04:34:24.950427+00:00
[2025-01-15T04:48:14.800+0000] {warnings.py:112} WARNING - /home/***/.local/lib/python3.12/site-packages/***/task/task_runner/standard_task_runner.py:70: DeprecationWarning: This process (pid=303) is multi-threaded, use of fork() may lead to deadlocks in the child.
  pid = os.fork()

[2025-01-15T04:48:14.802+0000] {standard_task_runner.py:72} INFO - Started process 305 to run task
[2025-01-15T04:48:14.802+0000] {standard_task_runner.py:104} INFO - Running: ['***', 'tasks', 'run', 'tomato_pipeline', 'download_images', 'manual__2025-01-15T04:34:24.950427+00:00', '--job-id', '15', '--raw', '--subdir', 'DAGS_FOLDER/craw_check_update.py', '--cfg-path', '/tmp/tmpyimqymw0']
[2025-01-15T04:48:14.804+0000] {standard_task_runner.py:105} INFO - Job 15: Subtask download_images
[2025-01-15T04:48:14.867+0000] {task_command.py:467} INFO - Running <TaskInstance: tomato_pipeline.download_images manual__2025-01-15T04:34:24.950427+00:00 [running]> on host 03b22c562543
[2025-01-15T04:48:14.958+0000] {taskinstance.py:3132} INFO - Exporting env vars: AIRFLOW_CTX_DAG_OWNER='***' AIRFLOW_CTX_DAG_ID='tomato_pipeline' AIRFLOW_CTX_TASK_ID='download_images' AIRFLOW_CTX_EXECUTION_DATE='2025-01-15T04:34:24.950427+00:00' AIRFLOW_CTX_TRY_NUMBER='2' AIRFLOW_CTX_DAG_RUN_ID='manual__2025-01-15T04:34:24.950427+00:00'
[2025-01-15T04:48:14.962+0000] {logging_mixin.py:190} INFO - Task instance is in running state
[2025-01-15T04:48:14.963+0000] {logging_mixin.py:190} INFO -  Previous state of the Task instance: queued
[2025-01-15T04:48:14.964+0000] {logging_mixin.py:190} INFO - Current task name:download_images state:running start_date:2025-01-15 04:48:14.764077+00:00
[2025-01-15T04:48:14.964+0000] {logging_mixin.py:190} INFO - Dag name:tomato_pipeline and current dag run status:running
[2025-01-15T04:48:14.965+0000] {taskinstance.py:731} INFO - ::endgroup::
[2025-01-15T04:48:14.967+0000] {craw_check_update.py:29} INFO - Đang tải 100 ảnh từ Bing với từ khóa: tomato...
[2025-01-15T04:48:14.968+0000] {logging_mixin.py:190} INFO - [%] Downloading Images to /opt/***/data_lake/tomato
[2025-01-15T04:48:14.969+0000] {logging_mixin.py:190} INFO - 

[!!]Indexing page: 1
[2025-01-15T04:48:20.535+0000] {logging_mixin.py:190} INFO - [%] Indexed 95 Images on Page 1.
[2025-01-15T04:48:20.536+0000] {logging_mixin.py:190} INFO - 
===============================================
[2025-01-15T04:48:20.537+0000] {logging_mixin.py:190} INFO - [%] Downloading Image #1 from https://creativenativefoods.com.au/wp-content/uploads/2020/05/Bush-Tomato-Whole.jpg
[2025-01-15T04:48:21.977+0000] {logging_mixin.py:190} INFO - [%] File Downloaded !
[2025-01-15T04:48:21.978+0000] {logging_mixin.py:190} INFO - [%] Downloading Image #2 from http://feelgrafix.com/data_images/out/27/956610-tomato.jpg
[2025-01-15T04:48:23.052+0000] {logging_mixin.py:190} INFO - [!] Issue getting: http://feelgrafix.com/data_images/out/27/956610-tomato.jpg
[!] Error:: HTTP Error 404: Not Found
[2025-01-15T04:48:23.053+0000] {logging_mixin.py:190} INFO - [%] Downloading Image #2 from https://static.vecteezy.com/system/resources/previews/019/782/597/original/tomato-illustration-element-png.png
[2025-01-15T04:48:23.342+0000] {logging_mixin.py:190} INFO - [%] File Downloaded !
[2025-01-15T04:48:23.343+0000] {logging_mixin.py:190} INFO - [%] Downloading Image #3 from https://static.vecteezy.com/system/resources/previews/018/931/605/original/cartoon-tomato-icon-png.png
[2025-01-15T04:48:23.572+0000] {logging_mixin.py:190} INFO - [%] File Downloaded !
[2025-01-15T04:48:23.573+0000] {logging_mixin.py:190} INFO - [%] Downloading Image #4 from https://static.vecteezy.com/system/resources/previews/024/063/019/original/cartoon-tomato-outline-png.png
[2025-01-15T04:48:23.826+0000] {logging_mixin.py:190} INFO - [%] File Downloaded !
[2025-01-15T04:48:23.826+0000] {logging_mixin.py:190} INFO - [%] Downloading Image #5 from https://upload.wikimedia.org/wikipedia/commons/8/88/Bright_red_tomato_and_cross_section02.jpg
[2025-01-15T04:48:24.215+0000] {logging_mixin.py:190} INFO - [%] File Downloaded !
[2025-01-15T04:48:24.216+0000] {logging_mixin.py:190} INFO - [%] Downloading Image #6 from https://www.tokyoweekender.com/wp-content/uploads/2022/08/Tomato.jpg
[2025-01-15T04:48:24.740+0000] {logging_mixin.py:190} INFO - [%] File Downloaded !
[2025-01-15T04:48:24.741+0000] {logging_mixin.py:190} INFO - [%] Downloading Image #7 from https://cdn.mos.cms.futurecdn.net/tAVzvxkxYFCMTMu7EbqfXP.jpg
[2025-01-15T04:48:25.141+0000] {logging_mixin.py:190} INFO - [%] File Downloaded !
[2025-01-15T04:48:25.142+0000] {logging_mixin.py:190} INFO - [%] Downloading Image #8 from https://sporked.com/wp-content/uploads/2022/11/BEST_TOMATO_JUICE_HEADER.jpg
[2025-01-15T04:48:25.495+0000] {logging_mixin.py:190} INFO - [%] File Downloaded !
[2025-01-15T04:48:25.496+0000] {logging_mixin.py:190} INFO - [%] Downloading Image #9 from https://www.tastingtable.com/img/gallery/when-to-use-tomato-paste-vs-tomato-puree/l-intro-1668094714.jpg
[2025-01-15T04:48:25.840+0000] {logging_mixin.py:190} INFO - [%] File Downloaded !
[2025-01-15T04:48:25.841+0000] {logging_mixin.py:190} INFO - [%] Downloading Image #10 from https://www.tomatodirt.com/images/most-popular-tomato-varieties.png
[2025-01-15T04:48:26.735+0000] {logging_mixin.py:190} INFO - [%] File Downloaded !
[2025-01-15T04:48:26.736+0000] {logging_mixin.py:190} INFO - [%] Downloading Image #11 from https://images.squarespace-cdn.com/content/v1/5fc3c6fcec917750a3e9b173/1620164674322-I0R11ILE0SAO0CEJGWM0/tomatoes.jpg
[2025-01-15T04:48:27.379+0000] {logging_mixin.py:190} INFO - [%] File Downloaded !
[2025-01-15T04:48:27.380+0000] {logging_mixin.py:190} INFO - [%] Downloading Image #12 from https://njaes.rutgers.edu/tomato-varieties/images/specialty-tomato-assortment.jpg
[2025-01-15T04:48:32.288+0000] {logging_mixin.py:190} INFO - [%] File Downloaded !
[2025-01-15T04:48:32.289+0000] {logging_mixin.py:190} INFO - [%] Downloading Image #13 from http://www.gardenisto.com/wp-content/uploads/2013/07/20130702_160451.jpg
[2025-01-15T04:48:37.083+0000] {logging_mixin.py:190} INFO - [%] File Downloaded !
[2025-01-15T04:48:37.084+0000] {logging_mixin.py:190} INFO - [%] Downloading Image #14 from https://i.pinimg.com/originals/93/01/e8/9301e86e03344eb615d34775c696cda7.jpg
[2025-01-15T04:48:37.319+0000] {logging_mixin.py:190} INFO - [%] File Downloaded !
[2025-01-15T04:48:37.320+0000] {logging_mixin.py:190} INFO - [%] Downloading Image #15 from http://wingardsmarket.com/wp-content/uploads/2015/06/heirloom-tomato.jpg
[2025-01-15T04:48:40.810+0000] {logging_mixin.py:190} INFO - [%] File Downloaded !
[2025-01-15T04:48:40.813+0000] {logging_mixin.py:190} INFO - [%] Downloading Image #16 from https://s-media-cache-ak0.pinimg.com/736x/a9/0d/b1/a90db1c89b58602dde59e069e8262ef4.jpg
[2025-01-15T04:48:41.333+0000] {logging_mixin.py:190} INFO - [%] File Downloaded !
[2025-01-15T04:48:41.334+0000] {logging_mixin.py:190} INFO - [%] Downloading Image #17 from https://www.gardeningknowhow.com/wp-content/uploads/2021/07/heap-of-colorful-and-various-tomatoes-1024x768.jpg
[2025-01-15T04:48:44.511+0000] {logging_mixin.py:190} INFO - [%] File Downloaded !
[2025-01-15T04:48:44.512+0000] {logging_mixin.py:190} INFO - [%] Downloading Image #18 from http://wholefedhomestead.com/wp-content/uploads/2014/02/Black-Cherry-Tomatoes.jpg
[2025-01-15T04:48:48.060+0000] {logging_mixin.py:190} INFO - [%] File Downloaded !
[2025-01-15T04:48:48.061+0000] {logging_mixin.py:190} INFO - [%] Downloading Image #19 from https://www.allotment-garden.org/wp-content/uploads/2016/04/Black-Opal-Tomatoes.jpg
[2025-01-15T04:48:51.735+0000] {logging_mixin.py:190} INFO - [%] File Downloaded !
[2025-01-15T04:48:51.736+0000] {logging_mixin.py:190} INFO - [%] Downloading Image #20 from https://kitchengardenbykatie.com/wp-content/uploads/2021/12/Heritage-Tomato-Varieties-scaled.jpg
[2025-01-15T04:48:53.343+0000] {logging_mixin.py:190} INFO - [!] Issue getting: https://kitchengardenbykatie.com/wp-content/uploads/2021/12/Heritage-Tomato-Varieties-scaled.jpg
[!] Error:: Remote end closed connection without response
[2025-01-15T04:48:53.344+0000] {logging_mixin.py:190} INFO - [%] Downloading Image #20 from https://i.pinimg.com/originals/0f/1c/a4/0f1ca4fbfbc364d84e91d51d34acf413.jpg
[2025-01-15T04:48:53.840+0000] {logging_mixin.py:190} INFO - [%] File Downloaded !
[2025-01-15T04:48:53.840+0000] {logging_mixin.py:190} INFO - [%] Downloading Image #21 from https://www.tomatobible.com/wp-content/uploads/2021/04/heirloom-tomato-variety.jpg
[2025-01-15T04:48:54.768+0000] {logging_mixin.py:190} INFO - [%] File Downloaded !
[2025-01-15T04:48:54.769+0000] {logging_mixin.py:190} INFO - [%] Downloading Image #22 from https://www.researchgate.net/publication/352501001/figure/fig1/AS:1038265649987584@1624553229153/Representative-fruits-of-the-10-varieties-of-pepper-P-codes-tomato-T-codes-and.png
[2025-01-15T04:48:54.955+0000] {logging_mixin.py:190} INFO - [!] Issue getting: https://www.researchgate.net/publication/352501001/figure/fig1/AS:1038265649987584@1624553229153/Representative-fruits-of-the-10-varieties-of-pepper-P-codes-tomato-T-codes-and.png
[!] Error:: HTTP Error 403: Forbidden
[2025-01-15T04:48:54.956+0000] {logging_mixin.py:190} INFO - [%] Downloading Image #22 from https://i.pinimg.com/736x/3a/d9/fd/3ad9fdc578374ac9b4d72278bbfa4d65.jpg
[2025-01-15T04:48:55.067+0000] {logging_mixin.py:190} INFO - [%] File Downloaded !
[2025-01-15T04:48:55.068+0000] {logging_mixin.py:190} INFO - [%] Downloading Image #23 from https://gardenerspath.com/wp-content/uploads/2019/12/Top-Tomato-Hybrids.jpg
[2025-01-15T04:48:55.403+0000] {logging_mixin.py:190} INFO - [%] File Downloaded !
[2025-01-15T04:48:55.403+0000] {logging_mixin.py:190} INFO - [%] Downloading Image #24 from https://i.pinimg.com/originals/3c/ae/55/3cae55ac3906bdca1830d26ba8a361df.jpg
[2025-01-15T04:48:55.789+0000] {logging_mixin.py:190} INFO - [%] File Downloaded !
[2025-01-15T04:48:55.790+0000] {logging_mixin.py:190} INFO - [%] Downloading Image #25 from https://www.kroger.com/content/v2/binary/image/blog/food/types-of-tomatoes-guide/imageset_types-of-tomatoes_03-02--640-x-1630_tomatoes_info-graphic_02-16_52.png
[2025-01-15T04:48:56.751+0000] {logging_mixin.py:190} INFO - [!] Issue getting: https://www.kroger.com/content/v2/binary/image/blog/food/types-of-tomatoes-guide/imageset_types-of-tomatoes_03-02--640-x-1630_tomatoes_info-graphic_02-16_52.png
[!] Error:: HTTP Error 403: Forbidden
[2025-01-15T04:48:56.752+0000] {logging_mixin.py:190} INFO - [%] Downloading Image #25 from https://i.pinimg.com/originals/a4/6a/2d/a46a2da475dcffbcebc0b4b3c18af10b.jpg
[2025-01-15T04:48:57.004+0000] {logging_mixin.py:190} INFO - [%] File Downloaded !
[2025-01-15T04:48:57.005+0000] {logging_mixin.py:190} INFO - [%] Downloading Image #26 from http://media-cache-ak0.pinimg.com/736x/e0/31/0e/e0310ef03045cd0c2a65b934bb7f66a9.jpg
[2025-01-15T04:48:58.890+0000] {logging_mixin.py:190} INFO - [%] File Downloaded !
[2025-01-15T04:48:58.891+0000] {logging_mixin.py:190} INFO - [%] Downloading Image #27 from https://modernfrontierswoman.com/wp-content/uploads/2018/04/Tomato-Growing-Tips.jpg
[2025-01-15T04:48:59.505+0000] {logging_mixin.py:190} INFO - [%] File Downloaded !
[2025-01-15T04:48:59.506+0000] {logging_mixin.py:190} INFO - [%] Downloading Image #28 from https://simplifylivelove.com/wp-content/uploads/2020/08/tomato-growing-tips-1.jpg
[2025-01-15T04:49:01.327+0000] {logging_mixin.py:190} INFO - [%] File Downloaded !
[2025-01-15T04:49:01.328+0000] {logging_mixin.py:190} INFO - [%] Downloading Image #29 from https://imaginacres.com/wp-content/uploads/2014/04/10-Tomato-Growing-Tips-Pinsm-1.jpg
[2025-01-15T04:49:03.407+0000] {logging_mixin.py:190} INFO - [%] File Downloaded !
[2025-01-15T04:49:03.408+0000] {logging_mixin.py:190} INFO - [%] Downloading Image #30 from https://simplifylivelove.com/wp-content/uploads/2020/08/19-best-tips-for-growing-tomatoes.jpg
[2025-01-15T04:49:05.330+0000] {logging_mixin.py:190} INFO - [%] File Downloaded !
[2025-01-15T04:49:05.331+0000] {logging_mixin.py:190} INFO - [%] Downloading Image #31 from https://simplifylivelove.com/wp-content/uploads/2023/02/19-Best-Tips-for-Growing-Tomatoes.jpg
[2025-01-15T04:49:06.750+0000] {logging_mixin.py:190} INFO - [%] File Downloaded !
[2025-01-15T04:49:06.750+0000] {logging_mixin.py:190} INFO - [%] Downloading Image #32 from https://www.thespruce.com/thmb/TMRYcJe21L7W5Rn2R8jDqIfVSCk=/5750x3829/filters:fill(auto,1)/top-tomato-growing-tips-1402587-11-c6d6161716fd448fbca41715bbffb1d9.jpg
[2025-01-15T04:49:07.283+0000] {logging_mixin.py:190} INFO - [%] File Downloaded !
[2025-01-15T04:49:07.283+0000] {logging_mixin.py:190} INFO - [%] Downloading Image #33 from https://petergreenfield.com/wp-content/uploads/2021/06/tomato-growing-tips-for-beginners-1024x576.png
[2025-01-15T04:49:09.439+0000] {logging_mixin.py:190} INFO - [%] File Downloaded !
[2025-01-15T04:49:09.440+0000] {logging_mixin.py:190} INFO - [%] Downloading Image #34 from https://www.thespruce.com/thmb/r2nrI4RmUzgalSX-zc2DFaXFMPU=/4700x3134/filters:no_upscale():max_bytes(150000):strip_icc()/top-tomato-growing-tips-1402587-01-a44a63731ea846c29dff2fa6a722fae5.jpg
[2025-01-15T04:49:10.118+0000] {logging_mixin.py:190} INFO - [%] File Downloaded !
[2025-01-15T04:49:10.119+0000] {logging_mixin.py:190} INFO - [%] Downloading Image #35 from https://blog.trekaroo.com/wp-content/uploads/2020/03/tomato-planting-tips-by-sharlene-earnshaw.jpg
[2025-01-15T04:49:11.509+0000] {logging_mixin.py:190} INFO - [%] File Downloaded !
[2025-01-15T04:49:11.510+0000] {logging_mixin.py:190} INFO - [%] Downloading Image #36 from https://www.thespruce.com/thmb/eQHG40jdBkK7Jv6gvokjdenCzLw=/960x0/filters:no_upscale():max_bytes(150000):strip_icc()/top-tomato-growing-tips-1402587-v4-5b4de02ac9e77c003ebbd6f7.png
[2025-01-15T04:49:11.985+0000] {logging_mixin.py:190} INFO - [%] File Downloaded !
[2025-01-15T04:49:11.986+0000] {logging_mixin.py:190} INFO - [%] Downloading Image #37 from https://www.thespruce.com/thmb/J91toAgjBJ_p4lonWjxDl3Rc3dY=/1600x1075/filters:no_upscale():max_bytes(150000):strip_icc()/Tomato-Seedlings_edited-1-57a0d1655f9b589aa9cba9ab.jpg
[2025-01-15T04:49:12.477+0000] {logging_mixin.py:190} INFO - [%] File Downloaded !
[2025-01-15T04:49:12.478+0000] {logging_mixin.py:190} INFO - [%] Downloading Image #38 from https://blog.trekaroo.com/wp-content/uploads/2020/03/Tomato-growing-tips-seedling-by-flickr-ged.jpg
[2025-01-15T04:49:13.815+0000] {logging_mixin.py:190} INFO - [%] File Downloaded !
[2025-01-15T04:49:13.816+0000] {logging_mixin.py:190} INFO - [%] Downloading Image #39 from https://gracegritsgarden.com/wp-content/uploads/2020/05/tomato-growing-tips.png
[2025-01-15T04:49:14.607+0000] {logging_mixin.py:190} INFO - [%] File Downloaded !
[2025-01-15T04:49:14.608+0000] {logging_mixin.py:190} INFO - [%] Downloading Image #40 from https://plantinstructions.com/wp-content/uploads/2017/08/Tomato-Growing-Tips.jpg
[2025-01-15T04:49:14.801+0000] {logging_mixin.py:190} INFO - [!] Issue getting: https://plantinstructions.com/wp-content/uploads/2017/08/Tomato-Growing-Tips.jpg
[!] Error:: <urlopen error [SSL: UNEXPECTED_EOF_WHILE_READING] EOF occurred in violation of protocol (_ssl.c:1000)>
[2025-01-15T04:49:14.802+0000] {logging_mixin.py:190} INFO - [%] Downloading Image #40 from https://theplantguide.net/wp-content/uploads/2017/10/Untitled.png
[2025-01-15T04:49:17.586+0000] {logging_mixin.py:190} INFO - [%] File Downloaded !
[2025-01-15T04:49:17.587+0000] {logging_mixin.py:190} INFO - [%] Downloading Image #41 from https://i.pinimg.com/originals/8c/d4/9b/8cd49b36640bc2d2097ea59988d606ab.jpg
[2025-01-15T04:49:18.088+0000] {logging_mixin.py:190} INFO - [%] File Downloaded !
[2025-01-15T04:49:18.088+0000] {logging_mixin.py:190} INFO - [%] Downloading Image #42 from https://momfoodie.com/wp-content/uploads/Tips-for-Growing-Tomatoes-1.webp
[2025-01-15T04:49:20.320+0000] {logging_mixin.py:190} INFO - [%] File Downloaded !
[2025-01-15T04:49:20.320+0000] {logging_mixin.py:190} INFO - [%] Downloading Image #43 from https://i.pinimg.com/originals/7f/94/ee/7f94ee5362c1c43d398c647981e320df.jpg
[2025-01-15T04:49:20.868+0000] {logging_mixin.py:190} INFO - [%] File Downloaded !
[2025-01-15T04:49:20.869+0000] {logging_mixin.py:190} INFO - [%] Downloading Image #44 from https://balconygardenweb.b-cdn.net/wp-content/uploads/2017/07/1.-Choose-an-ideal-location1.jpg
[2025-01-15T04:49:24.485+0000] {logging_mixin.py:190} INFO - [%] File Downloaded !
[2025-01-15T04:49:24.486+0000] {logging_mixin.py:190} INFO - [%] Downloading Image #45 from https://www.thespruce.com/thmb/bVnhYJgAMfZ3g3YEN4dIMNA_zos=/5600x3734/filters:no_upscale():max_bytes(150000):strip_icc()/tips-for-growing-tomatoes-in-containers-848216-01-bc0c62366c3b448f9b1f6cd0436a8270.jpg
[2025-01-15T04:49:25.887+0000] {logging_mixin.py:190} INFO - [%] File Downloaded !
[2025-01-15T04:49:25.888+0000] {logging_mixin.py:190} INFO - [%] Downloading Image #46 from https://cdn11.bigcommerce.com/s-jmzfi5zcr2/product_images/uploaded_images/cage-supporting-goodhearted-tomato-plant.jpg
[2025-01-15T04:49:26.914+0000] {logging_mixin.py:190} INFO - [%] File Downloaded !
[2025-01-15T04:49:26.915+0000] {logging_mixin.py:190} INFO - [%] Downloading Image #47 from https://minnetonkaorchards.com/wp-content/uploads/2022/06/Tomato-plant-520x347.jpg
[2025-01-15T04:49:27.331+0000] {logging_mixin.py:190} INFO - [%] File Downloaded !
[2025-01-15T04:49:27.332+0000] {logging_mixin.py:190} INFO - [%] Downloading Image #48 from https://cherryblossomlife.com/wp-content/uploads/2019/04/tomato-plant-care.jpg
[2025-01-15T04:49:31.885+0000] {logging_mixin.py:190} INFO - [%] File Downloaded !
[2025-01-15T04:49:31.886+0000] {logging_mixin.py:190} INFO - [%] Downloading Image #49 from http://growingtomatoes4you.com/wp-content/uploads/2011/12/Tomato-Plant-Care-01.jpg
[2025-01-15T04:49:32.331+0000] {logging_mixin.py:190} INFO - [!] Issue getting: http://growingtomatoes4you.com/wp-content/uploads/2011/12/Tomato-Plant-Care-01.jpg
[!] Error:: Remote end closed connection without response
[2025-01-15T04:49:32.333+0000] {logging_mixin.py:190} INFO - [%] Downloading Image #49 from http://cherryblossomlife.com/wp-content/uploads/2019/04/tomato-plant-care-1.jpg
[2025-01-15T04:49:35.471+0000] {logging_mixin.py:190} INFO - [%] File Downloaded !
[2025-01-15T04:49:35.472+0000] {logging_mixin.py:190} INFO - [%] Downloading Image #50 from https://grow.ifa.coop/hubfs/tomato-care-img3a.png
[2025-01-15T04:49:36.365+0000] {logging_mixin.py:190} INFO - [%] File Downloaded !
[2025-01-15T04:49:36.366+0000] {logging_mixin.py:190} INFO - [%] Downloading Image #51 from https://plantcaretoday.com/wp-content/uploads/8-tomato-growing-mistakes-pinterest-735-1120-01312018-min.jpg
[2025-01-15T04:49:36.628+0000] {logging_mixin.py:190} INFO - [%] File Downloaded !
[2025-01-15T04:49:36.629+0000] {logging_mixin.py:190} INFO - [%] Downloading Image #52 from https://growingtomatoes4you.com/wp-content/uploads/2011/12/growing-tomatoes-1.jpg
[2025-01-15T04:49:37.400+0000] {logging_mixin.py:190} INFO - [!] Issue getting: https://growingtomatoes4you.com/wp-content/uploads/2011/12/growing-tomatoes-1.jpg
[!] Error:: Remote end closed connection without response
[2025-01-15T04:49:37.400+0000] {logging_mixin.py:190} INFO - [%] Downloading Image #52 from https://cdn.images.express.co.uk/img/dynamic/13/1200x712/4756187.jpg?r=1684257293110
[2025-01-15T04:49:38.322+0000] {logging_mixin.py:190} INFO - [%] File Downloaded !
[2025-01-15T04:49:38.323+0000] {logging_mixin.py:190} INFO - [%] Downloading Image #53 from https://lh3.googleusercontent.com/-L6O7vJkqOOU/X9JLXKD6bPI/AAAAAAAACp8/I5MKqlHobtUgqclfrYgJj-joMQx1cJyxgCNcBGAsYHQ/w1684-h1069-p-k-no-nu/1607660454606226-0.png
[2025-01-15T04:49:38.869+0000] {logging_mixin.py:190} INFO - [%] File Downloaded !
[2025-01-15T04:49:38.870+0000] {logging_mixin.py:190} INFO - [%] Downloading Image #54 from https://i.pinimg.com/originals/21/ef/55/21ef553eb93f2ba793991d4145b82cee.jpg
[2025-01-15T04:49:39.869+0000] {logging_mixin.py:190} INFO - [%] File Downloaded !
[2025-01-15T04:49:39.870+0000] {logging_mixin.py:190} INFO - [%] Downloading Image #55 from https://cdn.images.express.co.uk/img/dynamic/13/590x/secondary/how-to-care-for-tomato-plant-3101357.jpg?r=1624544792894
[2025-01-15T04:49:40.728+0000] {logging_mixin.py:190} INFO - [%] File Downloaded !
[2025-01-15T04:49:40.728+0000] {logging_mixin.py:190} INFO - [%] Downloading Image #56 from http://s3.amazonaws.com/photography.prod.demandstudios.com/1567bbae-342b-482f-9f6e-d4788b0b0d84.jpg
[2025-01-15T04:49:46.562+0000] {logging_mixin.py:190} INFO - [%] File Downloaded !
[2025-01-15T04:49:46.562+0000] {logging_mixin.py:190} INFO - [%] Downloading Image #57 from https://c8.alamy.com/comp/2N56NNM/life-cycle-of-a-tomato-plant-diagram-illustration-2N56NNM.jpg
[2025-01-15T04:49:46.897+0000] {logging_mixin.py:190} INFO - [%] File Downloaded !
[2025-01-15T04:49:46.898+0000] {logging_mixin.py:190} INFO - [%] Downloading Image #58 from https://img.hunkercdn.com/640/photos.demandstudios.com/getty/article/181/88/470660733.jpg
[2025-01-15T04:49:47.604+0000] {logging_mixin.py:190} INFO - [%] File Downloaded !
[2025-01-15T04:49:47.605+0000] {logging_mixin.py:190} INFO - [%] Downloading Image #59 from https://plantcaretoday.com/wp-content/uploads/tomato-planting-10-rules-pinterest-735-1470-min.jpg
[2025-01-15T04:49:47.801+0000] {logging_mixin.py:190} INFO - [%] File Downloaded !
[2025-01-15T04:49:47.802+0000] {logging_mixin.py:190} INFO - [%] Downloading Image #60 from https://hort.extension.wisc.edu/files/2021/07/tomato-prune-1.png
[2025-01-15T04:49:52.800+0000] {logging_mixin.py:190} INFO - [%] File Downloaded !
[2025-01-15T04:49:52.801+0000] {logging_mixin.py:190} INFO - [%] Downloading Image #61 from https://cdn.shopify.com/s/files/1/1637/1845/files/Untitled_design_2_2b2910ef-ec92-4cab-8a24-b429ac9a4083.png?v=1624672830
[2025-01-15T04:49:53.205+0000] {logging_mixin.py:190} INFO - [%] File Downloaded !
[2025-01-15T04:49:53.210+0000] {logging_mixin.py:190} INFO - [%] Downloading Image #62 from https://i0.wp.com/plantora.app/blog/wp-content/uploads/2023/08/Tomato-Plants.jpg?w=813&amp;ssl=1
[2025-01-15T04:49:53.435+0000] {logging_mixin.py:190} INFO - [!] Issue getting: https://i0.wp.com/plantora.app/blog/wp-content/uploads/2023/08/Tomato-Plants.jpg?w=813&amp;ssl=1
[!] Error:: HTTP Error 404: Not Found
[2025-01-15T04:49:53.436+0000] {logging_mixin.py:190} INFO - [%] Downloading Image #62 from https://i2.wp.com/agnetwest.com/wp-content/uploads/2019/12/tomato-plant-pruning.shutterstock_211577689-scaled.jpg?fit=2560%2C1707
[2025-01-15T04:49:53.635+0000] {logging_mixin.py:190} INFO - [!] Issue getting: https://i2.wp.com/agnetwest.com/wp-content/uploads/2019/12/tomato-plant-pruning.shutterstock_211577689-scaled.jpg?fit=2560%2C1707
[!] Error:: HTTP Error 404: Not Found
[2025-01-15T04:49:53.636+0000] {logging_mixin.py:190} INFO - [%] Downloading Image #62 from https://minnetonkaorchards.com/wp-content/uploads/2022/08/BFS-1080x720.jpg
[2025-01-15T04:49:53.981+0000] {logging_mixin.py:190} INFO - [%] File Downloaded !
[2025-01-15T04:49:53.982+0000] {logging_mixin.py:190} INFO - [%] Downloading Image #63 from https://clipart-library.com/8300/1931/tomato-plant-with-fruit-isolated_1639-44286.jpg
[2025-01-15T04:49:55.637+0000] {logging_mixin.py:190} INFO - [%] File Downloaded !
[2025-01-15T04:49:55.638+0000] {logging_mixin.py:190} INFO - [%] Downloading Image #64 from https://familystylefood.com/wp-content/uploads/2022/09/Homemade-Tomato-Paste.jpg
[2025-01-15T04:49:56.109+0000] {logging_mixin.py:190} INFO - [%] File Downloaded !
[2025-01-15T04:49:56.110+0000] {logging_mixin.py:190} INFO - [%] Downloading Image #65 from https://www.southernliving.com/thmb/LrI8jw46B1jq1AThPtJmoC-IcEU=/1500x0/filters:no_upscale():max_bytes(150000):strip_icc()/GettyImages-1368056090-f196e8f115434b14a726b350b0f773df.jpg
[2025-01-15T04:49:56.635+0000] {logging_mixin.py:190} INFO - [%] File Downloaded !
[2025-01-15T04:49:56.636+0000] {logging_mixin.py:190} INFO - [%] Downloading Image #66 from https://homesteadandchill.com/wp-content/uploads/2022/09/how-to-make-tomato-powder-dry-tomato-paste-feature.jpg
[2025-01-15T04:49:56.976+0000] {logging_mixin.py:190} INFO - [%] File Downloaded !
[2025-01-15T04:49:56.977+0000] {logging_mixin.py:190} INFO - [%] Downloading Image #67 from https://www.byrdie.com/thmb/kD6agAHbHCD9hHmaC-t8jolxtko=/1500x0/filters:no_upscale():max_bytes(150000):strip_icc()/Byr_TomatoGirl_LeadRecirc-3f22a1e1ce9b428f9f424e9001ff3365.jpg
[2025-01-15T04:49:57.567+0000] {logging_mixin.py:190} INFO - [%] File Downloaded !
[2025-01-15T04:49:57.568+0000] {logging_mixin.py:190} INFO - [%] Downloading Image #68 from https://www.evolvingtable.com/wp-content/uploads/2022/07/How-to-dice-a-tomato-11.jpg
[2025-01-15T04:49:58.029+0000] {logging_mixin.py:190} INFO - [!] Issue getting: https://www.evolvingtable.com/wp-content/uploads/2022/07/How-to-dice-a-tomato-11.jpg
[!] Error:: HTTP Error 403: Forbidden
[2025-01-15T04:49:58.030+0000] {logging_mixin.py:190} INFO - [%] Downloading Image #68 from https://www.thespruce.com/thmb/vsi1K2MhRVqbZm2jj4HvQo9FP7I=/2124x0/filters:no_upscale():max_bytes(150000):strip_icc()/GettyImages-157375722-d20e3642296142e3a9616fec415bf932.jpg
[2025-01-15T04:49:58.313+0000] {logging_mixin.py:190} INFO - [%] File Downloaded !
[2025-01-15T04:49:58.314+0000] {logging_mixin.py:190} INFO - [%] Downloading Image #69 from https://static.vecteezy.com/system/resources/previews/014/455/767/original/hand-drawn-style-drawing-tomato-png.png
[2025-01-15T04:49:58.517+0000] {logging_mixin.py:190} INFO - [%] File Downloaded !
[2025-01-15T04:49:58.518+0000] {logging_mixin.py:190} INFO - [%] Downloading Image #70 from https://cdn2.vectorstock.com/i/1000x1000/82/96/clipart-tomato-vector-44498296.jpg
[2025-01-15T04:49:58.815+0000] {logging_mixin.py:190} INFO - [%] File Downloaded !
[2025-01-15T04:49:58.816+0000] {logging_mixin.py:190} INFO - [%] Downloading Image #71 from https://static.vecteezy.com/system/resources/previews/013/632/742/original/red-tomato-clip-art-isolated-on-white-background-tomatos-cartoon-infographics-illustration-cartoon-tomato-simple-flat-cute-tomato-for-kindergarten-child-learning-tomato-for-flash-card-of-kids-vector.jpg
[2025-01-15T04:49:59.014+0000] {logging_mixin.py:190} INFO - [%] File Downloaded !
[2025-01-15T04:49:59.014+0000] {logging_mixin.py:190} INFO - [%] Downloading Image #72 from https://jakemp.com/wp-content/uploads/JIC-purple-tomato-4_DSC6194-scaled.jpg
[2025-01-15T04:50:01.304+0000] {logging_mixin.py:190} INFO - [%] File Downloaded !
[2025-01-15T04:50:01.305+0000] {logging_mixin.py:190} INFO - [%] Downloading Image #73 from https://www.thedailymeal.com/img/gallery/11-italian-tomato-varieties-to-get-to-know/l-intro-1686850536.jpg
[2025-01-15T04:50:03.269+0000] {logging_mixin.py:190} INFO - [%] File Downloaded !
[2025-01-15T04:50:03.269+0000] {logging_mixin.py:190} INFO - [%] Downloading Image #74 from https://1.bp.blogspot.com/-6yMwvzmhEWI/X3ymOQd-n_I/AAAAAAACAnA/tJJtTSgDAcUOvcDS9BtSwlUYUvBMJ5QegCLcBGAsYHQ/s2643/tomatoes%2B%25289%2529.jpg
[2025-01-15T04:50:04.702+0000] {logging_mixin.py:190} INFO - [%] File Downloaded !
[2025-01-15T04:50:04.702+0000] {logging_mixin.py:190} INFO - [%] Downloading Image #75 from http://cdn.shopify.com/s/files/1/0620/2749/7724/products/tomato-supersweet-100-noa-1.jpg?v=1678729200
[2025-01-15T04:50:05.092+0000] {logging_mixin.py:190} INFO - [%] File Downloaded !
[2025-01-15T04:50:05.093+0000] {logging_mixin.py:190} INFO - [%] Downloading Image #76 from http://upload.wikimedia.org/wikipedia/commons/e/e2/Tomato_Juice.jpg
[2025-01-15T04:50:05.520+0000] {logging_mixin.py:190} INFO - [%] File Downloaded !
[2025-01-15T04:50:05.521+0000] {logging_mixin.py:190} INFO - [%] Downloading Image #77 from http://thisismygarden.com/wp-content/uploads/2023/06/remove-tomato-suckers.jpg
[2025-01-15T04:50:07.619+0000] {logging_mixin.py:190} INFO - [%] File Downloaded !
[2025-01-15T04:50:07.620+0000] {logging_mixin.py:190} INFO - [%] Downloading Image #78 from https://static.vecteezy.com/system/resources/previews/019/155/842/original/life-cycle-of-tomato-plant-stages-of-growth-of-tomato-from-seedling-sprout-to-mature-red-fruits-in-flower-pot-cherry-tomato-growing-stage-illustration-on-white-background-vector.jpg
[2025-01-15T04:50:07.861+0000] {logging_mixin.py:190} INFO - [%] File Downloaded !
[2025-01-15T04:50:07.862+0000] {logging_mixin.py:190} INFO - [%] Downloading Image #79 from https://gachwala.in/wp-content/uploads/2022/07/71zM7n-51kL._SX569_.jpg
[2025-01-15T04:50:09.263+0000] {logging_mixin.py:190} INFO - [%] File Downloaded !
[2025-01-15T04:50:09.264+0000] {logging_mixin.py:190} INFO - [%] Downloading Image #80 from https://www.farmersalmanac.com/wp-content/uploads/2021/01/heirloom-tomatoes-colorful_121470119.jpeg
[2025-01-15T04:50:09.677+0000] {logging_mixin.py:190} INFO - [%] File Downloaded !
[2025-01-15T04:50:09.677+0000] {logging_mixin.py:190} INFO - [%] Downloading Image #81 from https://static.vecteezy.com/system/resources/previews/022/777/312/original/tomato-icon-clipart-vegetable-illustration-vector.jpg
[2025-01-15T04:50:09.907+0000] {logging_mixin.py:190} INFO - [%] File Downloaded !
[2025-01-15T04:50:09.907+0000] {logging_mixin.py:190} INFO - [%] Downloading Image #82 from http://upload.wikimedia.org/wikipedia/commons/8/89/Tomato_je.jpg
[2025-01-15T04:50:10.270+0000] {logging_mixin.py:190} INFO - [%] File Downloaded !
[2025-01-15T04:50:10.271+0000] {logging_mixin.py:190} INFO - [%] Downloading Image #83 from https://agrilifetoday.tamu.edu/wp-content/uploads/2023/03/20210604_The_Gardens_LM_0082.jpg
[2025-01-15T04:50:11.405+0000] {logging_mixin.py:190} INFO - [%] File Downloaded !
[2025-01-15T04:50:11.406+0000] {logging_mixin.py:190} INFO - [%] Downloading Image #84 from https://www.liveeatlearn.com/wp-content/uploads/2023/03/How-to-Cut-Tomatoes-03.jpg
[2025-01-15T04:50:12.182+0000] {logging_mixin.py:190} INFO - [Error]Invalid image, not saving https://www.liveeatlearn.com/wp-content/uploads/2023/03/How-to-Cut-Tomatoes-03.jpg
[2025-01-15T04:50:12.183+0000] {logging_mixin.py:190} INFO - [!] Issue getting: https://www.liveeatlearn.com/wp-content/uploads/2023/03/How-to-Cut-Tomatoes-03.jpg
[!] Error:: Invalid image, not saving https://www.liveeatlearn.com/wp-content/uploads/2023/03/How-to-Cut-Tomatoes-03.jpg
[2025-01-15T04:50:12.184+0000] {logging_mixin.py:190} INFO - [%] Downloading Image #84 from https://www.wholesomeyum.com/wp-content/uploads/2023/03/wholesomeyum-Cucumber-Tomato-Salad-11.jpg
[2025-01-15T04:50:13.092+0000] {logging_mixin.py:190} INFO - [%] File Downloaded !
[2025-01-15T04:50:13.093+0000] {logging_mixin.py:190} INFO - 

[!!]Indexing page: 2
[2025-01-15T04:50:13.592+0000] {logging_mixin.py:190} INFO - [%] Indexed 95 Images on Page 2.
[2025-01-15T04:50:13.592+0000] {logging_mixin.py:190} INFO - 
===============================================
[2025-01-15T04:50:13.593+0000] {logging_mixin.py:190} INFO - 

[!!]Indexing page: 3
[2025-01-15T04:50:14.119+0000] {logging_mixin.py:190} INFO - [%] Indexed 35 Images on Page 3.
[2025-01-15T04:50:14.120+0000] {logging_mixin.py:190} INFO - 
===============================================
[2025-01-15T04:50:14.121+0000] {logging_mixin.py:190} INFO - [%] Downloading Image #85 from https://thecoconutmama.com/wp-content/uploads/2023/01/Tomato-Fruit-Vegetable-Both-Shutterstock_1620914383-1-scaled.webp
[2025-01-15T04:50:14.541+0000] {logging_mixin.py:190} INFO - [%] File Downloaded !
[2025-01-15T04:50:14.542+0000] {logging_mixin.py:190} INFO - 

[!!]Indexing page: 4
[2025-01-15T04:50:14.983+0000] {logging_mixin.py:190} INFO - [%] Indexed 35 Images on Page 4.
[2025-01-15T04:50:14.984+0000] {logging_mixin.py:190} INFO - 
===============================================
[2025-01-15T04:50:14.984+0000] {logging_mixin.py:190} INFO - [%] Downloading Image #86 from https://static.vecteezy.com/system/resources/previews/012/038/010/original/doodle-outline-freehand-sketch-drawing-of-tomato-vegetable-free-png.png
[2025-01-15T04:50:15.219+0000] {logging_mixin.py:190} INFO - [%] File Downloaded !
[2025-01-15T04:50:15.220+0000] {logging_mixin.py:190} INFO - 

[!!]Indexing page: 5
[2025-01-15T04:50:15.650+0000] {logging_mixin.py:190} INFO - [%] Indexed 35 Images on Page 5.
[2025-01-15T04:50:15.651+0000] {logging_mixin.py:190} INFO - 
===============================================
[2025-01-15T04:50:15.651+0000] {logging_mixin.py:190} INFO - [%] Downloading Image #87 from https://www.bhg.com/thmb/qmOLEStjyBopezBESkXBZL9n_dQ=/1999x1333/filters:fill(auto,1)/overhead-sliced-tomatoes-with-seeds-horizontal-acf8e6ccd55a4c5aa2bc17ff19553a79.jpg
[2025-01-15T04:50:16.184+0000] {logging_mixin.py:190} INFO - [%] File Downloaded !
[2025-01-15T04:50:16.185+0000] {logging_mixin.py:190} INFO - 

[!!]Indexing page: 6
[2025-01-15T04:50:16.527+0000] {logging_mixin.py:190} INFO - [%] Indexed 35 Images on Page 6.
[2025-01-15T04:50:16.527+0000] {logging_mixin.py:190} INFO - 
===============================================
[2025-01-15T04:50:16.528+0000] {logging_mixin.py:190} INFO - [%] Downloading Image #88 from https://static.vecteezy.com/system/resources/previews/019/862/489/original/tomato-icon-clipart-vegetable-illustration-vector.jpg
[2025-01-15T04:50:16.751+0000] {logging_mixin.py:190} INFO - [%] File Downloaded !
[2025-01-15T04:50:16.752+0000] {logging_mixin.py:190} INFO - 

[!!]Indexing page: 7
[2025-01-15T04:50:17.031+0000] {logging_mixin.py:190} INFO - [%] Indexed 35 Images on Page 7.
[2025-01-15T04:50:17.031+0000] {logging_mixin.py:190} INFO - 
===============================================
[2025-01-15T04:50:17.032+0000] {logging_mixin.py:190} INFO - [%] Downloading Image #89 from https://harvestfarmofwhately.com/wp-content/uploads/2020/01/Tomato-Seedling-scaled.jpeg
[2025-01-15T04:50:17.411+0000] {logging_mixin.py:190} INFO - [%] File Downloaded !
[2025-01-15T04:50:17.412+0000] {logging_mixin.py:190} INFO - 

[!!]Indexing page: 8
[2025-01-15T04:50:17.779+0000] {logging_mixin.py:190} INFO - [%] Indexed 35 Images on Page 8.
[2025-01-15T04:50:17.780+0000] {logging_mixin.py:190} INFO - 
===============================================
[2025-01-15T04:50:17.780+0000] {logging_mixin.py:190} INFO - [%] Downloading Image #90 from https://openclipart.org/image/2400px/svg_to_png/262421/Tomato-by-Rones.png
[2025-01-15T04:50:20.353+0000] {logging_mixin.py:190} INFO - [%] File Downloaded !
[2025-01-15T04:50:20.354+0000] {logging_mixin.py:190} INFO - [%] Downloading Image #91 from http://upload.wikimedia.org/wikipedia/commons/6/6c/Tomato-global.png
[2025-01-15T04:50:20.763+0000] {logging_mixin.py:190} INFO - [%] File Downloaded !
[2025-01-15T04:50:20.764+0000] {logging_mixin.py:190} INFO - [%] Downloading Image #92 from https://img.freepik.com/premium-vector/tomato-plant-with-fruit-isolated_1639-44286.jpg?w=2000
[2025-01-15T04:50:21.053+0000] {logging_mixin.py:190} INFO - [%] File Downloaded !
[2025-01-15T04:50:21.054+0000] {logging_mixin.py:190} INFO - [%] Downloading Image #93 from https://static.vecteezy.com/system/resources/previews/024/672/692/original/tomato-slice-icon-clipart-vegetable-illustration-vector.jpg
[2025-01-15T04:50:21.322+0000] {logging_mixin.py:190} INFO - [%] File Downloaded !
[2025-01-15T04:50:21.323+0000] {logging_mixin.py:190} INFO - 

[!!]Indexing page: 9
[2025-01-15T04:50:21.659+0000] {logging_mixin.py:190} INFO - [%] Indexed 35 Images on Page 9.
[2025-01-15T04:50:21.659+0000] {logging_mixin.py:190} INFO - 
===============================================
[2025-01-15T04:50:21.660+0000] {logging_mixin.py:190} INFO - 

[!!]Indexing page: 10
[2025-01-15T04:50:22.034+0000] {logging_mixin.py:190} INFO - [%] Indexed 35 Images on Page 10.
[2025-01-15T04:50:22.035+0000] {logging_mixin.py:190} INFO - 
===============================================
[2025-01-15T04:50:22.036+0000] {logging_mixin.py:190} INFO - [%] Downloading Image #94 from https://st1.thehealthsite.com/wp-content/uploads/2022/08/tomato.jpg
[2025-01-15T04:50:24.231+0000] {logging_mixin.py:190} INFO - [%] File Downloaded !
[2025-01-15T04:50:24.233+0000] {logging_mixin.py:190} INFO - [%] Downloading Image #95 from https://static.vecteezy.com/system/resources/previews/014/828/381/original/illustration-of-cute-cartoon-vegetable-tomato-free-vector.jpg
[2025-01-15T04:50:24.432+0000] {logging_mixin.py:190} INFO - [%] File Downloaded !
[2025-01-15T04:50:24.432+0000] {logging_mixin.py:190} INFO - 

[!!]Indexing page: 11
[2025-01-15T04:50:24.834+0000] {logging_mixin.py:190} INFO - [%] Indexed 35 Images on Page 11.
[2025-01-15T04:50:24.835+0000] {logging_mixin.py:190} INFO - 
===============================================
[2025-01-15T04:50:24.835+0000] {logging_mixin.py:190} INFO - [%] Downloading Image #96 from https://gardenary-data.s3.amazonaws.com/og/8kxeRaMUD3Ywr07Nv71LHtfnLk3uz0WYD18ugbCi.jpg
[2025-01-15T04:50:31.287+0000] {logging_mixin.py:190} INFO - [%] File Downloaded !
[2025-01-15T04:50:31.288+0000] {logging_mixin.py:190} INFO - 

[!!]Indexing page: 12
[2025-01-15T04:50:31.607+0000] {logging_mixin.py:190} INFO - [%] Indexed 35 Images on Page 12.
[2025-01-15T04:50:31.607+0000] {logging_mixin.py:190} INFO - 
===============================================
[2025-01-15T04:50:31.608+0000] {logging_mixin.py:190} INFO - 

[!!]Indexing page: 13
[2025-01-15T04:50:32.074+0000] {logging_mixin.py:190} INFO - [%] Indexed 35 Images on Page 13.
[2025-01-15T04:50:32.076+0000] {logging_mixin.py:190} INFO - 
===============================================
[2025-01-15T04:50:32.077+0000] {logging_mixin.py:190} INFO - [%] Downloading Image #97 from https://www.savvyhousekeeping.com/wp-content/uploads/2014/01/tomato.jpg
[2025-01-15T04:50:33.866+0000] {logging_mixin.py:190} INFO - [%] File Downloaded !
[2025-01-15T04:50:33.866+0000] {logging_mixin.py:190} INFO - [%] Downloading Image #98 from https://thumbs.dreamstime.com/z/tomato-plant-green-leaf-yellow-flowers-ripe-red-tomatoes-root-system-tomato-plant-green-leaf-yellow-flowers-ripe-red-168034118.jpg
[2025-01-15T04:50:34.653+0000] {logging_mixin.py:190} INFO - [%] File Downloaded !
[2025-01-15T04:50:34.653+0000] {logging_mixin.py:190} INFO - [%] Downloading Image #99 from https://wtop.com/wp-content/uploads/2015/05/tomato_ts.jpg
[2025-01-15T04:50:36.013+0000] {logging_mixin.py:190} INFO - [%] File Downloaded !
[2025-01-15T04:50:36.013+0000] {logging_mixin.py:190} INFO - [%] Downloading Image #100 from https://www.livemint.com/lm-img/img/2023/07/19/1600x900/Farm-workers-harvest-tomatoes-in-Karad--Maharashtr_1689697961597_1689746231371.jpg
[2025-01-15T04:50:36.787+0000] {logging_mixin.py:190} INFO - [%] File Downloaded !
[2025-01-15T04:50:36.788+0000] {logging_mixin.py:190} INFO - 

[%] Done. Downloaded 100 images.
[2025-01-15T04:50:36.788+0000] {craw_check_update.py:38} INFO - Ảnh đã được lưu trong thư mục: data_lake/tomato
[2025-01-15T04:50:36.789+0000] {python.py:240} INFO - Done. Returned value was: None
[2025-01-15T04:50:36.799+0000] {taskinstance.py:340} INFO - ::group::Post task execution logs
[2025-01-15T04:50:36.799+0000] {taskinstance.py:352} INFO - Marking task as SUCCESS. dag_id=tomato_pipeline, task_id=download_images, run_id=manual__2025-01-15T04:34:24.950427+00:00, execution_date=20250115T043424, start_date=20250115T044814, end_date=20250115T045036
[2025-01-15T04:50:36.811+0000] {logging_mixin.py:190} INFO - Task instance in success state
[2025-01-15T04:50:36.811+0000] {logging_mixin.py:190} INFO -  Previous state of the Task instance: running
[2025-01-15T04:50:36.812+0000] {logging_mixin.py:190} INFO - Dag name:tomato_pipeline queued_at:2025-01-15 04:48:12.666284+00:00
[2025-01-15T04:50:36.812+0000] {logging_mixin.py:190} INFO - Task hostname:03b22c562543 operator:PythonOperator
[2025-01-15T04:50:36.828+0000] {local_task_job_runner.py:266} INFO - Task exited with return code 0
[2025-01-15T04:50:36.852+0000] {taskinstance.py:3895} INFO - 1 downstream tasks scheduled from follow-on schedule check
[2025-01-15T04:50:36.854+0000] {local_task_job_runner.py:245} INFO - ::endgroup::
