[2025-01-15T04:50:38.499+0000] {local_task_job_runner.py:123} INFO - ::group::Pre task execution logs
[2025-01-15T04:50:38.517+0000] {taskinstance.py:2613} INFO - Dependencies all met for dep_context=non-requeueable deps ti=<TaskInstance: tomato_pipeline.process_images manual__2025-01-15T04:34:24.950427+00:00 [queued]>
[2025-01-15T04:50:38.526+0000] {taskinstance.py:2613} INFO - Dependencies all met for dep_context=requeueable deps ti=<TaskInstance: tomato_pipeline.process_images manual__2025-01-15T04:34:24.950427+00:00 [queued]>
[2025-01-15T04:50:38.527+0000] {taskinstance.py:2866} INFO - Starting attempt 2 of 3
[2025-01-15T04:50:38.542+0000] {taskinstance.py:2889} INFO - Executing <Task(PythonOperator): process_images> on 2025-01-15 04:34:24.950427+00:00
[2025-01-15T04:50:38.550+0000] {warnings.py:112} WARNING - /home/***/.local/lib/python3.12/site-packages/***/task/task_runner/standard_task_runner.py:70: DeprecationWarning: This process (pid=342) is multi-threaded, use of fork() may lead to deadlocks in the child.
  pid = os.fork()

[2025-01-15T04:50:38.552+0000] {standard_task_runner.py:72} INFO - Started process 344 to run task
[2025-01-15T04:50:38.553+0000] {standard_task_runner.py:104} INFO - Running: ['***', 'tasks', 'run', 'tomato_pipeline', 'process_images', 'manual__2025-01-15T04:34:24.950427+00:00', '--job-id', '16', '--raw', '--subdir', 'DAGS_FOLDER/craw_check_update.py', '--cfg-path', '/tmp/tmpjak8pm4w']
[2025-01-15T04:50:38.554+0000] {standard_task_runner.py:105} INFO - Job 16: Subtask process_images
[2025-01-15T04:50:38.602+0000] {task_command.py:467} INFO - Running <TaskInstance: tomato_pipeline.process_images manual__2025-01-15T04:34:24.950427+00:00 [running]> on host 03b22c562543
[2025-01-15T04:50:38.683+0000] {taskinstance.py:3132} INFO - Exporting env vars: AIRFLOW_CTX_DAG_OWNER='***' AIRFLOW_CTX_DAG_ID='tomato_pipeline' AIRFLOW_CTX_TASK_ID='process_images' AIRFLOW_CTX_EXECUTION_DATE='2025-01-15T04:34:24.950427+00:00' AIRFLOW_CTX_TRY_NUMBER='2' AIRFLOW_CTX_DAG_RUN_ID='manual__2025-01-15T04:34:24.950427+00:00'
[2025-01-15T04:50:38.684+0000] {logging_mixin.py:190} INFO - Task instance is in running state
[2025-01-15T04:50:38.685+0000] {logging_mixin.py:190} INFO -  Previous state of the Task instance: queued
[2025-01-15T04:50:38.685+0000] {logging_mixin.py:190} INFO - Current task name:process_images state:running start_date:2025-01-15 04:50:38.517558+00:00
[2025-01-15T04:50:38.686+0000] {logging_mixin.py:190} INFO - Dag name:tomato_pipeline and current dag run status:running
[2025-01-15T04:50:38.686+0000] {taskinstance.py:731} INFO - ::endgroup::
[2025-01-15T04:50:38.687+0000] {python.py:240} INFO - Done. Returned value was: None
[2025-01-15T04:50:38.698+0000] {taskinstance.py:340} INFO - ::group::Post task execution logs
[2025-01-15T04:50:38.698+0000] {taskinstance.py:352} INFO - Marking task as SUCCESS. dag_id=tomato_pipeline, task_id=process_images, run_id=manual__2025-01-15T04:34:24.950427+00:00, execution_date=20250115T043424, start_date=20250115T045038, end_date=20250115T045038
[2025-01-15T04:50:38.708+0000] {logging_mixin.py:190} INFO - Task instance in success state
[2025-01-15T04:50:38.708+0000] {logging_mixin.py:190} INFO -  Previous state of the Task instance: running
[2025-01-15T04:50:38.708+0000] {logging_mixin.py:190} INFO - Dag name:tomato_pipeline queued_at:2025-01-15 04:48:12.666284+00:00
[2025-01-15T04:50:38.708+0000] {logging_mixin.py:190} INFO - Task hostname:03b22c562543 operator:PythonOperator
[2025-01-15T04:50:38.737+0000] {local_task_job_runner.py:266} INFO - Task exited with return code 0
[2025-01-15T04:50:38.764+0000] {taskinstance.py:3895} INFO - 1 downstream tasks scheduled from follow-on schedule check
[2025-01-15T04:50:38.766+0000] {local_task_job_runner.py:245} INFO - ::endgroup::
