[2025-01-15T09:30:30.085+0000] {local_task_job_runner.py:123} INFO - ::group::Pre task execution logs
[2025-01-15T09:30:30.110+0000] {taskinstance.py:2613} INFO - Dependencies all met for dep_context=non-requeueable deps ti=<TaskInstance: tomato_pipeline.download_images scheduled__2025-01-15T08:00:00+00:00 [queued]>
[2025-01-15T09:30:30.123+0000] {taskinstance.py:2613} INFO - Dependencies all met for dep_context=requeueable deps ti=<TaskInstance: tomato_pipeline.download_images scheduled__2025-01-15T08:00:00+00:00 [queued]>
[2025-01-15T09:30:30.123+0000] {taskinstance.py:2866} INFO - Starting attempt 1 of 2
[2025-01-15T09:30:30.378+0000] {taskinstance.py:2889} INFO - Executing <Task(PythonOperator): download_images> on 2025-01-15 08:00:00+00:00
[2025-01-15T09:30:30.390+0000] {warnings.py:112} WARNING - /home/***/.local/lib/python3.12/site-packages/***/task/task_runner/standard_task_runner.py:70: DeprecationWarning: This process (pid=84) is multi-threaded, use of fork() may lead to deadlocks in the child.
  pid = os.fork()

[2025-01-15T09:30:30.392+0000] {standard_task_runner.py:72} INFO - Started process 89 to run task
[2025-01-15T09:30:30.393+0000] {standard_task_runner.py:104} INFO - Running: ['***', 'tasks', 'run', 'tomato_pipeline', 'download_images', 'scheduled__2025-01-15T08:00:00+00:00', '--job-id', '4', '--raw', '--subdir', 'DAGS_FOLDER/craw_check_update.py', '--cfg-path', '/tmp/tmptxdwc__8']
[2025-01-15T09:30:30.395+0000] {standard_task_runner.py:105} INFO - Job 4: Subtask download_images
[2025-01-15T09:30:31.440+0000] {task_command.py:467} INFO - Running <TaskInstance: tomato_pipeline.download_images scheduled__2025-01-15T08:00:00+00:00 [running]> on host 6e32fca90d5e
[2025-01-15T09:30:33.657+0000] {taskinstance.py:3132} INFO - Exporting env vars: AIRFLOW_CTX_DAG_OWNER='***' AIRFLOW_CTX_DAG_ID='tomato_pipeline' AIRFLOW_CTX_TASK_ID='download_images' AIRFLOW_CTX_EXECUTION_DATE='2025-01-15T08:00:00+00:00' AIRFLOW_CTX_TRY_NUMBER='1' AIRFLOW_CTX_DAG_RUN_ID='scheduled__2025-01-15T08:00:00+00:00'
[2025-01-15T09:30:33.659+0000] {logging_mixin.py:190} INFO - Task instance is in running state
[2025-01-15T09:30:33.660+0000] {logging_mixin.py:190} INFO -  Previous state of the Task instance: queued
[2025-01-15T09:30:33.661+0000] {logging_mixin.py:190} INFO - Current task name:download_images state:running start_date:2025-01-15 09:30:30.111089+00:00
[2025-01-15T09:30:33.662+0000] {logging_mixin.py:190} INFO - Dag name:tomato_pipeline and current dag run status:running
[2025-01-15T09:30:33.663+0000] {taskinstance.py:731} INFO - ::endgroup::
[2025-01-15T09:30:33.664+0000] {craw_check_update.py:29} INFO - Đang tải 100 ảnh từ Bing với từ khóa: tomato...
[2025-01-15T09:30:33.665+0000] {logging_mixin.py:190} INFO - [%] Downloading Images to /opt/***/data_lake/tomato
[2025-01-15T09:30:33.666+0000] {logging_mixin.py:190} INFO - 

[!!]Indexing page: 1
[2025-01-15T09:30:34.195+0000] {logging_mixin.py:190} INFO - [%] Indexed 95 Images on Page 1.
[2025-01-15T09:30:34.195+0000] {logging_mixin.py:190} INFO - 
===============================================
[2025-01-15T09:30:34.196+0000] {logging_mixin.py:190} INFO - [%] Downloading Image #1 from https://creativenativefoods.com.au/wp-content/uploads/2020/05/Bush-Tomato-Whole.jpg
[2025-01-15T09:30:36.008+0000] {logging_mixin.py:190} INFO - [%] File Downloaded !
[2025-01-15T09:30:36.010+0000] {logging_mixin.py:190} INFO - [%] Downloading Image #2 from http://feelgrafix.com/data_images/out/27/956610-tomato.jpg
[2025-01-15T09:30:37.126+0000] {logging_mixin.py:190} INFO - [!] Issue getting: http://feelgrafix.com/data_images/out/27/956610-tomato.jpg
[!] Error:: HTTP Error 404: Not Found
[2025-01-15T09:30:37.127+0000] {logging_mixin.py:190} INFO - [%] Downloading Image #2 from https://static.vecteezy.com/system/resources/previews/019/782/597/original/tomato-illustration-element-png.png
[2025-01-15T09:30:37.423+0000] {logging_mixin.py:190} INFO - [%] File Downloaded !
[2025-01-15T09:30:37.424+0000] {logging_mixin.py:190} INFO - [%] Downloading Image #3 from https://static.vecteezy.com/system/resources/previews/018/931/605/original/cartoon-tomato-icon-png.png
[2025-01-15T09:30:37.653+0000] {logging_mixin.py:190} INFO - [%] File Downloaded !
[2025-01-15T09:30:37.654+0000] {logging_mixin.py:190} INFO - [%] Downloading Image #4 from https://static.vecteezy.com/system/resources/previews/024/063/019/original/cartoon-tomato-outline-png.png
[2025-01-15T09:30:37.906+0000] {logging_mixin.py:190} INFO - [%] File Downloaded !
[2025-01-15T09:30:37.907+0000] {logging_mixin.py:190} INFO - [%] Downloading Image #5 from https://upload.wikimedia.org/wikipedia/commons/8/88/Bright_red_tomato_and_cross_section02.jpg
[2025-01-15T09:30:38.180+0000] {logging_mixin.py:190} INFO - [%] File Downloaded !
[2025-01-15T09:30:38.181+0000] {logging_mixin.py:190} INFO - [%] Downloading Image #6 from https://www.tokyoweekender.com/wp-content/uploads/2022/08/Tomato.jpg
[2025-01-15T09:30:38.700+0000] {logging_mixin.py:190} INFO - [%] File Downloaded !
[2025-01-15T09:30:38.701+0000] {logging_mixin.py:190} INFO - [%] Downloading Image #7 from https://cdn.mos.cms.futurecdn.net/tAVzvxkxYFCMTMu7EbqfXP.jpg
[2025-01-15T09:30:39.351+0000] {logging_mixin.py:190} INFO - [%] File Downloaded !
[2025-01-15T09:30:39.352+0000] {logging_mixin.py:190} INFO - [%] Downloading Image #8 from https://sporked.com/wp-content/uploads/2022/11/BEST_TOMATO_JUICE_HEADER.jpg
[2025-01-15T09:30:39.704+0000] {logging_mixin.py:190} INFO - [%] File Downloaded !
[2025-01-15T09:30:39.705+0000] {logging_mixin.py:190} INFO - [%] Downloading Image #9 from https://www.tastingtable.com/img/gallery/when-to-use-tomato-paste-vs-tomato-puree/l-intro-1668094714.jpg
[2025-01-15T09:30:40.022+0000] {logging_mixin.py:190} INFO - [%] File Downloaded !
[2025-01-15T09:30:40.022+0000] {logging_mixin.py:190} INFO - [%] Downloading Image #10 from https://www.tomatodirt.com/images/most-popular-tomato-varieties.png
[2025-01-15T09:30:40.786+0000] {logging_mixin.py:190} INFO - [%] File Downloaded !
[2025-01-15T09:30:40.787+0000] {logging_mixin.py:190} INFO - [%] Downloading Image #11 from https://images.squarespace-cdn.com/content/v1/5fc3c6fcec917750a3e9b173/1620164674322-I0R11ILE0SAO0CEJGWM0/tomatoes.jpg
[2025-01-15T09:30:41.257+0000] {logging_mixin.py:190} INFO - [%] File Downloaded !
[2025-01-15T09:30:41.258+0000] {logging_mixin.py:190} INFO - [%] Downloading Image #12 from https://njaes.rutgers.edu/tomato-varieties/images/specialty-tomato-assortment.jpg
[2025-01-15T09:30:43.618+0000] {logging_mixin.py:190} INFO - [%] File Downloaded !
[2025-01-15T09:30:43.619+0000] {logging_mixin.py:190} INFO - [%] Downloading Image #13 from http://www.gardenisto.com/wp-content/uploads/2013/07/20130702_160451.jpg
[2025-01-15T09:30:46.081+0000] {logging_mixin.py:190} INFO - [%] File Downloaded !
[2025-01-15T09:30:46.081+0000] {logging_mixin.py:190} INFO - [%] Downloading Image #14 from https://i.pinimg.com/originals/93/01/e8/9301e86e03344eb615d34775c696cda7.jpg
[2025-01-15T09:30:46.412+0000] {logging_mixin.py:190} INFO - [%] File Downloaded !
[2025-01-15T09:30:46.412+0000] {logging_mixin.py:190} INFO - [%] Downloading Image #15 from http://wingardsmarket.com/wp-content/uploads/2015/06/heirloom-tomato.jpg
[2025-01-15T09:30:47.814+0000] {logging_mixin.py:190} INFO - [%] File Downloaded !
[2025-01-15T09:30:47.815+0000] {logging_mixin.py:190} INFO - [%] Downloading Image #16 from https://s-media-cache-ak0.pinimg.com/736x/a9/0d/b1/a90db1c89b58602dde59e069e8262ef4.jpg
[2025-01-15T09:30:48.270+0000] {logging_mixin.py:190} INFO - [%] File Downloaded !
[2025-01-15T09:30:48.270+0000] {logging_mixin.py:190} INFO - [%] Downloading Image #17 from https://www.gardeningknowhow.com/wp-content/uploads/2021/07/heap-of-colorful-and-various-tomatoes-1024x768.jpg
[2025-01-15T09:30:52.028+0000] {logging_mixin.py:190} INFO - [%] File Downloaded !
[2025-01-15T09:30:52.029+0000] {logging_mixin.py:190} INFO - [%] Downloading Image #18 from http://wholefedhomestead.com/wp-content/uploads/2014/02/Black-Cherry-Tomatoes.jpg
[2025-01-15T09:30:54.851+0000] {logging_mixin.py:190} INFO - [%] File Downloaded !
[2025-01-15T09:30:54.851+0000] {logging_mixin.py:190} INFO - [%] Downloading Image #19 from https://www.allotment-garden.org/wp-content/uploads/2016/04/Black-Opal-Tomatoes.jpg
[2025-01-15T09:30:58.274+0000] {logging_mixin.py:190} INFO - [%] File Downloaded !
[2025-01-15T09:30:58.275+0000] {logging_mixin.py:190} INFO - [%] Downloading Image #20 from https://kitchengardenbykatie.com/wp-content/uploads/2021/12/Heritage-Tomato-Varieties-scaled.jpg
[2025-01-15T09:30:59.570+0000] {logging_mixin.py:190} INFO - [!] Issue getting: https://kitchengardenbykatie.com/wp-content/uploads/2021/12/Heritage-Tomato-Varieties-scaled.jpg
[!] Error:: Remote end closed connection without response
[2025-01-15T09:30:59.570+0000] {logging_mixin.py:190} INFO - [%] Downloading Image #20 from https://i.pinimg.com/originals/0f/1c/a4/0f1ca4fbfbc364d84e91d51d34acf413.jpg
[2025-01-15T09:31:00.151+0000] {logging_mixin.py:190} INFO - [%] File Downloaded !
[2025-01-15T09:31:00.151+0000] {logging_mixin.py:190} INFO - [%] Downloading Image #21 from https://www.tomatobible.com/wp-content/uploads/2021/04/heirloom-tomato-variety.jpg
[2025-01-15T09:31:00.833+0000] {logging_mixin.py:190} INFO - [%] File Downloaded !
[2025-01-15T09:31:00.834+0000] {logging_mixin.py:190} INFO - [%] Downloading Image #22 from https://www.researchgate.net/publication/352501001/figure/fig1/AS:1038265649987584@1624553229153/Representative-fruits-of-the-10-varieties-of-pepper-P-codes-tomato-T-codes-and.png
[2025-01-15T09:31:00.983+0000] {logging_mixin.py:190} INFO - [!] Issue getting: https://www.researchgate.net/publication/352501001/figure/fig1/AS:1038265649987584@1624553229153/Representative-fruits-of-the-10-varieties-of-pepper-P-codes-tomato-T-codes-and.png
[!] Error:: HTTP Error 403: Forbidden
[2025-01-15T09:31:00.984+0000] {logging_mixin.py:190} INFO - [%] Downloading Image #22 from https://i.pinimg.com/736x/3a/d9/fd/3ad9fdc578374ac9b4d72278bbfa4d65.jpg
[2025-01-15T09:31:01.170+0000] {logging_mixin.py:190} INFO - [%] File Downloaded !
[2025-01-15T09:31:01.170+0000] {logging_mixin.py:190} INFO - [%] Downloading Image #23 from https://gardenerspath.com/wp-content/uploads/2019/12/Top-Tomato-Hybrids.jpg
[2025-01-15T09:31:01.482+0000] {logging_mixin.py:190} INFO - [%] File Downloaded !
[2025-01-15T09:31:01.482+0000] {logging_mixin.py:190} INFO - [%] Downloading Image #24 from https://i.pinimg.com/originals/3c/ae/55/3cae55ac3906bdca1830d26ba8a361df.jpg
[2025-01-15T09:31:01.778+0000] {logging_mixin.py:190} INFO - [%] File Downloaded !
[2025-01-15T09:31:01.779+0000] {logging_mixin.py:190} INFO - [%] Downloading Image #25 from https://www.kroger.com/content/v2/binary/image/blog/food/types-of-tomatoes-guide/imageset_types-of-tomatoes_03-02--640-x-1630_tomatoes_info-graphic_02-16_52.png
[2025-01-15T09:31:02.296+0000] {logging_mixin.py:190} INFO - [!] Issue getting: https://www.kroger.com/content/v2/binary/image/blog/food/types-of-tomatoes-guide/imageset_types-of-tomatoes_03-02--640-x-1630_tomatoes_info-graphic_02-16_52.png
[!] Error:: HTTP Error 403: Forbidden
[2025-01-15T09:31:02.297+0000] {logging_mixin.py:190} INFO - [%] Downloading Image #25 from https://i.pinimg.com/originals/a4/6a/2d/a46a2da475dcffbcebc0b4b3c18af10b.jpg
[2025-01-15T09:31:02.530+0000] {logging_mixin.py:190} INFO - [%] File Downloaded !
[2025-01-15T09:31:02.531+0000] {logging_mixin.py:190} INFO - [%] Downloading Image #26 from http://media-cache-ak0.pinimg.com/736x/e0/31/0e/e0310ef03045cd0c2a65b934bb7f66a9.jpg
[2025-01-15T09:31:02.914+0000] {logging_mixin.py:190} INFO - [%] File Downloaded !
[2025-01-15T09:31:02.915+0000] {logging_mixin.py:190} INFO - [%] Downloading Image #27 from https://modernfrontierswoman.com/wp-content/uploads/2018/04/Tomato-Growing-Tips.jpg
[2025-01-15T09:31:03.229+0000] {logging_mixin.py:190} INFO - [%] File Downloaded !
[2025-01-15T09:31:03.230+0000] {logging_mixin.py:190} INFO - [%] Downloading Image #28 from https://simplifylivelove.com/wp-content/uploads/2020/08/tomato-growing-tips-1.jpg
[2025-01-15T09:31:03.662+0000] {logging_mixin.py:190} INFO - [%] File Downloaded !
[2025-01-15T09:31:03.663+0000] {logging_mixin.py:190} INFO - [%] Downloading Image #29 from https://imaginacres.com/wp-content/uploads/2014/04/10-Tomato-Growing-Tips-Pinsm-1.jpg
[2025-01-15T09:31:05.718+0000] {logging_mixin.py:190} INFO - [%] File Downloaded !
[2025-01-15T09:31:05.719+0000] {logging_mixin.py:190} INFO - [%] Downloading Image #30 from https://simplifylivelove.com/wp-content/uploads/2020/08/19-best-tips-for-growing-tomatoes.jpg
[2025-01-15T09:31:06.035+0000] {logging_mixin.py:190} INFO - [%] File Downloaded !
[2025-01-15T09:31:06.036+0000] {logging_mixin.py:190} INFO - [%] Downloading Image #31 from https://simplifylivelove.com/wp-content/uploads/2023/02/19-Best-Tips-for-Growing-Tomatoes.jpg
[2025-01-15T09:31:06.343+0000] {logging_mixin.py:190} INFO - [%] File Downloaded !
[2025-01-15T09:31:06.344+0000] {logging_mixin.py:190} INFO - [%] Downloading Image #32 from https://www.thespruce.com/thmb/TMRYcJe21L7W5Rn2R8jDqIfVSCk=/5750x3829/filters:fill(auto,1)/top-tomato-growing-tips-1402587-11-c6d6161716fd448fbca41715bbffb1d9.jpg
[2025-01-15T09:31:06.820+0000] {logging_mixin.py:190} INFO - [%] File Downloaded !
[2025-01-15T09:31:06.821+0000] {logging_mixin.py:190} INFO - [%] Downloading Image #33 from https://petergreenfield.com/wp-content/uploads/2021/06/tomato-growing-tips-for-beginners-1024x576.png
[2025-01-15T09:31:09.003+0000] {logging_mixin.py:190} INFO - [%] File Downloaded !
[2025-01-15T09:31:09.004+0000] {logging_mixin.py:190} INFO - [%] Downloading Image #34 from https://www.thespruce.com/thmb/r2nrI4RmUzgalSX-zc2DFaXFMPU=/4700x3134/filters:no_upscale():max_bytes(150000):strip_icc()/top-tomato-growing-tips-1402587-01-a44a63731ea846c29dff2fa6a722fae5.jpg
[2025-01-15T09:31:09.925+0000] {logging_mixin.py:190} INFO - [%] File Downloaded !
[2025-01-15T09:31:09.925+0000] {logging_mixin.py:190} INFO - [%] Downloading Image #35 from https://blog.trekaroo.com/wp-content/uploads/2020/03/tomato-planting-tips-by-sharlene-earnshaw.jpg
[2025-01-15T09:31:10.111+0000] {logging_mixin.py:190} INFO - [%] File Downloaded !
[2025-01-15T09:31:10.112+0000] {logging_mixin.py:190} INFO - [%] Downloading Image #36 from https://www.thespruce.com/thmb/eQHG40jdBkK7Jv6gvokjdenCzLw=/960x0/filters:no_upscale():max_bytes(150000):strip_icc()/top-tomato-growing-tips-1402587-v4-5b4de02ac9e77c003ebbd6f7.png
[2025-01-15T09:31:10.777+0000] {logging_mixin.py:190} INFO - [%] File Downloaded !
[2025-01-15T09:31:10.778+0000] {logging_mixin.py:190} INFO - [%] Downloading Image #37 from https://www.thespruce.com/thmb/J91toAgjBJ_p4lonWjxDl3Rc3dY=/1600x1075/filters:no_upscale():max_bytes(150000):strip_icc()/Tomato-Seedlings_edited-1-57a0d1655f9b589aa9cba9ab.jpg
[2025-01-15T09:31:11.185+0000] {logging_mixin.py:190} INFO - [%] File Downloaded !
[2025-01-15T09:31:11.186+0000] {logging_mixin.py:190} INFO - [%] Downloading Image #38 from https://blog.trekaroo.com/wp-content/uploads/2020/03/Tomato-growing-tips-seedling-by-flickr-ged.jpg
[2025-01-15T09:31:12.577+0000] {logging_mixin.py:190} INFO - [%] File Downloaded !
[2025-01-15T09:31:12.578+0000] {logging_mixin.py:190} INFO - [%] Downloading Image #39 from https://gracegritsgarden.com/wp-content/uploads/2020/05/tomato-growing-tips.png
[2025-01-15T09:31:13.009+0000] {logging_mixin.py:190} INFO - [%] File Downloaded !
[2025-01-15T09:31:13.010+0000] {logging_mixin.py:190} INFO - [%] Downloading Image #40 from https://plantinstructions.com/wp-content/uploads/2017/08/Tomato-Growing-Tips.jpg
[2025-01-15T09:31:21.013+0000] {logging_mixin.py:190} INFO - [!] Issue getting: https://plantinstructions.com/wp-content/uploads/2017/08/Tomato-Growing-Tips.jpg
[!] Error:: <urlopen error [Errno -3] Temporary failure in name resolution>
[2025-01-15T09:31:21.013+0000] {logging_mixin.py:190} INFO - [%] Downloading Image #40 from https://theplantguide.net/wp-content/uploads/2017/10/Untitled.png
[2025-01-15T09:31:23.333+0000] {logging_mixin.py:190} INFO - [%] File Downloaded !
[2025-01-15T09:31:23.334+0000] {logging_mixin.py:190} INFO - [%] Downloading Image #41 from https://i.pinimg.com/originals/8c/d4/9b/8cd49b36640bc2d2097ea59988d606ab.jpg
[2025-01-15T09:31:23.446+0000] {logging_mixin.py:190} INFO - [%] File Downloaded !
[2025-01-15T09:31:23.447+0000] {logging_mixin.py:190} INFO - [%] Downloading Image #42 from https://momfoodie.com/wp-content/uploads/Tips-for-Growing-Tomatoes-1.webp
[2025-01-15T09:31:25.143+0000] {logging_mixin.py:190} INFO - [%] File Downloaded !
[2025-01-15T09:31:25.144+0000] {logging_mixin.py:190} INFO - [%] Downloading Image #43 from https://i.pinimg.com/originals/7f/94/ee/7f94ee5362c1c43d398c647981e320df.jpg
[2025-01-15T09:31:25.261+0000] {logging_mixin.py:190} INFO - [%] File Downloaded !
[2025-01-15T09:31:25.262+0000] {logging_mixin.py:190} INFO - [%] Downloading Image #44 from https://balconygardenweb.b-cdn.net/wp-content/uploads/2017/07/1.-Choose-an-ideal-location1.jpg
[2025-01-15T09:31:33.267+0000] {logging_mixin.py:190} INFO - [!] Issue getting: https://balconygardenweb.b-cdn.net/wp-content/uploads/2017/07/1.-Choose-an-ideal-location1.jpg
[!] Error:: <urlopen error [Errno -3] Temporary failure in name resolution>
[2025-01-15T09:31:33.268+0000] {logging_mixin.py:190} INFO - [%] Downloading Image #44 from https://www.thespruce.com/thmb/bVnhYJgAMfZ3g3YEN4dIMNA_zos=/5600x3734/filters:no_upscale():max_bytes(150000):strip_icc()/tips-for-growing-tomatoes-in-containers-848216-01-bc0c62366c3b448f9b1f6cd0436a8270.jpg
[2025-01-15T09:31:36.193+0000] {logging_mixin.py:190} INFO - [%] File Downloaded !
[2025-01-15T09:31:36.193+0000] {logging_mixin.py:190} INFO - [%] Downloading Image #45 from https://cdn11.bigcommerce.com/s-jmzfi5zcr2/product_images/uploaded_images/cage-supporting-goodhearted-tomato-plant.jpg
[2025-01-15T09:31:36.538+0000] {logging_mixin.py:190} INFO - [%] File Downloaded !
[2025-01-15T09:31:36.539+0000] {logging_mixin.py:190} INFO - [%] Downloading Image #46 from https://minnetonkaorchards.com/wp-content/uploads/2022/06/Tomato-plant-520x347.jpg
[2025-01-15T09:31:36.808+0000] {logging_mixin.py:190} INFO - [%] File Downloaded !
[2025-01-15T09:31:36.809+0000] {logging_mixin.py:190} INFO - [%] Downloading Image #47 from https://cherryblossomlife.com/wp-content/uploads/2019/04/tomato-plant-care.jpg
[2025-01-15T09:31:38.414+0000] {logging_mixin.py:190} INFO - [%] File Downloaded !
[2025-01-15T09:31:38.415+0000] {logging_mixin.py:190} INFO - [%] Downloading Image #48 from http://growingtomatoes4you.com/wp-content/uploads/2011/12/Tomato-Plant-Care-01.jpg
[2025-01-15T09:31:38.820+0000] {logging_mixin.py:190} INFO - [!] Issue getting: http://growingtomatoes4you.com/wp-content/uploads/2011/12/Tomato-Plant-Care-01.jpg
[!] Error:: Remote end closed connection without response
[2025-01-15T09:31:38.821+0000] {logging_mixin.py:190} INFO - [%] Downloading Image #48 from http://cherryblossomlife.com/wp-content/uploads/2019/04/tomato-plant-care-1.jpg
[2025-01-15T09:31:40.017+0000] {logging_mixin.py:190} INFO - [%] File Downloaded !
[2025-01-15T09:31:40.018+0000] {logging_mixin.py:190} INFO - [%] Downloading Image #49 from https://grow.ifa.coop/hubfs/tomato-care-img3a.png
[2025-01-15T09:31:40.353+0000] {logging_mixin.py:190} INFO - [%] File Downloaded !
[2025-01-15T09:31:40.354+0000] {logging_mixin.py:190} INFO - [%] Downloading Image #50 from https://plantcaretoday.com/wp-content/uploads/8-tomato-growing-mistakes-pinterest-735-1120-01312018-min.jpg
[2025-01-15T09:31:40.545+0000] {logging_mixin.py:190} INFO - [%] File Downloaded !
[2025-01-15T09:31:40.545+0000] {logging_mixin.py:190} INFO - [%] Downloading Image #51 from https://growingtomatoes4you.com/wp-content/uploads/2011/12/growing-tomatoes-1.jpg
[2025-01-15T09:31:41.364+0000] {logging_mixin.py:190} INFO - [!] Issue getting: https://growingtomatoes4you.com/wp-content/uploads/2011/12/growing-tomatoes-1.jpg
[!] Error:: Remote end closed connection without response
[2025-01-15T09:31:41.365+0000] {logging_mixin.py:190} INFO - [%] Downloading Image #51 from https://cdn.images.express.co.uk/img/dynamic/13/1200x712/4756187.jpg?r=1684257293110
[2025-01-15T09:31:41.788+0000] {logging_mixin.py:190} INFO - [%] File Downloaded !
[2025-01-15T09:31:41.789+0000] {logging_mixin.py:190} INFO - [%] Downloading Image #52 from https://lh3.googleusercontent.com/-L6O7vJkqOOU/X9JLXKD6bPI/AAAAAAAACp8/I5MKqlHobtUgqclfrYgJj-joMQx1cJyxgCNcBGAsYHQ/w1684-h1069-p-k-no-nu/1607660454606226-0.png
[2025-01-15T09:31:42.313+0000] {logging_mixin.py:190} INFO - [%] File Downloaded !
[2025-01-15T09:31:42.314+0000] {logging_mixin.py:190} INFO - [%] Downloading Image #53 from https://i.pinimg.com/originals/21/ef/55/21ef553eb93f2ba793991d4145b82cee.jpg
[2025-01-15T09:31:42.528+0000] {logging_mixin.py:190} INFO - [%] File Downloaded !
[2025-01-15T09:31:42.529+0000] {logging_mixin.py:190} INFO - [%] Downloading Image #54 from https://cdn.images.express.co.uk/img/dynamic/13/590x/secondary/how-to-care-for-tomato-plant-3101357.jpg?r=1624544792894
[2025-01-15T09:31:42.935+0000] {logging_mixin.py:190} INFO - [%] File Downloaded !
[2025-01-15T09:31:42.936+0000] {logging_mixin.py:190} INFO - [%] Downloading Image #55 from http://s3.amazonaws.com/photography.prod.demandstudios.com/1567bbae-342b-482f-9f6e-d4788b0b0d84.jpg
[2025-01-15T09:31:47.066+0000] {logging_mixin.py:190} INFO - [%] File Downloaded !
[2025-01-15T09:31:47.066+0000] {logging_mixin.py:190} INFO - [%] Downloading Image #56 from https://c8.alamy.com/comp/2N56NNM/life-cycle-of-a-tomato-plant-diagram-illustration-2N56NNM.jpg
[2025-01-15T09:31:47.283+0000] {logging_mixin.py:190} INFO - [%] File Downloaded !
[2025-01-15T09:31:47.283+0000] {logging_mixin.py:190} INFO - [%] Downloading Image #57 from https://img.hunkercdn.com/640/photos.demandstudios.com/getty/article/181/88/470660733.jpg
[2025-01-15T09:31:48.141+0000] {logging_mixin.py:190} INFO - [%] File Downloaded !
[2025-01-15T09:31:48.142+0000] {logging_mixin.py:190} INFO - [%] Downloading Image #58 from https://plantcaretoday.com/wp-content/uploads/tomato-planting-10-rules-pinterest-735-1470-min.jpg
[2025-01-15T09:31:48.397+0000] {logging_mixin.py:190} INFO - [%] File Downloaded !
[2025-01-15T09:31:48.398+0000] {logging_mixin.py:190} INFO - [%] Downloading Image #59 from https://hort.extension.wisc.edu/files/2021/07/tomato-prune-1.png
[2025-01-15T09:31:51.631+0000] {logging_mixin.py:190} INFO - [%] File Downloaded !
[2025-01-15T09:31:51.631+0000] {logging_mixin.py:190} INFO - [%] Downloading Image #60 from https://cdn.shopify.com/s/files/1/1637/1845/files/Untitled_design_2_2b2910ef-ec92-4cab-8a24-b429ac9a4083.png?v=1624672830
[2025-01-15T09:31:52.023+0000] {logging_mixin.py:190} INFO - [%] File Downloaded !
[2025-01-15T09:31:52.024+0000] {logging_mixin.py:190} INFO - [%] Downloading Image #61 from https://i0.wp.com/plantora.app/blog/wp-content/uploads/2023/08/Tomato-Plants.jpg?w=813&amp;ssl=1
[2025-01-15T09:31:52.215+0000] {logging_mixin.py:190} INFO - [!] Issue getting: https://i0.wp.com/plantora.app/blog/wp-content/uploads/2023/08/Tomato-Plants.jpg?w=813&amp;ssl=1
[!] Error:: HTTP Error 404: Not Found
[2025-01-15T09:31:52.216+0000] {logging_mixin.py:190} INFO - [%] Downloading Image #61 from https://i2.wp.com/agnetwest.com/wp-content/uploads/2019/12/tomato-plant-pruning.shutterstock_211577689-scaled.jpg?fit=2560%2C1707
[2025-01-15T09:31:52.431+0000] {logging_mixin.py:190} INFO - [!] Issue getting: https://i2.wp.com/agnetwest.com/wp-content/uploads/2019/12/tomato-plant-pruning.shutterstock_211577689-scaled.jpg?fit=2560%2C1707
[!] Error:: HTTP Error 404: Not Found
[2025-01-15T09:31:52.432+0000] {logging_mixin.py:190} INFO - [%] Downloading Image #61 from https://minnetonkaorchards.com/wp-content/uploads/2022/08/BFS-1080x720.jpg
[2025-01-15T09:31:52.828+0000] {logging_mixin.py:190} INFO - [%] File Downloaded !
[2025-01-15T09:31:52.829+0000] {logging_mixin.py:190} INFO - [%] Downloading Image #62 from https://clipart-library.com/8300/1931/tomato-plant-with-fruit-isolated_1639-44286.jpg
[2025-01-15T09:31:54.391+0000] {logging_mixin.py:190} INFO - [%] File Downloaded !
[2025-01-15T09:31:54.392+0000] {logging_mixin.py:190} INFO - [%] Downloading Image #63 from https://familystylefood.com/wp-content/uploads/2022/09/Homemade-Tomato-Paste.jpg
[2025-01-15T09:31:54.766+0000] {logging_mixin.py:190} INFO - [%] File Downloaded !
[2025-01-15T09:31:54.767+0000] {logging_mixin.py:190} INFO - [%] Downloading Image #64 from https://www.southernliving.com/thmb/LrI8jw46B1jq1AThPtJmoC-IcEU=/1500x0/filters:no_upscale():max_bytes(150000):strip_icc()/GettyImages-1368056090-f196e8f115434b14a726b350b0f773df.jpg
[2025-01-15T09:31:55.189+0000] {logging_mixin.py:190} INFO - [%] File Downloaded !
[2025-01-15T09:31:55.190+0000] {logging_mixin.py:190} INFO - [%] Downloading Image #65 from https://homesteadandchill.com/wp-content/uploads/2022/09/how-to-make-tomato-powder-dry-tomato-paste-feature.jpg
[2025-01-15T09:31:55.530+0000] {logging_mixin.py:190} INFO - [%] File Downloaded !
[2025-01-15T09:31:55.531+0000] {logging_mixin.py:190} INFO - [%] Downloading Image #66 from https://www.evolvingtable.com/wp-content/uploads/2022/07/How-to-dice-a-tomato-11.jpg
[2025-01-15T09:31:55.801+0000] {logging_mixin.py:190} INFO - [!] Issue getting: https://www.evolvingtable.com/wp-content/uploads/2022/07/How-to-dice-a-tomato-11.jpg
[!] Error:: HTTP Error 403: Forbidden
[2025-01-15T09:31:55.802+0000] {logging_mixin.py:190} INFO - [%] Downloading Image #66 from https://www.byrdie.com/thmb/kD6agAHbHCD9hHmaC-t8jolxtko=/1500x0/filters:no_upscale():max_bytes(150000):strip_icc()/Byr_TomatoGirl_LeadRecirc-3f22a1e1ce9b428f9f424e9001ff3365.jpg
[2025-01-15T09:31:56.155+0000] {logging_mixin.py:190} INFO - [%] File Downloaded !
[2025-01-15T09:31:56.155+0000] {logging_mixin.py:190} INFO - [%] Downloading Image #67 from https://www.thespruce.com/thmb/vsi1K2MhRVqbZm2jj4HvQo9FP7I=/2124x0/filters:no_upscale():max_bytes(150000):strip_icc()/GettyImages-157375722-d20e3642296142e3a9616fec415bf932.jpg
[2025-01-15T09:31:56.430+0000] {logging_mixin.py:190} INFO - [%] File Downloaded !
[2025-01-15T09:31:56.431+0000] {logging_mixin.py:190} INFO - [%] Downloading Image #68 from https://static.vecteezy.com/system/resources/previews/014/455/767/original/hand-drawn-style-drawing-tomato-png.png
[2025-01-15T09:31:56.676+0000] {logging_mixin.py:190} INFO - [%] File Downloaded !
[2025-01-15T09:31:56.677+0000] {logging_mixin.py:190} INFO - [%] Downloading Image #69 from https://cdn2.vectorstock.com/i/1000x1000/82/96/clipart-tomato-vector-44498296.jpg
[2025-01-15T09:31:56.957+0000] {logging_mixin.py:190} INFO - [%] File Downloaded !
[2025-01-15T09:31:56.958+0000] {logging_mixin.py:190} INFO - [%] Downloading Image #70 from https://static.vecteezy.com/system/resources/previews/013/632/742/original/red-tomato-clip-art-isolated-on-white-background-tomatos-cartoon-infographics-illustration-cartoon-tomato-simple-flat-cute-tomato-for-kindergarten-child-learning-tomato-for-flash-card-of-kids-vector.jpg
[2025-01-15T09:31:57.150+0000] {logging_mixin.py:190} INFO - [%] File Downloaded !
[2025-01-15T09:31:57.151+0000] {logging_mixin.py:190} INFO - [%] Downloading Image #71 from https://jakemp.com/wp-content/uploads/JIC-purple-tomato-4_DSC6194-scaled.jpg
[2025-01-15T09:31:58.779+0000] {logging_mixin.py:190} INFO - [%] File Downloaded !
[2025-01-15T09:31:58.780+0000] {logging_mixin.py:190} INFO - [%] Downloading Image #72 from https://www.thedailymeal.com/img/gallery/11-italian-tomato-varieties-to-get-to-know/l-intro-1686850536.jpg
[2025-01-15T09:31:59.073+0000] {logging_mixin.py:190} INFO - [%] File Downloaded !
[2025-01-15T09:31:59.074+0000] {logging_mixin.py:190} INFO - [%] Downloading Image #73 from https://1.bp.blogspot.com/-6yMwvzmhEWI/X3ymOQd-n_I/AAAAAAACAnA/tJJtTSgDAcUOvcDS9BtSwlUYUvBMJ5QegCLcBGAsYHQ/s2643/tomatoes%2B%25289%2529.jpg
[2025-01-15T09:31:59.587+0000] {logging_mixin.py:190} INFO - [%] File Downloaded !
[2025-01-15T09:31:59.587+0000] {logging_mixin.py:190} INFO - [%] Downloading Image #74 from http://cdn.shopify.com/s/files/1/0620/2749/7724/products/tomato-supersweet-100-noa-1.jpg?v=1678729200
[2025-01-15T09:31:59.940+0000] {logging_mixin.py:190} INFO - [%] File Downloaded !
[2025-01-15T09:31:59.941+0000] {logging_mixin.py:190} INFO - [%] Downloading Image #75 from http://upload.wikimedia.org/wikipedia/commons/e/e2/Tomato_Juice.jpg
[2025-01-15T09:32:00.356+0000] {logging_mixin.py:190} INFO - [%] File Downloaded !
[2025-01-15T09:32:00.356+0000] {logging_mixin.py:190} INFO - [%] Downloading Image #76 from http://thisismygarden.com/wp-content/uploads/2023/06/remove-tomato-suckers.jpg
[2025-01-15T09:32:02.358+0000] {logging_mixin.py:190} INFO - [%] File Downloaded !
[2025-01-15T09:32:02.359+0000] {logging_mixin.py:190} INFO - [%] Downloading Image #77 from https://static.vecteezy.com/system/resources/previews/019/155/842/original/life-cycle-of-tomato-plant-stages-of-growth-of-tomato-from-seedling-sprout-to-mature-red-fruits-in-flower-pot-cherry-tomato-growing-stage-illustration-on-white-background-vector.jpg
[2025-01-15T09:32:02.605+0000] {logging_mixin.py:190} INFO - [%] File Downloaded !
[2025-01-15T09:32:02.606+0000] {logging_mixin.py:190} INFO - [%] Downloading Image #78 from https://gachwala.in/wp-content/uploads/2022/07/71zM7n-51kL._SX569_.jpg
[2025-01-15T09:32:02.915+0000] {logging_mixin.py:190} INFO - [%] File Downloaded !
[2025-01-15T09:32:02.916+0000] {logging_mixin.py:190} INFO - [%] Downloading Image #79 from https://www.farmersalmanac.com/wp-content/uploads/2021/01/heirloom-tomatoes-colorful_121470119.jpeg
[2025-01-15T09:32:03.769+0000] {logging_mixin.py:190} INFO - [%] File Downloaded !
[2025-01-15T09:32:03.769+0000] {logging_mixin.py:190} INFO - [%] Downloading Image #80 from https://static.vecteezy.com/system/resources/previews/022/777/312/original/tomato-icon-clipart-vegetable-illustration-vector.jpg
[2025-01-15T09:32:04.005+0000] {logging_mixin.py:190} INFO - [%] File Downloaded !
[2025-01-15T09:32:04.005+0000] {logging_mixin.py:190} INFO - [%] Downloading Image #81 from http://upload.wikimedia.org/wikipedia/commons/8/89/Tomato_je.jpg
[2025-01-15T09:32:04.393+0000] {logging_mixin.py:190} INFO - [%] File Downloaded !
[2025-01-15T09:32:04.394+0000] {logging_mixin.py:190} INFO - [%] Downloading Image #82 from https://agrilifetoday.tamu.edu/wp-content/uploads/2023/03/20210604_The_Gardens_LM_0082.jpg
[2025-01-15T09:32:12.567+0000] {logging_mixin.py:190} INFO - [%] File Downloaded !
[2025-01-15T09:32:12.568+0000] {logging_mixin.py:190} INFO - [%] Downloading Image #83 from https://www.liveeatlearn.com/wp-content/uploads/2023/03/How-to-Cut-Tomatoes-03.jpg
[2025-01-15T09:32:12.909+0000] {logging_mixin.py:190} INFO - [Error]Invalid image, not saving https://www.liveeatlearn.com/wp-content/uploads/2023/03/How-to-Cut-Tomatoes-03.jpg
[2025-01-15T09:32:12.910+0000] {logging_mixin.py:190} INFO - [!] Issue getting: https://www.liveeatlearn.com/wp-content/uploads/2023/03/How-to-Cut-Tomatoes-03.jpg
[!] Error:: Invalid image, not saving https://www.liveeatlearn.com/wp-content/uploads/2023/03/How-to-Cut-Tomatoes-03.jpg
[2025-01-15T09:32:12.911+0000] {logging_mixin.py:190} INFO - [%] Downloading Image #83 from https://www.wholesomeyum.com/wp-content/uploads/2023/03/wholesomeyum-Cucumber-Tomato-Salad-11.jpg
[2025-01-15T09:32:13.615+0000] {logging_mixin.py:190} INFO - [%] File Downloaded !
[2025-01-15T09:32:13.616+0000] {logging_mixin.py:190} INFO - 

[!!]Indexing page: 2
[2025-01-15T09:32:14.132+0000] {logging_mixin.py:190} INFO - [%] Indexed 95 Images on Page 2.
[2025-01-15T09:32:14.133+0000] {logging_mixin.py:190} INFO - 
===============================================
[2025-01-15T09:32:14.134+0000] {logging_mixin.py:190} INFO - 

[!!]Indexing page: 3
[2025-01-15T09:32:14.520+0000] {logging_mixin.py:190} INFO - [%] Indexed 35 Images on Page 3.
[2025-01-15T09:32:14.521+0000] {logging_mixin.py:190} INFO - 
===============================================
[2025-01-15T09:32:14.522+0000] {logging_mixin.py:190} INFO - [%] Downloading Image #84 from https://thecoconutmama.com/wp-content/uploads/2023/01/Tomato-Fruit-Vegetable-Both-Shutterstock_1620914383-1-scaled.webp
[2025-01-15T09:32:14.825+0000] {logging_mixin.py:190} INFO - [%] File Downloaded !
[2025-01-15T09:32:14.826+0000] {logging_mixin.py:190} INFO - 

[!!]Indexing page: 4
[2025-01-15T09:32:15.182+0000] {logging_mixin.py:190} INFO - [%] Indexed 35 Images on Page 4.
[2025-01-15T09:32:15.183+0000] {logging_mixin.py:190} INFO - 
===============================================
[2025-01-15T09:32:15.183+0000] {logging_mixin.py:190} INFO - [%] Downloading Image #85 from https://static.vecteezy.com/system/resources/previews/018/974/656/original/vegetable-tomato-icon-png.png
[2025-01-15T09:32:19.488+0000] {logging_mixin.py:190} INFO - [%] File Downloaded !
[2025-01-15T09:32:19.489+0000] {logging_mixin.py:190} INFO - [%] Downloading Image #86 from https://openclipart.org/image/2400px/svg_to_png/262421/Tomato-by-Rones.png
[2025-01-15T09:32:22.161+0000] {logging_mixin.py:190} INFO - [%] File Downloaded !
[2025-01-15T09:32:22.162+0000] {logging_mixin.py:190} INFO - [%] Downloading Image #87 from http://upload.wikimedia.org/wikipedia/commons/6/6c/Tomato-global.png
[2025-01-15T09:32:22.614+0000] {logging_mixin.py:190} INFO - [%] File Downloaded !
[2025-01-15T09:32:22.615+0000] {logging_mixin.py:190} INFO - [%] Downloading Image #88 from https://static.vecteezy.com/system/resources/previews/019/862/489/original/tomato-icon-clipart-vegetable-illustration-vector.jpg
[2025-01-15T09:32:22.845+0000] {logging_mixin.py:190} INFO - [%] File Downloaded !
[2025-01-15T09:32:22.845+0000] {logging_mixin.py:190} INFO - [%] Downloading Image #89 from https://img.freepik.com/premium-vector/tomato-plant-with-fruit-isolated_1639-44286.jpg?w=2000
[2025-01-15T09:32:23.139+0000] {logging_mixin.py:190} INFO - [%] File Downloaded !
[2025-01-15T09:32:23.139+0000] {logging_mixin.py:190} INFO - 

[!!]Indexing page: 5
[2025-01-15T09:32:23.461+0000] {logging_mixin.py:190} INFO - [%] Indexed 35 Images on Page 5.
[2025-01-15T09:32:23.461+0000] {logging_mixin.py:190} INFO - 
===============================================
[2025-01-15T09:32:23.462+0000] {logging_mixin.py:190} INFO - [%] Downloading Image #90 from https://static.vecteezy.com/system/resources/previews/012/038/010/original/doodle-outline-freehand-sketch-drawing-of-tomato-vegetable-free-png.png
[2025-01-15T09:32:23.742+0000] {logging_mixin.py:190} INFO - [%] File Downloaded !
[2025-01-15T09:32:23.743+0000] {logging_mixin.py:190} INFO - [%] Downloading Image #91 from https://www.bhg.com/thmb/qmOLEStjyBopezBESkXBZL9n_dQ=/1999x1333/filters:fill(auto,1)/overhead-sliced-tomatoes-with-seeds-horizontal-acf8e6ccd55a4c5aa2bc17ff19553a79.jpg
[2025-01-15T09:32:24.103+0000] {logging_mixin.py:190} INFO - [%] File Downloaded !
[2025-01-15T09:32:24.104+0000] {logging_mixin.py:190} INFO - 

[!!]Indexing page: 6
[2025-01-15T09:32:24.500+0000] {logging_mixin.py:190} INFO - [%] Indexed 35 Images on Page 6.
[2025-01-15T09:32:24.501+0000] {logging_mixin.py:190} INFO - 
===============================================
[2025-01-15T09:32:24.501+0000] {logging_mixin.py:190} INFO - [%] Downloading Image #92 from https://b.rgbimg.com/cache1nyGSj/users/m/mz/mzacha/600/mfZxxgM.jpg
[2025-01-15T09:32:25.777+0000] {logging_mixin.py:190} INFO - [%] File Downloaded !
[2025-01-15T09:32:25.777+0000] {logging_mixin.py:190} INFO - [%] Downloading Image #93 from https://plantura.garden/uk/wp-content/uploads/sites/2/2022/02/yellow-tomatoes-vine.jpg
[2025-01-15T09:32:26.081+0000] {logging_mixin.py:190} INFO - [%] File Downloaded !
[2025-01-15T09:32:26.082+0000] {logging_mixin.py:190} INFO - [%] Downloading Image #94 from https://cdn.britannica.com/16/187216-131-FB186228/tomatoes-tomato-plant-Fruit-vegetable.jpg
[2025-01-15T09:32:26.414+0000] {logging_mixin.py:190} INFO - [%] File Downloaded !
[2025-01-15T09:32:26.415+0000] {logging_mixin.py:190} INFO - 

[!!]Indexing page: 7
[2025-01-15T09:32:26.832+0000] {logging_mixin.py:190} INFO - [%] Indexed 35 Images on Page 7.
[2025-01-15T09:32:26.833+0000] {logging_mixin.py:190} INFO - 
===============================================
[2025-01-15T09:32:26.834+0000] {logging_mixin.py:190} INFO - [%] Downloading Image #95 from https://harvestfarmofwhately.com/wp-content/uploads/2020/01/Tomato-Seedling-scaled.jpeg
[2025-01-15T09:32:27.146+0000] {logging_mixin.py:190} INFO - [%] File Downloaded !
[2025-01-15T09:32:27.146+0000] {logging_mixin.py:190} INFO - 

[!!]Indexing page: 8
[2025-01-15T09:32:27.544+0000] {logging_mixin.py:190} INFO - [%] Indexed 35 Images on Page 8.
[2025-01-15T09:32:27.545+0000] {logging_mixin.py:190} INFO - 
===============================================
[2025-01-15T09:32:27.545+0000] {logging_mixin.py:190} INFO - 

[!!]Indexing page: 9
[2025-01-15T09:32:27.872+0000] {logging_mixin.py:190} INFO - [%] Indexed 35 Images on Page 9.
[2025-01-15T09:32:27.873+0000] {logging_mixin.py:190} INFO - 
===============================================
[2025-01-15T09:32:27.874+0000] {logging_mixin.py:190} INFO - [%] Downloading Image #96 from https://static.vecteezy.com/system/resources/previews/024/672/692/original/tomato-slice-icon-clipart-vegetable-illustration-vector.jpg
[2025-01-15T09:32:29.006+0000] {logging_mixin.py:190} INFO - [%] File Downloaded !
[2025-01-15T09:32:29.007+0000] {logging_mixin.py:190} INFO - [%] Downloading Image #97 from https://st1.thehealthsite.com/wp-content/uploads/2022/08/tomato.jpg
[2025-01-15T09:32:29.143+0000] {logging_mixin.py:190} INFO - [%] File Downloaded !
[2025-01-15T09:32:29.144+0000] {logging_mixin.py:190} INFO - 

[!!]Indexing page: 10
[2025-01-15T09:32:29.468+0000] {logging_mixin.py:190} INFO - [%] Indexed 35 Images on Page 10.
[2025-01-15T09:32:29.469+0000] {logging_mixin.py:190} INFO - 
===============================================
[2025-01-15T09:32:29.469+0000] {logging_mixin.py:190} INFO - 

[!!]Indexing page: 11
[2025-01-15T09:32:29.772+0000] {logging_mixin.py:190} INFO - [%] Indexed 35 Images on Page 11.
[2025-01-15T09:32:29.773+0000] {logging_mixin.py:190} INFO - 
===============================================
[2025-01-15T09:32:29.773+0000] {logging_mixin.py:190} INFO - [%] Downloading Image #98 from https://static.vecteezy.com/system/resources/previews/014/828/381/original/illustration-of-cute-cartoon-vegetable-tomato-free-vector.jpg
[2025-01-15T09:32:30.007+0000] {logging_mixin.py:190} INFO - [%] File Downloaded !
[2025-01-15T09:32:30.008+0000] {logging_mixin.py:190} INFO - 

[!!]Indexing page: 12
[2025-01-15T09:32:30.332+0000] {logging_mixin.py:190} INFO - [%] Indexed 35 Images on Page 12.
[2025-01-15T09:32:30.333+0000] {logging_mixin.py:190} INFO - 
===============================================
[2025-01-15T09:32:30.333+0000] {logging_mixin.py:190} INFO - [%] Downloading Image #99 from https://gardenary-data.s3.amazonaws.com/og/8kxeRaMUD3Ywr07Nv71LHtfnLk3uz0WYD18ugbCi.jpg
[2025-01-15T09:32:32.357+0000] {logging_mixin.py:190} INFO - [%] File Downloaded !
[2025-01-15T09:32:32.358+0000] {logging_mixin.py:190} INFO - 

[!!]Indexing page: 13
[2025-01-15T09:32:32.762+0000] {logging_mixin.py:190} INFO - [%] Indexed 35 Images on Page 13.
[2025-01-15T09:32:32.763+0000] {logging_mixin.py:190} INFO - 
===============================================
[2025-01-15T09:32:32.763+0000] {logging_mixin.py:190} INFO - [%] Downloading Image #100 from https://www.mashed.com/img/gallery/the-tomato-girl-summer-tiktok-trend-puts-the-vibrant-fruit-in-the-spotlight/l-intro-1688407497.jpg
[2025-01-15T09:32:34.467+0000] {logging_mixin.py:190} INFO - [%] File Downloaded !
[2025-01-15T09:32:34.468+0000] {logging_mixin.py:190} INFO - 

[%] Done. Downloaded 100 images.
[2025-01-15T09:32:34.469+0000] {craw_check_update.py:38} INFO - Ảnh đã được lưu trong thư mục: data_lake/tomato
[2025-01-15T09:32:34.470+0000] {python.py:240} INFO - Done. Returned value was: None
[2025-01-15T09:32:34.483+0000] {taskinstance.py:340} INFO - ::group::Post task execution logs
[2025-01-15T09:32:34.484+0000] {taskinstance.py:352} INFO - Marking task as SUCCESS. dag_id=tomato_pipeline, task_id=download_images, run_id=scheduled__2025-01-15T08:00:00+00:00, execution_date=20250115T080000, start_date=20250115T093030, end_date=20250115T093234
[2025-01-15T09:32:34.497+0000] {logging_mixin.py:190} INFO - Task instance in success state
[2025-01-15T09:32:34.497+0000] {logging_mixin.py:190} INFO -  Previous state of the Task instance: running
[2025-01-15T09:32:34.498+0000] {logging_mixin.py:190} INFO - Dag name:tomato_pipeline queued_at:2025-01-15 09:30:20.493437+00:00
[2025-01-15T09:32:34.498+0000] {logging_mixin.py:190} INFO - Task hostname:6e32fca90d5e operator:PythonOperator
[2025-01-15T09:32:34.530+0000] {local_task_job_runner.py:266} INFO - Task exited with return code 0
[2025-01-15T09:32:34.558+0000] {taskinstance.py:3895} INFO - 1 downstream tasks scheduled from follow-on schedule check
[2025-01-15T09:32:34.560+0000] {local_task_job_runner.py:245} INFO - ::endgroup::
