[2025-01-13T19:19:15.018+0000] {local_task_job_runner.py:123} INFO - ::group::Pre task execution logs
[2025-01-13T19:19:15.038+0000] {taskinstance.py:2613} INFO - Dependencies all met for dep_context=non-requeueable deps ti=<TaskInstance: dag_init.check_and_label manual__2025-01-13T18:26:44.261266+00:00 [queued]>
[2025-01-13T19:19:15.048+0000] {taskinstance.py:2613} INFO - Dependencies all met for dep_context=requeueable deps ti=<TaskInstance: dag_init.check_and_label manual__2025-01-13T18:26:44.261266+00:00 [queued]>
[2025-01-13T19:19:15.049+0000] {taskinstance.py:2866} INFO - Starting attempt 1 of 2
[2025-01-13T19:19:15.065+0000] {taskinstance.py:2889} INFO - Executing <Task(PythonOperator): check_and_label> on 2025-01-13 18:26:44.261266+00:00
[2025-01-13T19:19:15.082+0000] {warnings.py:112} WARNING - /home/***/.local/lib/python3.12/site-packages/***/task/task_runner/standard_task_runner.py:70: DeprecationWarning: This process (pid=125) is multi-threaded, use of fork() may lead to deadlocks in the child.
  pid = os.fork()

[2025-01-13T19:19:15.084+0000] {standard_task_runner.py:72} INFO - Started process 127 to run task
[2025-01-13T19:19:15.085+0000] {standard_task_runner.py:104} INFO - Running: ['***', 'tasks', 'run', 'dag_init', 'check_and_label', 'manual__2025-01-13T18:26:44.261266+00:00', '--job-id', '24', '--raw', '--subdir', 'DAGS_FOLDER/craw_check_update.py', '--cfg-path', '/tmp/tmp0_9jmm9d']
[2025-01-13T19:19:15.086+0000] {standard_task_runner.py:105} INFO - Job 24: Subtask check_and_label
[2025-01-13T19:19:15.140+0000] {task_command.py:467} INFO - Running <TaskInstance: dag_init.check_and_label manual__2025-01-13T18:26:44.261266+00:00 [running]> on host 0d9f7ac256fb
[2025-01-13T19:19:15.232+0000] {taskinstance.py:3132} INFO - Exporting env vars: AIRFLOW_CTX_DAG_OWNER='***' AIRFLOW_CTX_DAG_ID='dag_init' AIRFLOW_CTX_TASK_ID='check_and_label' AIRFLOW_CTX_EXECUTION_DATE='2025-01-13T18:26:44.261266+00:00' AIRFLOW_CTX_TRY_NUMBER='1' AIRFLOW_CTX_DAG_RUN_ID='manual__2025-01-13T18:26:44.261266+00:00'
[2025-01-13T19:19:15.235+0000] {logging_mixin.py:190} INFO - Task instance is in running state
[2025-01-13T19:19:15.235+0000] {logging_mixin.py:190} INFO -  Previous state of the Task instance: queued
[2025-01-13T19:19:15.236+0000] {logging_mixin.py:190} INFO - Current task name:check_and_label state:running start_date:2025-01-13 19:19:15.038966+00:00
[2025-01-13T19:19:15.237+0000] {logging_mixin.py:190} INFO - Dag name:dag_init and current dag run status:running
[2025-01-13T19:19:15.238+0000] {taskinstance.py:731} INFO - ::endgroup::
[2025-01-13T19:19:15.240+0000] {logging_mixin.py:190} INFO - Not enough images in data_lake to label.
[2025-01-13T19:19:15.240+0000] {python.py:240} INFO - Done. Returned value was: None
[2025-01-13T19:19:15.252+0000] {taskinstance.py:340} INFO - ::group::Post task execution logs
[2025-01-13T19:19:15.252+0000] {taskinstance.py:352} INFO - Marking task as SUCCESS. dag_id=dag_init, task_id=check_and_label, run_id=manual__2025-01-13T18:26:44.261266+00:00, execution_date=20250113T182644, start_date=20250113T191915, end_date=20250113T191915
[2025-01-13T19:19:15.262+0000] {logging_mixin.py:190} INFO - Task instance in success state
[2025-01-13T19:19:15.263+0000] {logging_mixin.py:190} INFO -  Previous state of the Task instance: running
[2025-01-13T19:19:15.263+0000] {logging_mixin.py:190} INFO - Dag name:dag_init queued_at:2025-01-13 19:17:06.742287+00:00
[2025-01-13T19:19:15.264+0000] {logging_mixin.py:190} INFO - Task hostname:0d9f7ac256fb operator:PythonOperator
[2025-01-13T19:19:15.308+0000] {local_task_job_runner.py:266} INFO - Task exited with return code 0
[2025-01-13T19:19:15.329+0000] {taskinstance.py:3895} INFO - 1 downstream tasks scheduled from follow-on schedule check
[2025-01-13T19:19:15.331+0000] {local_task_job_runner.py:245} INFO - ::endgroup::
