[2025-01-15T04:36:55.847+0000] {local_task_job_runner.py:123} INFO - ::group::Pre task execution logs
[2025-01-15T04:36:55.865+0000] {taskinstance.py:2613} INFO - Dependencies all met for dep_context=non-requeueable deps ti=<TaskInstance: tomato_pipeline.process_images scheduled__2025-01-15T03:00:00+00:00 [queued]>
[2025-01-15T04:36:55.875+0000] {taskinstance.py:2613} INFO - Dependencies all met for dep_context=requeueable deps ti=<TaskInstance: tomato_pipeline.process_images scheduled__2025-01-15T03:00:00+00:00 [queued]>
[2025-01-15T04:36:55.876+0000] {taskinstance.py:2866} INFO - Starting attempt 1 of 2
[2025-01-15T04:36:55.891+0000] {taskinstance.py:2889} INFO - Executing <Task(PythonOperator): process_images> on 2025-01-15 03:00:00+00:00
[2025-01-15T04:36:55.900+0000] {warnings.py:112} WARNING - /home/***/.local/lib/python3.12/site-packages/***/task/task_runner/standard_task_runner.py:70: DeprecationWarning: This process (pid=134) is multi-threaded, use of fork() may lead to deadlocks in the child.
  pid = os.fork()

[2025-01-15T04:36:55.901+0000] {standard_task_runner.py:72} INFO - Started process 139 to run task
[2025-01-15T04:36:55.902+0000] {standard_task_runner.py:104} INFO - Running: ['***', 'tasks', 'run', 'tomato_pipeline', 'process_images', 'scheduled__2025-01-15T03:00:00+00:00', '--job-id', '9', '--raw', '--subdir', 'DAGS_FOLDER/craw_check_update.py', '--cfg-path', '/tmp/tmpz6hoxy88']
[2025-01-15T04:36:55.904+0000] {standard_task_runner.py:105} INFO - Job 9: Subtask process_images
[2025-01-15T04:36:55.963+0000] {task_command.py:467} INFO - Running <TaskInstance: tomato_pipeline.process_images scheduled__2025-01-15T03:00:00+00:00 [running]> on host 03b22c562543
[2025-01-15T04:36:56.066+0000] {taskinstance.py:3132} INFO - Exporting env vars: AIRFLOW_CTX_DAG_OWNER='***' AIRFLOW_CTX_DAG_ID='tomato_pipeline' AIRFLOW_CTX_TASK_ID='process_images' AIRFLOW_CTX_EXECUTION_DATE='2025-01-15T03:00:00+00:00' AIRFLOW_CTX_TRY_NUMBER='1' AIRFLOW_CTX_DAG_RUN_ID='scheduled__2025-01-15T03:00:00+00:00'
[2025-01-15T04:36:56.068+0000] {logging_mixin.py:190} INFO - Task instance is in running state
[2025-01-15T04:36:56.069+0000] {logging_mixin.py:190} INFO -  Previous state of the Task instance: queued
[2025-01-15T04:36:56.069+0000] {logging_mixin.py:190} INFO - Current task name:process_images state:running start_date:2025-01-15 04:36:55.866469+00:00
[2025-01-15T04:36:56.069+0000] {logging_mixin.py:190} INFO - Dag name:tomato_pipeline and current dag run status:running
[2025-01-15T04:36:56.070+0000] {taskinstance.py:731} INFO - ::endgroup::
[2025-01-15T04:36:56.071+0000] {python.py:240} INFO - Done. Returned value was: None
[2025-01-15T04:36:56.081+0000] {taskinstance.py:340} INFO - ::group::Post task execution logs
[2025-01-15T04:36:56.082+0000] {taskinstance.py:352} INFO - Marking task as SUCCESS. dag_id=tomato_pipeline, task_id=process_images, run_id=scheduled__2025-01-15T03:00:00+00:00, execution_date=20250115T030000, start_date=20250115T043655, end_date=20250115T043656
[2025-01-15T04:36:56.092+0000] {logging_mixin.py:190} INFO - Task instance in success state
[2025-01-15T04:36:56.092+0000] {logging_mixin.py:190} INFO -  Previous state of the Task instance: running
[2025-01-15T04:36:56.093+0000] {logging_mixin.py:190} INFO - Dag name:tomato_pipeline queued_at:2025-01-15 04:34:25.204196+00:00
[2025-01-15T04:36:56.093+0000] {logging_mixin.py:190} INFO - Task hostname:03b22c562543 operator:PythonOperator
[2025-01-15T04:36:56.125+0000] {local_task_job_runner.py:266} INFO - Task exited with return code 0
[2025-01-15T04:36:56.152+0000] {taskinstance.py:3895} INFO - 1 downstream tasks scheduled from follow-on schedule check
[2025-01-15T04:36:56.154+0000] {local_task_job_runner.py:245} INFO - ::endgroup::
