[2025-01-14T04:06:13.978+0000] {local_task_job_runner.py:123} INFO - ::group::Pre task execution logs
[2025-01-14T04:06:13.996+0000] {taskinstance.py:2613} INFO - Dependencies all met for dep_context=non-requeueable deps ti=<TaskInstance: predict_tomato_images.predict_and_label manual__2025-01-14T04:06:11.365386+00:00 [queued]>
[2025-01-14T04:06:14.005+0000] {taskinstance.py:2613} INFO - Dependencies all met for dep_context=requeueable deps ti=<TaskInstance: predict_tomato_images.predict_and_label manual__2025-01-14T04:06:11.365386+00:00 [queued]>
[2025-01-14T04:06:14.005+0000] {taskinstance.py:2866} INFO - Starting attempt 1 of 2
[2025-01-14T04:06:14.022+0000] {taskinstance.py:2889} INFO - Executing <Task(PythonOperator): predict_and_label> on 2025-01-14 04:06:11.365386+00:00
[2025-01-14T04:06:14.030+0000] {warnings.py:112} WARNING - /home/***/.local/lib/python3.12/site-packages/***/task/task_runner/standard_task_runner.py:70: DeprecationWarning: This process (pid=177) is multi-threaded, use of fork() may lead to deadlocks in the child.
  pid = os.fork()

[2025-01-14T04:06:14.032+0000] {standard_task_runner.py:72} INFO - Started process 180 to run task
[2025-01-14T04:06:14.033+0000] {standard_task_runner.py:104} INFO - Running: ['***', 'tasks', 'run', 'predict_tomato_images', 'predict_and_label', 'manual__2025-01-14T04:06:11.365386+00:00', '--job-id', '48', '--raw', '--subdir', 'DAGS_FOLDER/craw_check_update.py', '--cfg-path', '/tmp/tmppacf4kwx']
[2025-01-14T04:06:14.034+0000] {standard_task_runner.py:105} INFO - Job 48: Subtask predict_and_label
[2025-01-14T04:06:14.081+0000] {task_command.py:467} INFO - Running <TaskInstance: predict_tomato_images.predict_and_label manual__2025-01-14T04:06:11.365386+00:00 [running]> on host b954e1e08ba9
[2025-01-14T04:06:14.175+0000] {taskinstance.py:3132} INFO - Exporting env vars: AIRFLOW_CTX_DAG_OWNER='***' AIRFLOW_CTX_DAG_ID='predict_tomato_images' AIRFLOW_CTX_TASK_ID='predict_and_label' AIRFLOW_CTX_EXECUTION_DATE='2025-01-14T04:06:11.365386+00:00' AIRFLOW_CTX_TRY_NUMBER='1' AIRFLOW_CTX_DAG_RUN_ID='manual__2025-01-14T04:06:11.365386+00:00'
[2025-01-14T04:06:14.177+0000] {logging_mixin.py:190} INFO - Task instance is in running state
[2025-01-14T04:06:14.178+0000] {logging_mixin.py:190} INFO -  Previous state of the Task instance: queued
[2025-01-14T04:06:14.178+0000] {logging_mixin.py:190} INFO - Current task name:predict_and_label state:running start_date:2025-01-14 04:06:13.996647+00:00
[2025-01-14T04:06:14.179+0000] {logging_mixin.py:190} INFO - Dag name:predict_tomato_images and current dag run status:running
[2025-01-14T04:06:14.179+0000] {taskinstance.py:731} INFO - ::endgroup::
[2025-01-14T04:06:14.181+0000] {python.py:240} INFO - Done. Returned value was: None
[2025-01-14T04:06:14.192+0000] {taskinstance.py:340} INFO - ::group::Post task execution logs
[2025-01-14T04:06:14.193+0000] {taskinstance.py:352} INFO - Marking task as SUCCESS. dag_id=predict_tomato_images, task_id=predict_and_label, run_id=manual__2025-01-14T04:06:11.365386+00:00, execution_date=20250114T040611, start_date=20250114T040613, end_date=20250114T040614
[2025-01-14T04:06:14.204+0000] {logging_mixin.py:190} INFO - Task instance in success state
[2025-01-14T04:06:14.205+0000] {logging_mixin.py:190} INFO -  Previous state of the Task instance: running
[2025-01-14T04:06:14.206+0000] {logging_mixin.py:190} INFO - Dag name:predict_tomato_images queued_at:2025-01-14 04:06:11.378243+00:00
[2025-01-14T04:06:14.206+0000] {logging_mixin.py:190} INFO - Task hostname:b954e1e08ba9 operator:PythonOperator
[2025-01-14T04:06:14.255+0000] {local_task_job_runner.py:266} INFO - Task exited with return code 0
[2025-01-14T04:06:14.274+0000] {taskinstance.py:3895} INFO - 0 downstream tasks scheduled from follow-on schedule check
[2025-01-14T04:06:14.277+0000] {local_task_job_runner.py:245} INFO - ::endgroup::
