[2025-01-14T03:30:04.846+0000] {local_task_job_runner.py:123} INFO - ::group::Pre task execution logs
[2025-01-14T03:30:04.862+0000] {taskinstance.py:2613} INFO - Dependencies all met for dep_context=non-requeueable deps ti=<TaskInstance: crawl_tomato_images.crawl_tomato_images manual__2025-01-14T03:30:01.827304+00:00 [queued]>
[2025-01-14T03:30:04.871+0000] {taskinstance.py:2613} INFO - Dependencies all met for dep_context=requeueable deps ti=<TaskInstance: crawl_tomato_images.crawl_tomato_images manual__2025-01-14T03:30:01.827304+00:00 [queued]>
[2025-01-14T03:30:04.872+0000] {taskinstance.py:2866} INFO - Starting attempt 1 of 2
[2025-01-14T03:30:04.886+0000] {taskinstance.py:2889} INFO - Executing <Task(PythonOperator): crawl_tomato_images> on 2025-01-14 03:30:01.827304+00:00
[2025-01-14T03:30:04.895+0000] {warnings.py:112} WARNING - /home/***/.local/lib/python3.12/site-packages/***/task/task_runner/standard_task_runner.py:70: DeprecationWarning: This process (pid=132) is multi-threaded, use of fork() may lead to deadlocks in the child.
  pid = os.fork()

[2025-01-14T03:30:04.897+0000] {standard_task_runner.py:72} INFO - Started process 134 to run task
[2025-01-14T03:30:04.896+0000] {standard_task_runner.py:104} INFO - Running: ['***', 'tasks', 'run', 'crawl_tomato_images', 'crawl_tomato_images', 'manual__2025-01-14T03:30:01.827304+00:00', '--job-id', '28', '--raw', '--subdir', 'DAGS_FOLDER/craw_check_update.py', '--cfg-path', '/tmp/tmpp28ceuei']
[2025-01-14T03:30:04.897+0000] {standard_task_runner.py:105} INFO - Job 28: Subtask crawl_tomato_images
[2025-01-14T03:30:04.960+0000] {task_command.py:467} INFO - Running <TaskInstance: crawl_tomato_images.crawl_tomato_images manual__2025-01-14T03:30:01.827304+00:00 [running]> on host 0d9f7ac256fb
[2025-01-14T03:30:05.049+0000] {taskinstance.py:3132} INFO - Exporting env vars: AIRFLOW_CTX_DAG_OWNER='***' AIRFLOW_CTX_DAG_ID='crawl_tomato_images' AIRFLOW_CTX_TASK_ID='crawl_tomato_images' AIRFLOW_CTX_EXECUTION_DATE='2025-01-14T03:30:01.827304+00:00' AIRFLOW_CTX_TRY_NUMBER='1' AIRFLOW_CTX_DAG_RUN_ID='manual__2025-01-14T03:30:01.827304+00:00'
[2025-01-14T03:30:05.051+0000] {logging_mixin.py:190} INFO - Task instance is in running state
[2025-01-14T03:30:05.052+0000] {logging_mixin.py:190} INFO -  Previous state of the Task instance: queued
[2025-01-14T03:30:05.052+0000] {logging_mixin.py:190} INFO - Current task name:crawl_tomato_images state:running start_date:2025-01-14 03:30:04.863309+00:00
[2025-01-14T03:30:05.053+0000] {logging_mixin.py:190} INFO - Dag name:crawl_tomato_images and current dag run status:running
[2025-01-14T03:30:05.053+0000] {taskinstance.py:731} INFO - ::endgroup::
[2025-01-14T03:30:05.054+0000] {craw_check_update.py:19} INFO - Đang tải 100 ảnh từ Bing với từ khóa: tomato...
[2025-01-14T03:30:05.055+0000] {logging_mixin.py:190} INFO - [%] Downloading Images to /opt/***/data_lake/tomato
[2025-01-14T03:30:05.056+0000] {logging_mixin.py:190} INFO - 

[!!]Indexing page: 1
[2025-01-14T03:30:05.600+0000] {logging_mixin.py:190} INFO - [%] Indexed 95 Images on Page 1.
[2025-01-14T03:30:05.600+0000] {logging_mixin.py:190} INFO - 
===============================================
[2025-01-14T03:30:05.601+0000] {logging_mixin.py:190} INFO - [%] Downloading Image #1 from https://creativenativefoods.com.au/wp-content/uploads/2020/05/Bush-Tomato-Whole.jpg
[2025-01-14T03:30:07.050+0000] {logging_mixin.py:190} INFO - [%] File Downloaded !
[2025-01-14T03:30:07.050+0000] {logging_mixin.py:190} INFO - [%] Downloading Image #2 from http://feelgrafix.com/data_images/out/27/956610-tomato.jpg
[2025-01-14T03:30:08.305+0000] {logging_mixin.py:190} INFO - [!] Issue getting: http://feelgrafix.com/data_images/out/27/956610-tomato.jpg
[!] Error:: HTTP Error 404: Not Found
[2025-01-14T03:30:08.306+0000] {logging_mixin.py:190} INFO - [%] Downloading Image #2 from https://static.vecteezy.com/system/resources/previews/019/782/597/original/tomato-illustration-element-png.png
[2025-01-14T03:30:08.599+0000] {logging_mixin.py:190} INFO - [%] File Downloaded !
[2025-01-14T03:30:08.600+0000] {logging_mixin.py:190} INFO - [%] Downloading Image #3 from https://static.vecteezy.com/system/resources/previews/018/931/605/original/cartoon-tomato-icon-png.png
[2025-01-14T03:30:08.841+0000] {logging_mixin.py:190} INFO - [%] File Downloaded !
[2025-01-14T03:30:08.842+0000] {logging_mixin.py:190} INFO - [%] Downloading Image #4 from https://static.vecteezy.com/system/resources/previews/024/063/019/original/cartoon-tomato-outline-png.png
[2025-01-14T03:30:09.192+0000] {logging_mixin.py:190} INFO - [%] File Downloaded !
[2025-01-14T03:30:09.193+0000] {logging_mixin.py:190} INFO - [%] Downloading Image #5 from https://upload.wikimedia.org/wikipedia/commons/8/88/Bright_red_tomato_and_cross_section02.jpg
[2025-01-14T03:30:09.582+0000] {logging_mixin.py:190} INFO - [%] File Downloaded !
[2025-01-14T03:30:09.583+0000] {logging_mixin.py:190} INFO - [%] Downloading Image #6 from https://www.tokyoweekender.com/wp-content/uploads/2022/08/Tomato.jpg
[2025-01-14T03:30:10.130+0000] {logging_mixin.py:190} INFO - [%] File Downloaded !
[2025-01-14T03:30:10.131+0000] {logging_mixin.py:190} INFO - [%] Downloading Image #7 from https://cdn.mos.cms.futurecdn.net/tAVzvxkxYFCMTMu7EbqfXP.jpg
[2025-01-14T03:30:10.749+0000] {logging_mixin.py:190} INFO - [%] File Downloaded !
[2025-01-14T03:30:10.750+0000] {logging_mixin.py:190} INFO - [%] Downloading Image #8 from https://sporked.com/wp-content/uploads/2022/11/BEST_TOMATO_JUICE_HEADER.jpg
[2025-01-14T03:30:11.152+0000] {logging_mixin.py:190} INFO - [%] File Downloaded !
[2025-01-14T03:30:11.153+0000] {logging_mixin.py:190} INFO - [%] Downloading Image #9 from https://www.tastingtable.com/img/gallery/when-to-use-tomato-paste-vs-tomato-puree/l-intro-1668094714.jpg
[2025-01-14T03:30:11.601+0000] {logging_mixin.py:190} INFO - [%] File Downloaded !
[2025-01-14T03:30:11.602+0000] {logging_mixin.py:190} INFO - [%] Downloading Image #10 from https://www.thedailymeal.com/img/gallery/11-italian-tomato-varieties-to-get-to-know/l-intro-1686850536.jpg
[2025-01-14T03:30:12.247+0000] {logging_mixin.py:190} INFO - [%] File Downloaded !
[2025-01-14T03:30:12.248+0000] {logging_mixin.py:190} INFO - [%] Downloading Image #11 from https://cdn.morningchores.com/wp-content/uploads/2016/06/Tomato-Varieties.jpg
[2025-01-14T03:30:12.821+0000] {logging_mixin.py:190} INFO - [%] File Downloaded !
[2025-01-14T03:30:12.821+0000] {logging_mixin.py:190} INFO - [%] Downloading Image #12 from https://www.gardeningknowhow.com/wp-content/uploads/2021/07/heap-of-colorful-and-various-tomatoes-1024x768.jpg
[2025-01-14T03:30:16.439+0000] {logging_mixin.py:190} INFO - [%] File Downloaded !
[2025-01-14T03:30:16.440+0000] {logging_mixin.py:190} INFO - [%] Downloading Image #13 from http://wholefedhomestead.com/wp-content/uploads/2014/02/Black-Cherry-Tomatoes.jpg
[2025-01-14T03:30:19.659+0000] {logging_mixin.py:190} INFO - [%] File Downloaded !
[2025-01-14T03:30:19.660+0000] {logging_mixin.py:190} INFO - [%] Downloading Image #14 from https://images.squarespace-cdn.com/content/v1/5fc3c6fcec917750a3e9b173/1620164674322-I0R11ILE0SAO0CEJGWM0/tomatoes.jpg
[2025-01-14T03:30:20.116+0000] {logging_mixin.py:190} INFO - [%] File Downloaded !
[2025-01-14T03:30:20.116+0000] {logging_mixin.py:190} INFO - [%] Downloading Image #15 from https://gardenerspath.com/wp-content/uploads/2020/06/Best-Heirloom-Tomato-Varieties-FB.jpg
[2025-01-14T03:30:20.822+0000] {logging_mixin.py:190} INFO - [%] File Downloaded !
[2025-01-14T03:30:20.823+0000] {logging_mixin.py:190} INFO - [%] Downloading Image #16 from https://www.tomatodirt.com/images/most-popular-tomato-varieties.png
[2025-01-14T03:30:21.564+0000] {logging_mixin.py:190} INFO - [%] File Downloaded !
[2025-01-14T03:30:21.565+0000] {logging_mixin.py:190} INFO - [%] Downloading Image #17 from https://kitchengardenbykatie.com/wp-content/uploads/2021/12/Heritage-Tomato-Varieties-scaled.jpg
[2025-01-14T03:30:22.935+0000] {logging_mixin.py:190} INFO - [!] Issue getting: https://kitchengardenbykatie.com/wp-content/uploads/2021/12/Heritage-Tomato-Varieties-scaled.jpg
[!] Error:: Remote end closed connection without response
[2025-01-14T03:30:22.936+0000] {logging_mixin.py:190} INFO - [%] Downloading Image #17 from https://www.chilebio.cl/wp-content/uploads/2021/12/tomates1-scaled.jpg
[2025-01-14T03:30:27.557+0000] {logging_mixin.py:190} INFO - [%] File Downloaded !
[2025-01-14T03:30:27.558+0000] {logging_mixin.py:190} INFO - [%] Downloading Image #18 from https://i.pinimg.com/originals/a4/6a/2d/a46a2da475dcffbcebc0b4b3c18af10b.jpg
[2025-01-14T03:30:27.834+0000] {logging_mixin.py:190} INFO - [%] File Downloaded !
[2025-01-14T03:30:27.835+0000] {logging_mixin.py:190} INFO - [%] Downloading Image #19 from https://i.pinimg.com/originals/93/01/e8/9301e86e03344eb615d34775c696cda7.jpg
[2025-01-14T03:30:28.355+0000] {logging_mixin.py:190} INFO - [%] File Downloaded !
[2025-01-14T03:30:28.356+0000] {logging_mixin.py:190} INFO - [%] Downloading Image #20 from https://i.pinimg.com/originals/c2/eb/2c/c2eb2c59965f30dfbc89315f77838910.jpg
[2025-01-14T03:30:28.969+0000] {logging_mixin.py:190} INFO - [%] File Downloaded !
[2025-01-14T03:30:28.970+0000] {logging_mixin.py:190} INFO - [%] Downloading Image #21 from https://ohmyveggies.com/wp-content/uploads/2014/08/heirloom-tomatoes.jpg
[2025-01-14T03:30:30.329+0000] {logging_mixin.py:190} INFO - [%] File Downloaded !
[2025-01-14T03:30:30.330+0000] {logging_mixin.py:190} INFO - [%] Downloading Image #22 from http://wingardsmarket.com/wp-content/uploads/2015/06/heirloom-tomato.jpg
[2025-01-14T03:30:31.805+0000] {logging_mixin.py:190} INFO - [%] File Downloaded !
[2025-01-14T03:30:31.806+0000] {logging_mixin.py:190} INFO - [%] Downloading Image #23 from http://www.gardenisto.com/wp-content/uploads/2013/07/20130702_160451.jpg
[2025-01-14T03:30:34.318+0000] {logging_mixin.py:190} INFO - [%] File Downloaded !
[2025-01-14T03:30:34.319+0000] {logging_mixin.py:190} INFO - [%] Downloading Image #24 from https://post.healthline.com/wp-content/uploads/2019/12/tomato-varieties-plum-cherry-roma-heirloom-1200x628-facebook.jpg
[2025-01-14T03:30:34.769+0000] {logging_mixin.py:190} INFO - [%] File Downloaded !
[2025-01-14T03:30:34.769+0000] {logging_mixin.py:190} INFO - [%] Downloading Image #25 from https://www.researchgate.net/publication/352501001/figure/fig1/AS:1038265649987584@1624553229153/Representative-fruits-of-the-10-varieties-of-pepper-P-codes-tomato-T-codes-and.png
[2025-01-14T03:30:34.953+0000] {logging_mixin.py:190} INFO - [!] Issue getting: https://www.researchgate.net/publication/352501001/figure/fig1/AS:1038265649987584@1624553229153/Representative-fruits-of-the-10-varieties-of-pepper-P-codes-tomato-T-codes-and.png
[!] Error:: HTTP Error 403: Forbidden
[2025-01-14T03:30:34.954+0000] {logging_mixin.py:190} INFO - [%] Downloading Image #25 from https://www.kroger.com/content/v2/binary/image/blog/food/types-of-tomatoes-guide/imageset_types-of-tomatoes_03-02--640-x-1630_tomatoes_info-graphic_02-16_52.png
[2025-01-14T03:30:35.491+0000] {logging_mixin.py:190} INFO - [!] Issue getting: https://www.kroger.com/content/v2/binary/image/blog/food/types-of-tomatoes-guide/imageset_types-of-tomatoes_03-02--640-x-1630_tomatoes_info-graphic_02-16_52.png
[!] Error:: HTTP Error 403: Forbidden
[2025-01-14T03:30:35.492+0000] {logging_mixin.py:190} INFO - [%] Downloading Image #25 from https://i.pinimg.com/originals/e7/76/52/e77652bd7be95e312e7b3e0aa3f3259c.jpg
[2025-01-14T03:30:35.696+0000] {logging_mixin.py:190} INFO - [%] File Downloaded !
[2025-01-14T03:30:35.696+0000] {logging_mixin.py:190} INFO - [%] Downloading Image #26 from https://www.allotment-garden.org/wp-content/uploads/2016/04/Black-Opal-Tomatoes.jpg
[2025-01-14T03:30:39.344+0000] {logging_mixin.py:190} INFO - [%] File Downloaded !
[2025-01-14T03:30:39.344+0000] {logging_mixin.py:190} INFO - [%] Downloading Image #27 from https://simplifylivelove.com/wp-content/uploads/2020/08/tomato-growing-tips-1.jpg
[2025-01-14T03:30:41.258+0000] {logging_mixin.py:190} INFO - [%] File Downloaded !
[2025-01-14T03:30:41.258+0000] {logging_mixin.py:190} INFO - [%] Downloading Image #28 from https://imaginacres.com/wp-content/uploads/2014/04/10-Tomato-Growing-Tips-Pinsm-1.jpg
[2025-01-14T03:30:43.201+0000] {logging_mixin.py:190} INFO - [%] File Downloaded !
[2025-01-14T03:30:43.201+0000] {logging_mixin.py:190} INFO - [%] Downloading Image #29 from https://simplifylivelove.com/wp-content/uploads/2023/02/19-Best-Tips-for-Growing-Tomatoes.jpg
[2025-01-14T03:30:44.673+0000] {logging_mixin.py:190} INFO - [%] File Downloaded !
[2025-01-14T03:30:44.674+0000] {logging_mixin.py:190} INFO - [%] Downloading Image #30 from https://www.thespruce.com/thmb/TMRYcJe21L7W5Rn2R8jDqIfVSCk=/5750x3829/filters:fill(auto,1)/top-tomato-growing-tips-1402587-11-c6d6161716fd448fbca41715bbffb1d9.jpg
[2025-01-14T03:30:45.646+0000] {logging_mixin.py:190} INFO - [%] File Downloaded !
[2025-01-14T03:30:45.648+0000] {logging_mixin.py:190} INFO - [%] Downloading Image #31 from https://www.thespruce.com/thmb/r2nrI4RmUzgalSX-zc2DFaXFMPU=/4700x3134/filters:no_upscale():max_bytes(150000):strip_icc()/top-tomato-growing-tips-1402587-01-a44a63731ea846c29dff2fa6a722fae5.jpg
[2025-01-14T03:30:46.442+0000] {logging_mixin.py:190} INFO - [%] File Downloaded !
[2025-01-14T03:30:46.443+0000] {logging_mixin.py:190} INFO - [%] Downloading Image #32 from https://www.thespruce.com/thmb/Yz6URFu2jBjNTO3C9fjWc_ACsS8=/3000x2000/filters:fill(auto,1)/top-tomato-growing-tips-1402587-v4-5b4de02ac9e77c003ebbd6f7.png
[2025-01-14T03:30:47.421+0000] {logging_mixin.py:190} INFO - [%] File Downloaded !
[2025-01-14T03:30:47.421+0000] {logging_mixin.py:190} INFO - [%] Downloading Image #33 from https://www.thespruce.com/thmb/J91toAgjBJ_p4lonWjxDl3Rc3dY=/1600x1075/filters:no_upscale():max_bytes(150000):strip_icc()/Tomato-Seedlings_edited-1-57a0d1655f9b589aa9cba9ab.jpg
[2025-01-14T03:30:47.994+0000] {logging_mixin.py:190} INFO - [%] File Downloaded !
[2025-01-14T03:30:47.995+0000] {logging_mixin.py:190} INFO - [%] Downloading Image #34 from https://gracegritsgarden.com/wp-content/uploads/2020/05/tomato-growing-tips.png
[2025-01-14T03:30:49.168+0000] {logging_mixin.py:190} INFO - [%] File Downloaded !
[2025-01-14T03:30:49.169+0000] {logging_mixin.py:190} INFO - [%] Downloading Image #35 from https://img.sunset02.com/sites/default/files/styles/1000x1000/public/image/2016/10/main/tips-tomato.jpg
[2025-01-14T03:30:49.500+0000] {logging_mixin.py:190} INFO - [%] File Downloaded !
[2025-01-14T03:30:49.500+0000] {logging_mixin.py:190} INFO - [%] Downloading Image #36 from https://www.thespruce.com/thmb/bVnhYJgAMfZ3g3YEN4dIMNA_zos=/5600x3734/filters:no_upscale():max_bytes(150000):strip_icc()/tips-for-growing-tomatoes-in-containers-848216-01-bc0c62366c3b448f9b1f6cd0436a8270.jpg
[2025-01-14T03:30:50.457+0000] {logging_mixin.py:190} INFO - [%] File Downloaded !
[2025-01-14T03:30:50.457+0000] {logging_mixin.py:190} INFO - [%] Downloading Image #37 from https://www.growjourney.com/wp-content/uploads/2021/06/top-ten-tomato-growing-tricks-2.jpg
[2025-01-14T03:30:52.046+0000] {logging_mixin.py:190} INFO - [%] File Downloaded !
[2025-01-14T03:30:52.047+0000] {logging_mixin.py:190} INFO - [%] Downloading Image #38 from http://www.burkesbackyard.com.au/wp-content/uploads/2013/09/Tomato-Growing-Tips.jpg
[2025-01-14T03:30:52.740+0000] {logging_mixin.py:190} INFO - [%] File Downloaded !
[2025-01-14T03:30:52.740+0000] {logging_mixin.py:190} INFO - [%] Downloading Image #39 from https://balconygardenweb.com/wp-content/uploads/2017/07/1.-Choose-an-ideal-location1.jpg
[2025-01-14T03:30:54.341+0000] {logging_mixin.py:190} INFO - [%] File Downloaded !
[2025-01-14T03:30:54.342+0000] {logging_mixin.py:190} INFO - [%] Downloading Image #40 from https://balconygardenweb.com/wp-content/uploads/2017/05/Manitoba-tomato-in-pot.jpg
[2025-01-14T03:30:55.814+0000] {logging_mixin.py:190} INFO - [%] File Downloaded !
[2025-01-14T03:30:55.815+0000] {logging_mixin.py:190} INFO - [%] Downloading Image #41 from https://www.agardenforthehouse.com/wp-content/uploads/2011/11/img_3433.jpg
[2025-01-14T03:30:57.336+0000] {logging_mixin.py:190} INFO - [%] File Downloaded !
[2025-01-14T03:30:57.336+0000] {logging_mixin.py:190} INFO - [%] Downloading Image #42 from http://www.lawncentral.com/wp-content/uploads/2021/02/growing-tomatoes2.jpg
[2025-01-14T03:30:59.693+0000] {logging_mixin.py:190} INFO - [%] File Downloaded !
[2025-01-14T03:30:59.694+0000] {logging_mixin.py:190} INFO - [%] Downloading Image #43 from https://simplelivingcreativelearning.com/wp-content/uploads/2020/11/Tips-for-Growing-Tomatoes.jpg
[2025-01-14T03:31:01.439+0000] {logging_mixin.py:190} INFO - [%] File Downloaded !
[2025-01-14T03:31:01.440+0000] {logging_mixin.py:190} INFO - [%] Downloading Image #44 from https://i.ytimg.com/vi/9w-7RoH_uic/maxresdefault.jpg
[2025-01-14T03:31:02.083+0000] {logging_mixin.py:190} INFO - [%] File Downloaded !
[2025-01-14T03:31:02.083+0000] {logging_mixin.py:190} INFO - [%] Downloading Image #45 from http://thegardeningcook.com/wp-content/uploads/2016/04/growing-tomato-tips-hero.jpg
[2025-01-14T03:31:06.050+0000] {logging_mixin.py:190} INFO - [%] File Downloaded !
[2025-01-14T03:31:06.050+0000] {logging_mixin.py:190} INFO - [%] Downloading Image #46 from https://i2.wp.com/ahealthylifeforme.com/wp-content/uploads/2014/06/10-Tips-for-growing-tomatoes-1.jpg
[2025-01-14T03:31:06.282+0000] {logging_mixin.py:190} INFO - [!] Issue getting: https://i2.wp.com/ahealthylifeforme.com/wp-content/uploads/2014/06/10-Tips-for-growing-tomatoes-1.jpg
[!] Error:: HTTP Error 404: Not Found
[2025-01-14T03:31:06.283+0000] {logging_mixin.py:190} INFO - [%] Downloading Image #46 from https://minnetonkaorchards.com/wp-content/uploads/2022/06/Unhealthy-tomato-plant-960x640.jpg
[2025-01-14T03:31:06.659+0000] {logging_mixin.py:190} INFO - [%] File Downloaded !
[2025-01-14T03:31:06.660+0000] {logging_mixin.py:190} INFO - [%] Downloading Image #47 from https://proficientgarden.com/wp-content/uploads/2022/03/tomatoes-4238247_1280.jpg
[2025-01-14T03:31:08.579+0000] {logging_mixin.py:190} INFO - [%] File Downloaded !
[2025-01-14T03:31:08.580+0000] {logging_mixin.py:190} INFO - [%] Downloading Image #48 from https://cherryblossomlife.com/wp-content/uploads/2019/04/tomato-plant-care.jpg
[2025-01-14T03:31:10.037+0000] {logging_mixin.py:190} INFO - [%] File Downloaded !
[2025-01-14T03:31:10.038+0000] {logging_mixin.py:190} INFO - [%] Downloading Image #49 from http://growingtomatoes4you.com/wp-content/uploads/2011/12/Tomato-Plant-Care-01.jpg
[2025-01-14T03:31:10.505+0000] {logging_mixin.py:190} INFO - [!] Issue getting: http://growingtomatoes4you.com/wp-content/uploads/2011/12/Tomato-Plant-Care-01.jpg
[!] Error:: Remote end closed connection without response
[2025-01-14T03:31:10.506+0000] {logging_mixin.py:190} INFO - [%] Downloading Image #49 from https://i.pinimg.com/736x/6c/48/6f/6c486f058caa42c8ba3fae288ca354f3.jpg
[2025-01-14T03:31:11.056+0000] {logging_mixin.py:190} INFO - [%] File Downloaded !
[2025-01-14T03:31:11.057+0000] {logging_mixin.py:190} INFO - [%] Downloading Image #50 from http://cherryblossomlife.com/wp-content/uploads/2019/04/tomato-plant-care-1.jpg
[2025-01-14T03:31:12.440+0000] {logging_mixin.py:190} INFO - [%] File Downloaded !
[2025-01-14T03:31:12.441+0000] {logging_mixin.py:190} INFO - [%] Downloading Image #51 from https://cherryblossomlife.com/wp-content/uploads/2019/04/Basic-care.jpg
[2025-01-14T03:31:14.079+0000] {logging_mixin.py:190} INFO - [%] File Downloaded !
[2025-01-14T03:31:14.079+0000] {logging_mixin.py:190} INFO - [%] Downloading Image #52 from https://i.pinimg.com/originals/ed/d9/72/edd972653deeebaeebe407104026666e.jpg
[2025-01-14T03:31:14.639+0000] {logging_mixin.py:190} INFO - [%] File Downloaded !
[2025-01-14T03:31:14.639+0000] {logging_mixin.py:190} INFO - [%] Downloading Image #53 from https://grow.ifa.coop/hubfs/tomato-care-img3a.png
[2025-01-14T03:31:15.606+0000] {logging_mixin.py:190} INFO - [%] File Downloaded !
[2025-01-14T03:31:15.607+0000] {logging_mixin.py:190} INFO - [%] Downloading Image #54 from https://i.pinimg.com/736x/0e/9a/cc/0e9acc32576b640367bfaeeeeb93df41.jpg
[2025-01-14T03:31:16.582+0000] {logging_mixin.py:190} INFO - [%] File Downloaded !
[2025-01-14T03:31:16.583+0000] {logging_mixin.py:190} INFO - [%] Downloading Image #55 from https://kompaser.com/wp-content/uploads/2022/12/avoid-these-6-mistakes-when-buying-tomato-plants.jpg
[2025-01-14T03:31:17.498+0000] {logging_mixin.py:190} INFO - [!] Issue getting: https://kompaser.com/wp-content/uploads/2022/12/avoid-these-6-mistakes-when-buying-tomato-plants.jpg
[!] Error:: HTTP Error 500: Internal Server Error
[2025-01-14T03:31:17.499+0000] {logging_mixin.py:190} INFO - [%] Downloading Image #55 from https://thumbs.dreamstime.com/b/tomato-plant-red-green-tomatoes-33338492.jpg
[2025-01-14T03:31:17.873+0000] {logging_mixin.py:190} INFO - [%] File Downloaded !
[2025-01-14T03:31:17.873+0000] {logging_mixin.py:190} INFO - [%] Downloading Image #56 from https://www.thespruce.com/thmb/L1--rdrkEQlrNuJ7M8oeJ6YXCWA=/2124x1412/filters:fill(auto,1)/GettyImages-1003094952-5c6decdfc9e77c00016930c4.jpg
[2025-01-14T03:31:18.764+0000] {logging_mixin.py:190} INFO - [%] File Downloaded !
[2025-01-14T03:31:18.765+0000] {logging_mixin.py:190} INFO - [%] Downloading Image #57 from https://images.saymedia-content.com/.image/t_share/MTc0MzUzODM3Njc3NzQ5ODk0/grow-a-tomato-plant.jpg
[2025-01-14T03:31:19.298+0000] {logging_mixin.py:190} INFO - [%] File Downloaded !
[2025-01-14T03:31:19.299+0000] {logging_mixin.py:190} INFO - [%] Downloading Image #58 from https://images.saymedia-content.com/.image/t_share/MTc0MzUzODM3Njc3NjE4ODIy/grow-a-tomato-plant.jpg
[2025-01-14T03:31:19.660+0000] {logging_mixin.py:190} INFO - [%] File Downloaded !
[2025-01-14T03:31:19.661+0000] {logging_mixin.py:190} INFO - [%] Downloading Image #59 from https://growingtomatoes4you.com/wp-content/uploads/2011/12/growing-tomatoes-1.jpg
[2025-01-14T03:31:20.441+0000] {logging_mixin.py:190} INFO - [!] Issue getting: https://growingtomatoes4you.com/wp-content/uploads/2011/12/growing-tomatoes-1.jpg
[!] Error:: Remote end closed connection without response
[2025-01-14T03:31:20.442+0000] {logging_mixin.py:190} INFO - [%] Downloading Image #59 from https://cdn.images.express.co.uk/img/dynamic/13/1200x712/4756187.jpg?r=1684257293110
[2025-01-14T03:31:21.438+0000] {logging_mixin.py:190} INFO - [%] File Downloaded !
[2025-01-14T03:31:21.438+0000] {logging_mixin.py:190} INFO - [%] Downloading Image #60 from https://www.nature-and-garden.com/wp-content/uploads/sites/4/2020/08/tomato-care.jpg
[2025-01-14T03:31:22.873+0000] {logging_mixin.py:190} INFO - [%] File Downloaded !
[2025-01-14T03:31:22.874+0000] {logging_mixin.py:190} INFO - [%] Downloading Image #61 from https://gardeningtips.in/wp-content/uploads/2020/10/tomatoes-4434850_1920.jpg
[2025-01-14T03:31:23.375+0000] {logging_mixin.py:190} INFO - [%] File Downloaded !
[2025-01-14T03:31:23.376+0000] {logging_mixin.py:190} INFO - [%] Downloading Image #62 from https://minnetonkaorchards.com/wp-content/uploads/2022/08/BFS-1080x720.jpg
[2025-01-14T03:31:23.688+0000] {logging_mixin.py:190} INFO - [%] File Downloaded !
[2025-01-14T03:31:23.689+0000] {logging_mixin.py:190} INFO - [%] Downloading Image #63 from https://clipart-library.com/8300/1931/tomato-plant-with-fruit-isolated_1639-44286.jpg
[2025-01-14T03:31:24.796+0000] {logging_mixin.py:190} INFO - [%] File Downloaded !
[2025-01-14T03:31:24.797+0000] {logging_mixin.py:190} INFO - [%] Downloading Image #64 from https://familystylefood.com/wp-content/uploads/2022/09/Homemade-Tomato-Paste.jpg
[2025-01-14T03:31:25.295+0000] {logging_mixin.py:190} INFO - [%] File Downloaded !
[2025-01-14T03:31:25.295+0000] {logging_mixin.py:190} INFO - [%] Downloading Image #65 from https://www.southernliving.com/thmb/LrI8jw46B1jq1AThPtJmoC-IcEU=/1500x0/filters:no_upscale():max_bytes(150000):strip_icc()/GettyImages-1368056090-f196e8f115434b14a726b350b0f773df.jpg
[2025-01-14T03:31:25.776+0000] {logging_mixin.py:190} INFO - [%] File Downloaded !
[2025-01-14T03:31:25.777+0000] {logging_mixin.py:190} INFO - [%] Downloading Image #66 from https://homesteadandchill.com/wp-content/uploads/2022/09/how-to-make-tomato-powder-dry-tomato-paste-feature.jpg
[2025-01-14T03:31:26.341+0000] {logging_mixin.py:190} INFO - [%] File Downloaded !
[2025-01-14T03:31:26.342+0000] {logging_mixin.py:190} INFO - [%] Downloading Image #67 from https://www.byrdie.com/thmb/kD6agAHbHCD9hHmaC-t8jolxtko=/1500x0/filters:no_upscale():max_bytes(150000):strip_icc()/Byr_TomatoGirl_LeadRecirc-3f22a1e1ce9b428f9f424e9001ff3365.jpg
[2025-01-14T03:31:27.054+0000] {logging_mixin.py:190} INFO - [%] File Downloaded !
[2025-01-14T03:31:27.055+0000] {logging_mixin.py:190} INFO - [%] Downloading Image #68 from https://www.evolvingtable.com/wp-content/uploads/2022/07/How-to-dice-a-tomato-11.jpg
[2025-01-14T03:31:27.564+0000] {logging_mixin.py:190} INFO - [!] Issue getting: https://www.evolvingtable.com/wp-content/uploads/2022/07/How-to-dice-a-tomato-11.jpg
[!] Error:: HTTP Error 403: Forbidden
[2025-01-14T03:31:27.565+0000] {logging_mixin.py:190} INFO - [%] Downloading Image #68 from https://www.thespruce.com/thmb/vsi1K2MhRVqbZm2jj4HvQo9FP7I=/2124x0/filters:no_upscale():max_bytes(150000):strip_icc()/GettyImages-157375722-d20e3642296142e3a9616fec415bf932.jpg
[2025-01-14T03:31:28.207+0000] {logging_mixin.py:190} INFO - [%] File Downloaded !
[2025-01-14T03:31:28.207+0000] {logging_mixin.py:190} INFO - [%] Downloading Image #69 from https://static.vecteezy.com/system/resources/previews/014/455/767/original/hand-drawn-style-drawing-tomato-png.png
[2025-01-14T03:31:28.445+0000] {logging_mixin.py:190} INFO - [%] File Downloaded !
[2025-01-14T03:31:28.445+0000] {logging_mixin.py:190} INFO - [%] Downloading Image #70 from https://cdn2.vectorstock.com/i/1000x1000/82/96/clipart-tomato-vector-44498296.jpg
[2025-01-14T03:31:28.776+0000] {logging_mixin.py:190} INFO - [%] File Downloaded !
[2025-01-14T03:31:28.776+0000] {logging_mixin.py:190} INFO - [%] Downloading Image #71 from https://static.vecteezy.com/system/resources/previews/013/632/742/original/red-tomato-clip-art-isolated-on-white-background-tomatos-cartoon-infographics-illustration-cartoon-tomato-simple-flat-cute-tomato-for-kindergarten-child-learning-tomato-for-flash-card-of-kids-vector.jpg
[2025-01-14T03:31:28.974+0000] {logging_mixin.py:190} INFO - [%] File Downloaded !
[2025-01-14T03:31:28.974+0000] {logging_mixin.py:190} INFO - [%] Downloading Image #72 from https://jakemp.com/wp-content/uploads/JIC-purple-tomato-4_DSC6194-scaled.jpg
[2025-01-14T03:31:30.674+0000] {logging_mixin.py:190} INFO - [%] File Downloaded !
[2025-01-14T03:31:30.675+0000] {logging_mixin.py:190} INFO - [%] Downloading Image #73 from https://1.bp.blogspot.com/-6yMwvzmhEWI/X3ymOQd-n_I/AAAAAAACAnA/tJJtTSgDAcUOvcDS9BtSwlUYUvBMJ5QegCLcBGAsYHQ/s2643/tomatoes%2B%25289%2529.jpg
[2025-01-14T03:31:31.474+0000] {logging_mixin.py:190} INFO - [%] File Downloaded !
[2025-01-14T03:31:31.475+0000] {logging_mixin.py:190} INFO - [%] Downloading Image #74 from http://cdn.shopify.com/s/files/1/0620/2749/7724/products/tomato-supersweet-100-noa-1.jpg?v=1678729200
[2025-01-14T03:31:31.882+0000] {logging_mixin.py:190} INFO - [%] File Downloaded !
[2025-01-14T03:31:31.883+0000] {logging_mixin.py:190} INFO - [%] Downloading Image #75 from http://upload.wikimedia.org/wikipedia/commons/e/e2/Tomato_Juice.jpg
[2025-01-14T03:31:32.375+0000] {logging_mixin.py:190} INFO - [%] File Downloaded !
[2025-01-14T03:31:32.375+0000] {logging_mixin.py:190} INFO - [%] Downloading Image #76 from http://thisismygarden.com/wp-content/uploads/2023/06/remove-tomato-suckers.jpg
[2025-01-14T03:31:34.353+0000] {logging_mixin.py:190} INFO - [%] File Downloaded !
[2025-01-14T03:31:34.354+0000] {logging_mixin.py:190} INFO - [%] Downloading Image #77 from https://static.vecteezy.com/system/resources/previews/019/155/842/original/life-cycle-of-tomato-plant-stages-of-growth-of-tomato-from-seedling-sprout-to-mature-red-fruits-in-flower-pot-cherry-tomato-growing-stage-illustration-on-white-background-vector.jpg
[2025-01-14T03:31:34.647+0000] {logging_mixin.py:190} INFO - [%] File Downloaded !
[2025-01-14T03:31:34.648+0000] {logging_mixin.py:190} INFO - [%] Downloading Image #78 from https://gachwala.in/wp-content/uploads/2022/07/71zM7n-51kL._SX569_.jpg
[2025-01-14T03:31:35.935+0000] {logging_mixin.py:190} INFO - [%] File Downloaded !
[2025-01-14T03:31:35.936+0000] {logging_mixin.py:190} INFO - [%] Downloading Image #79 from https://www.farmersalmanac.com/wp-content/uploads/2021/01/heirloom-tomatoes-colorful_121470119.jpeg
[2025-01-14T03:31:36.627+0000] {logging_mixin.py:190} INFO - [%] File Downloaded !
[2025-01-14T03:31:36.628+0000] {logging_mixin.py:190} INFO - [%] Downloading Image #80 from https://static.vecteezy.com/system/resources/previews/022/777/312/original/tomato-icon-clipart-vegetable-illustration-vector.jpg
[2025-01-14T03:31:36.849+0000] {logging_mixin.py:190} INFO - [%] File Downloaded !
[2025-01-14T03:31:36.850+0000] {logging_mixin.py:190} INFO - [%] Downloading Image #81 from http://upload.wikimedia.org/wikipedia/commons/8/89/Tomato_je.jpg
[2025-01-14T03:31:37.285+0000] {logging_mixin.py:190} INFO - [%] File Downloaded !
[2025-01-14T03:31:37.286+0000] {logging_mixin.py:190} INFO - [%] Downloading Image #82 from https://agrilifetoday.tamu.edu/wp-content/uploads/2023/03/20210604_The_Gardens_LM_0082.jpg
[2025-01-14T03:31:39.035+0000] {logging_mixin.py:190} INFO - [%] File Downloaded !
[2025-01-14T03:31:39.036+0000] {logging_mixin.py:190} INFO - [%] Downloading Image #83 from https://www.liveeatlearn.com/wp-content/uploads/2023/03/How-to-Cut-Tomatoes-03.jpg
[2025-01-14T03:31:40.753+0000] {logging_mixin.py:190} INFO - [Error]Invalid image, not saving https://www.liveeatlearn.com/wp-content/uploads/2023/03/How-to-Cut-Tomatoes-03.jpg
[2025-01-14T03:31:40.754+0000] {logging_mixin.py:190} INFO - [!] Issue getting: https://www.liveeatlearn.com/wp-content/uploads/2023/03/How-to-Cut-Tomatoes-03.jpg
[!] Error:: Invalid image, not saving https://www.liveeatlearn.com/wp-content/uploads/2023/03/How-to-Cut-Tomatoes-03.jpg
[2025-01-14T03:31:40.755+0000] {logging_mixin.py:190} INFO - [%] Downloading Image #83 from https://www.wholesomeyum.com/wp-content/uploads/2023/03/wholesomeyum-Cucumber-Tomato-Salad-11.jpg
[2025-01-14T03:31:41.542+0000] {logging_mixin.py:190} INFO - [%] File Downloaded !
[2025-01-14T03:31:41.542+0000] {logging_mixin.py:190} INFO - 

[!!]Indexing page: 2
[2025-01-14T03:31:42.137+0000] {logging_mixin.py:190} INFO - [%] Indexed 95 Images on Page 2.
[2025-01-14T03:31:42.138+0000] {logging_mixin.py:190} INFO - 
===============================================
[2025-01-14T03:31:42.138+0000] {logging_mixin.py:190} INFO - [%] Downloading Image #84 from https://www.gardenzeus.com/wp-content/uploads/shutterstock_55574902-scaled.jpg
[2025-01-14T03:31:43.774+0000] {logging_mixin.py:190} INFO - [%] File Downloaded !
[2025-01-14T03:31:43.774+0000] {logging_mixin.py:190} INFO - [%] Downloading Image #85 from https://gardenandhappy.com/wp-content/uploads/2018/10/food-fresh-tomatoes-162830.jpg
[2025-01-14T03:31:44.615+0000] {logging_mixin.py:190} INFO - [%] File Downloaded !
[2025-01-14T03:31:44.616+0000] {logging_mixin.py:190} INFO - [%] Downloading Image #86 from https://4.bp.blogspot.com/-IugwDQpm1_A/UmRCeXomwQI/AAAAAAAAAoQ/nf0tXr9761k/s1600/Tomato+Varieties.jpg
[2025-01-14T03:31:45.290+0000] {logging_mixin.py:190} INFO - [%] File Downloaded !
[2025-01-14T03:31:45.291+0000] {logging_mixin.py:190} INFO - [%] Downloading Image #87 from https://www.tipsbulletin.com/wp-content/uploads/2021/03/roma-tomato-varieties-t1.jpg
[2025-01-14T03:31:45.932+0000] {logging_mixin.py:190} INFO - [%] File Downloaded !
[2025-01-14T03:31:45.933+0000] {logging_mixin.py:190} INFO - [%] Downloading Image #88 from https://www.seedsavers.org/site/img/seo-images/0253-cherokee-purple-tomato-organic.jpg
[2025-01-14T03:31:49.377+0000] {logging_mixin.py:190} INFO - [%] File Downloaded !
[2025-01-14T03:31:49.378+0000] {logging_mixin.py:190} INFO - [%] Downloading Image #89 from https://i.pinimg.com/originals/0b/93/e8/0b93e8b76a9b21682c394d2145e63bba.png
[2025-01-14T03:31:50.515+0000] {logging_mixin.py:190} INFO - [%] File Downloaded !
[2025-01-14T03:31:50.516+0000] {logging_mixin.py:190} INFO - [%] Downloading Image #90 from https://backyardgardenersnetwork.org/wp-content/uploads/2023/01/determinate-tomato-varieties.jpg
[2025-01-14T03:31:51.909+0000] {logging_mixin.py:190} INFO - [%] File Downloaded !
[2025-01-14T03:31:51.909+0000] {logging_mixin.py:190} INFO - [%] Downloading Image #91 from https://i.pinimg.com/originals/d5/fb/52/d5fb520b7c1c4a3640909ee62ce22b8d.jpg
[2025-01-14T03:31:52.514+0000] {logging_mixin.py:190} INFO - [%] File Downloaded !
[2025-01-14T03:31:52.515+0000] {logging_mixin.py:190} INFO - [%] Downloading Image #92 from https://www.growertoday.com/wp-content/uploads/2021/11/Low-Acid-Tomato-Varieties-You-Can-Grow.jpg
[2025-01-14T03:31:55.089+0000] {logging_mixin.py:190} INFO - [%] File Downloaded !
[2025-01-14T03:31:55.090+0000] {logging_mixin.py:190} INFO - [%] Downloading Image #93 from http://www.seasonalwisdom.com/wp-content/uploads/2011/10/tomato-varieties-1.jpg
[2025-01-14T03:31:58.098+0000] {logging_mixin.py:190} INFO - [%] File Downloaded !
[2025-01-14T03:31:58.098+0000] {logging_mixin.py:190} INFO - [%] Downloading Image #94 from https://www.naturallivingideas.com/wp-content/uploads/2019/05/tomato-varieties.jpg
[2025-01-14T03:31:59.502+0000] {logging_mixin.py:190} INFO - [%] File Downloaded !
[2025-01-14T03:31:59.502+0000] {logging_mixin.py:190} INFO - [%] Downloading Image #95 from https://i2.wp.com/farmtojar.com/wp-content/uploads/2020/04/45732016-F38C-4F02-9107-87E83F9862AC.jpeg?resize=1200,1200&amp;ssl=1
[2025-01-14T03:31:59.719+0000] {logging_mixin.py:190} INFO - [!] Issue getting: https://i2.wp.com/farmtojar.com/wp-content/uploads/2020/04/45732016-F38C-4F02-9107-87E83F9862AC.jpeg?resize=1200,1200&amp;ssl=1
[!] Error:: HTTP Error 404: Not Found
[2025-01-14T03:31:59.720+0000] {logging_mixin.py:190} INFO - [%] Downloading Image #95 from https://www.gardeningknowhow.com/wp-content/uploads/2021/07/heap-of-colorful-and-various-tomatoes.jpg
[2025-01-14T03:32:02.911+0000] {logging_mixin.py:190} INFO - [%] File Downloaded !
[2025-01-14T03:32:02.912+0000] {logging_mixin.py:190} INFO - [%] Downloading Image #96 from https://plantinstructions.com/wp-content/uploads/2019/01/best-tomato-varieties.png
[2025-01-14T03:32:03.124+0000] {logging_mixin.py:190} INFO - [!] Issue getting: https://plantinstructions.com/wp-content/uploads/2019/01/best-tomato-varieties.png
[!] Error:: <urlopen error [SSL: UNEXPECTED_EOF_WHILE_READING] EOF occurred in violation of protocol (_ssl.c:1000)>
[2025-01-14T03:32:03.125+0000] {logging_mixin.py:190} INFO - [%] Downloading Image #96 from https://i0.wp.com/www.gardeningchannel.com/wp-content/uploads/2022/09/garden614-Cherokee-Purple-tomatoes-sliced.jpg?w=1200&amp;ssl=1
[2025-01-14T03:32:03.333+0000] {logging_mixin.py:190} INFO - [!] Issue getting: https://i0.wp.com/www.gardeningchannel.com/wp-content/uploads/2022/09/garden614-Cherokee-Purple-tomatoes-sliced.jpg?w=1200&amp;ssl=1
[!] Error:: HTTP Error 404: Not Found
[2025-01-14T03:32:03.334+0000] {logging_mixin.py:190} INFO - [%] Downloading Image #96 from http://outofmyshed.files.wordpress.com/2011/08/tomatoes.jpg
[2025-01-14T03:32:04.687+0000] {logging_mixin.py:190} INFO - [%] File Downloaded !
[2025-01-14T03:32:04.688+0000] {logging_mixin.py:190} INFO - 

[!!]Indexing page: 3
[2025-01-14T03:32:05.174+0000] {logging_mixin.py:190} INFO - [%] Indexed 35 Images on Page 3.
[2025-01-14T03:32:05.174+0000] {logging_mixin.py:190} INFO - 
===============================================
[2025-01-14T03:32:05.175+0000] {logging_mixin.py:190} INFO - [%] Downloading Image #97 from https://cdn.mos.cms.futurecdn.net/LzN4CxeQd2v22mfn2Kxe5M.jpg
[2025-01-14T03:32:05.559+0000] {logging_mixin.py:190} INFO - [%] File Downloaded !
[2025-01-14T03:32:05.560+0000] {logging_mixin.py:190} INFO - [%] Downloading Image #98 from https://www.theseedcollection.com.au/assets/full/E6-02.jpg?20201210132036
[2025-01-14T03:32:07.203+0000] {logging_mixin.py:190} INFO - [%] File Downloaded !
[2025-01-14T03:32:07.204+0000] {logging_mixin.py:190} INFO - [%] Downloading Image #99 from https://thecoconutmama.com/wp-content/uploads/2023/01/Tomato-Fruit-Vegetable-Both-Shutterstock_1620914383-1-scaled.webp
[2025-01-14T03:32:07.613+0000] {logging_mixin.py:190} INFO - [%] File Downloaded !
[2025-01-14T03:32:07.614+0000] {logging_mixin.py:190} INFO - [%] Downloading Image #100 from https://static.vecteezy.com/system/resources/previews/012/038/010/original/doodle-outline-freehand-sketch-drawing-of-tomato-vegetable-free-png.png
[2025-01-14T03:32:07.895+0000] {logging_mixin.py:190} INFO - [%] File Downloaded !
[2025-01-14T03:32:07.896+0000] {logging_mixin.py:190} INFO - 

[%] Done. Downloaded 100 images.
[2025-01-14T03:32:07.896+0000] {craw_check_update.py:28} INFO - Ảnh đã được lưu trong thư mục: data_lake/tomato
[2025-01-14T03:32:07.897+0000] {python.py:240} INFO - Done. Returned value was: None
[2025-01-14T03:32:07.908+0000] {taskinstance.py:340} INFO - ::group::Post task execution logs
[2025-01-14T03:32:07.909+0000] {taskinstance.py:352} INFO - Marking task as SUCCESS. dag_id=crawl_tomato_images, task_id=crawl_tomato_images, run_id=manual__2025-01-14T03:30:01.827304+00:00, execution_date=20250114T033001, start_date=20250114T033004, end_date=20250114T033207
[2025-01-14T03:32:07.923+0000] {logging_mixin.py:190} INFO - Task instance in success state
[2025-01-14T03:32:07.924+0000] {logging_mixin.py:190} INFO -  Previous state of the Task instance: running
[2025-01-14T03:32:07.924+0000] {logging_mixin.py:190} INFO - Dag name:crawl_tomato_images queued_at:2025-01-14 03:30:02.198910+00:00
[2025-01-14T03:32:07.925+0000] {logging_mixin.py:190} INFO - Task hostname:0d9f7ac256fb operator:PythonOperator
[2025-01-14T03:32:07.962+0000] {local_task_job_runner.py:266} INFO - Task exited with return code 0
[2025-01-14T03:32:07.980+0000] {taskinstance.py:3895} INFO - 0 downstream tasks scheduled from follow-on schedule check
[2025-01-14T03:32:07.983+0000] {local_task_job_runner.py:245} INFO - ::endgroup::
