[2025-01-14T03:30:14.696+0000] {processor.py:186} INFO - Started process (PID=702) to work on /opt/airflow/dags/best.pt
[2025-01-14T03:30:14.697+0000] {processor.py:914} INFO - Processing file /opt/airflow/dags/best.pt for tasks to queue
[2025-01-14T03:30:14.698+0000] {logging_mixin.py:190} INFO - [2025-01-14T03:30:14.698+0000] {dagbag.py:588} INFO - Filling up the DagBag from /opt/airflow/dags/best.pt
[2025-01-14T03:30:14.705+0000] {processor.py:927} WARNING - No viable dags retrieved from /opt/airflow/dags/best.pt
[2025-01-14T03:30:14.717+0000] {processor.py:208} INFO - Processing /opt/airflow/dags/best.pt took 0.027 seconds
[2025-01-14T03:30:45.364+0000] {processor.py:186} INFO - Started process (PID=767) to work on /opt/airflow/dags/best.pt
[2025-01-14T03:30:45.365+0000] {processor.py:914} INFO - Processing file /opt/airflow/dags/best.pt for tasks to queue
[2025-01-14T03:30:45.367+0000] {logging_mixin.py:190} INFO - [2025-01-14T03:30:45.366+0000] {dagbag.py:588} INFO - Filling up the DagBag from /opt/airflow/dags/best.pt
[2025-01-14T03:30:45.375+0000] {processor.py:927} WARNING - No viable dags retrieved from /opt/airflow/dags/best.pt
[2025-01-14T03:30:45.388+0000] {processor.py:208} INFO - Processing /opt/airflow/dags/best.pt took 0.031 seconds
[2025-01-14T03:31:16.339+0000] {processor.py:186} INFO - Started process (PID=838) to work on /opt/airflow/dags/best.pt
[2025-01-14T03:31:16.340+0000] {processor.py:914} INFO - Processing file /opt/airflow/dags/best.pt for tasks to queue
[2025-01-14T03:31:16.342+0000] {logging_mixin.py:190} INFO - [2025-01-14T03:31:16.341+0000] {dagbag.py:588} INFO - Filling up the DagBag from /opt/airflow/dags/best.pt
[2025-01-14T03:31:16.351+0000] {processor.py:927} WARNING - No viable dags retrieved from /opt/airflow/dags/best.pt
[2025-01-14T03:31:16.363+0000] {processor.py:208} INFO - Processing /opt/airflow/dags/best.pt took 0.029 seconds
[2025-01-14T03:31:47.174+0000] {processor.py:186} INFO - Started process (PID=903) to work on /opt/airflow/dags/best.pt
[2025-01-14T03:31:47.175+0000] {processor.py:914} INFO - Processing file /opt/airflow/dags/best.pt for tasks to queue
[2025-01-14T03:31:47.177+0000] {logging_mixin.py:190} INFO - [2025-01-14T03:31:47.176+0000] {dagbag.py:588} INFO - Filling up the DagBag from /opt/airflow/dags/best.pt
[2025-01-14T03:31:47.184+0000] {processor.py:927} WARNING - No viable dags retrieved from /opt/airflow/dags/best.pt
[2025-01-14T03:31:47.195+0000] {processor.py:208} INFO - Processing /opt/airflow/dags/best.pt took 0.027 seconds
[2025-01-14T03:32:18.230+0000] {processor.py:186} INFO - Started process (PID=968) to work on /opt/airflow/dags/best.pt
[2025-01-14T03:32:18.231+0000] {processor.py:914} INFO - Processing file /opt/airflow/dags/best.pt for tasks to queue
[2025-01-14T03:32:18.233+0000] {logging_mixin.py:190} INFO - [2025-01-14T03:32:18.232+0000] {dagbag.py:588} INFO - Filling up the DagBag from /opt/airflow/dags/best.pt
[2025-01-14T03:32:18.240+0000] {processor.py:927} WARNING - No viable dags retrieved from /opt/airflow/dags/best.pt
[2025-01-14T03:32:18.252+0000] {processor.py:208} INFO - Processing /opt/airflow/dags/best.pt took 0.028 seconds
[2025-01-14T03:32:49.159+0000] {processor.py:186} INFO - Started process (PID=1037) to work on /opt/airflow/dags/best.pt
[2025-01-14T03:32:49.160+0000] {processor.py:914} INFO - Processing file /opt/airflow/dags/best.pt for tasks to queue
[2025-01-14T03:32:49.161+0000] {logging_mixin.py:190} INFO - [2025-01-14T03:32:49.161+0000] {dagbag.py:588} INFO - Filling up the DagBag from /opt/airflow/dags/best.pt
[2025-01-14T03:32:49.168+0000] {processor.py:927} WARNING - No viable dags retrieved from /opt/airflow/dags/best.pt
[2025-01-14T03:32:49.180+0000] {processor.py:208} INFO - Processing /opt/airflow/dags/best.pt took 0.027 seconds
[2025-01-14T03:33:19.626+0000] {processor.py:186} INFO - Started process (PID=1106) to work on /opt/airflow/dags/best.pt
[2025-01-14T03:33:19.626+0000] {processor.py:914} INFO - Processing file /opt/airflow/dags/best.pt for tasks to queue
[2025-01-14T03:33:19.628+0000] {logging_mixin.py:190} INFO - [2025-01-14T03:33:19.627+0000] {dagbag.py:588} INFO - Filling up the DagBag from /opt/airflow/dags/best.pt
[2025-01-14T03:33:19.635+0000] {processor.py:927} WARNING - No viable dags retrieved from /opt/airflow/dags/best.pt
[2025-01-14T03:33:19.648+0000] {processor.py:208} INFO - Processing /opt/airflow/dags/best.pt took 0.028 seconds
[2025-01-14T03:33:50.677+0000] {processor.py:186} INFO - Started process (PID=1171) to work on /opt/airflow/dags/best.pt
[2025-01-14T03:33:50.678+0000] {processor.py:914} INFO - Processing file /opt/airflow/dags/best.pt for tasks to queue
[2025-01-14T03:33:50.680+0000] {logging_mixin.py:190} INFO - [2025-01-14T03:33:50.679+0000] {dagbag.py:588} INFO - Filling up the DagBag from /opt/airflow/dags/best.pt
[2025-01-14T03:33:50.687+0000] {processor.py:927} WARNING - No viable dags retrieved from /opt/airflow/dags/best.pt
[2025-01-14T03:33:50.700+0000] {processor.py:208} INFO - Processing /opt/airflow/dags/best.pt took 0.030 seconds
[2025-01-14T03:34:20.791+0000] {processor.py:186} INFO - Started process (PID=1236) to work on /opt/airflow/dags/best.pt
[2025-01-14T03:34:20.792+0000] {processor.py:914} INFO - Processing file /opt/airflow/dags/best.pt for tasks to queue
[2025-01-14T03:34:20.794+0000] {logging_mixin.py:190} INFO - [2025-01-14T03:34:20.793+0000] {dagbag.py:588} INFO - Filling up the DagBag from /opt/airflow/dags/best.pt
[2025-01-14T03:34:20.801+0000] {processor.py:927} WARNING - No viable dags retrieved from /opt/airflow/dags/best.pt
[2025-01-14T03:34:20.812+0000] {processor.py:208} INFO - Processing /opt/airflow/dags/best.pt took 0.025 seconds
[2025-01-14T03:34:51.754+0000] {processor.py:186} INFO - Started process (PID=1301) to work on /opt/airflow/dags/best.pt
[2025-01-14T03:34:51.755+0000] {processor.py:914} INFO - Processing file /opt/airflow/dags/best.pt for tasks to queue
[2025-01-14T03:34:51.756+0000] {logging_mixin.py:190} INFO - [2025-01-14T03:34:51.756+0000] {dagbag.py:588} INFO - Filling up the DagBag from /opt/airflow/dags/best.pt
[2025-01-14T03:34:51.763+0000] {processor.py:927} WARNING - No viable dags retrieved from /opt/airflow/dags/best.pt
[2025-01-14T03:34:51.774+0000] {processor.py:208} INFO - Processing /opt/airflow/dags/best.pt took 0.026 seconds
[2025-01-14T03:35:22.422+0000] {processor.py:186} INFO - Started process (PID=1368) to work on /opt/airflow/dags/best.pt
[2025-01-14T03:35:22.423+0000] {processor.py:914} INFO - Processing file /opt/airflow/dags/best.pt for tasks to queue
[2025-01-14T03:35:22.424+0000] {logging_mixin.py:190} INFO - [2025-01-14T03:35:22.424+0000] {dagbag.py:588} INFO - Filling up the DagBag from /opt/airflow/dags/best.pt
[2025-01-14T03:35:22.431+0000] {processor.py:927} WARNING - No viable dags retrieved from /opt/airflow/dags/best.pt
[2025-01-14T03:35:22.443+0000] {processor.py:208} INFO - Processing /opt/airflow/dags/best.pt took 0.026 seconds
[2025-01-14T03:35:53.362+0000] {processor.py:186} INFO - Started process (PID=1433) to work on /opt/airflow/dags/best.pt
[2025-01-14T03:35:53.363+0000] {processor.py:914} INFO - Processing file /opt/airflow/dags/best.pt for tasks to queue
[2025-01-14T03:35:53.364+0000] {logging_mixin.py:190} INFO - [2025-01-14T03:35:53.364+0000] {dagbag.py:588} INFO - Filling up the DagBag from /opt/airflow/dags/best.pt
[2025-01-14T03:35:53.372+0000] {processor.py:927} WARNING - No viable dags retrieved from /opt/airflow/dags/best.pt
[2025-01-14T03:35:53.384+0000] {processor.py:208} INFO - Processing /opt/airflow/dags/best.pt took 0.028 seconds
[2025-01-14T03:36:24.064+0000] {processor.py:186} INFO - Started process (PID=1498) to work on /opt/airflow/dags/best.pt
[2025-01-14T03:36:24.065+0000] {processor.py:914} INFO - Processing file /opt/airflow/dags/best.pt for tasks to queue
[2025-01-14T03:36:24.066+0000] {logging_mixin.py:190} INFO - [2025-01-14T03:36:24.066+0000] {dagbag.py:588} INFO - Filling up the DagBag from /opt/airflow/dags/best.pt
[2025-01-14T03:36:24.074+0000] {processor.py:927} WARNING - No viable dags retrieved from /opt/airflow/dags/best.pt
[2025-01-14T03:36:24.087+0000] {processor.py:208} INFO - Processing /opt/airflow/dags/best.pt took 0.029 seconds
[2025-01-14T03:36:54.454+0000] {processor.py:186} INFO - Started process (PID=1563) to work on /opt/airflow/dags/best.pt
[2025-01-14T03:36:54.455+0000] {processor.py:914} INFO - Processing file /opt/airflow/dags/best.pt for tasks to queue
[2025-01-14T03:36:54.457+0000] {logging_mixin.py:190} INFO - [2025-01-14T03:36:54.456+0000] {dagbag.py:588} INFO - Filling up the DagBag from /opt/airflow/dags/best.pt
[2025-01-14T03:36:54.464+0000] {processor.py:927} WARNING - No viable dags retrieved from /opt/airflow/dags/best.pt
[2025-01-14T03:36:54.475+0000] {processor.py:208} INFO - Processing /opt/airflow/dags/best.pt took 0.026 seconds
[2025-01-14T03:37:25.292+0000] {processor.py:186} INFO - Started process (PID=1628) to work on /opt/airflow/dags/best.pt
[2025-01-14T03:37:25.293+0000] {processor.py:914} INFO - Processing file /opt/airflow/dags/best.pt for tasks to queue
[2025-01-14T03:37:25.295+0000] {logging_mixin.py:190} INFO - [2025-01-14T03:37:25.294+0000] {dagbag.py:588} INFO - Filling up the DagBag from /opt/airflow/dags/best.pt
[2025-01-14T03:37:25.306+0000] {processor.py:927} WARNING - No viable dags retrieved from /opt/airflow/dags/best.pt
[2025-01-14T03:37:25.324+0000] {processor.py:208} INFO - Processing /opt/airflow/dags/best.pt took 0.038 seconds
[2025-01-14T03:37:55.719+0000] {processor.py:186} INFO - Started process (PID=1693) to work on /opt/airflow/dags/best.pt
[2025-01-14T03:37:55.720+0000] {processor.py:914} INFO - Processing file /opt/airflow/dags/best.pt for tasks to queue
[2025-01-14T03:37:55.722+0000] {logging_mixin.py:190} INFO - [2025-01-14T03:37:55.721+0000] {dagbag.py:588} INFO - Filling up the DagBag from /opt/airflow/dags/best.pt
[2025-01-14T03:37:55.730+0000] {processor.py:927} WARNING - No viable dags retrieved from /opt/airflow/dags/best.pt
[2025-01-14T03:37:55.743+0000] {processor.py:208} INFO - Processing /opt/airflow/dags/best.pt took 0.029 seconds
[2025-01-14T03:38:26.517+0000] {processor.py:186} INFO - Started process (PID=1758) to work on /opt/airflow/dags/best.pt
[2025-01-14T03:38:26.518+0000] {processor.py:914} INFO - Processing file /opt/airflow/dags/best.pt for tasks to queue
[2025-01-14T03:38:26.520+0000] {logging_mixin.py:190} INFO - [2025-01-14T03:38:26.519+0000] {dagbag.py:588} INFO - Filling up the DagBag from /opt/airflow/dags/best.pt
[2025-01-14T03:38:26.527+0000] {processor.py:927} WARNING - No viable dags retrieved from /opt/airflow/dags/best.pt
[2025-01-14T03:38:26.538+0000] {processor.py:208} INFO - Processing /opt/airflow/dags/best.pt took 0.026 seconds
[2025-01-14T03:38:57.152+0000] {processor.py:186} INFO - Started process (PID=1823) to work on /opt/airflow/dags/best.pt
[2025-01-14T03:38:57.153+0000] {processor.py:914} INFO - Processing file /opt/airflow/dags/best.pt for tasks to queue
[2025-01-14T03:38:57.154+0000] {logging_mixin.py:190} INFO - [2025-01-14T03:38:57.154+0000] {dagbag.py:588} INFO - Filling up the DagBag from /opt/airflow/dags/best.pt
[2025-01-14T03:38:57.161+0000] {processor.py:927} WARNING - No viable dags retrieved from /opt/airflow/dags/best.pt
[2025-01-14T03:38:57.174+0000] {processor.py:208} INFO - Processing /opt/airflow/dags/best.pt took 0.027 seconds
[2025-01-14T03:39:27.696+0000] {processor.py:186} INFO - Started process (PID=1888) to work on /opt/airflow/dags/best.pt
[2025-01-14T03:39:27.698+0000] {processor.py:914} INFO - Processing file /opt/airflow/dags/best.pt for tasks to queue
[2025-01-14T03:39:27.699+0000] {logging_mixin.py:190} INFO - [2025-01-14T03:39:27.699+0000] {dagbag.py:588} INFO - Filling up the DagBag from /opt/airflow/dags/best.pt
[2025-01-14T03:39:27.707+0000] {processor.py:927} WARNING - No viable dags retrieved from /opt/airflow/dags/best.pt
[2025-01-14T03:39:27.719+0000] {processor.py:208} INFO - Processing /opt/airflow/dags/best.pt took 0.028 seconds
[2025-01-14T03:39:57.968+0000] {processor.py:186} INFO - Started process (PID=1953) to work on /opt/airflow/dags/best.pt
[2025-01-14T03:39:57.969+0000] {processor.py:914} INFO - Processing file /opt/airflow/dags/best.pt for tasks to queue
[2025-01-14T03:39:57.970+0000] {logging_mixin.py:190} INFO - [2025-01-14T03:39:57.970+0000] {dagbag.py:588} INFO - Filling up the DagBag from /opt/airflow/dags/best.pt
[2025-01-14T03:39:57.977+0000] {processor.py:927} WARNING - No viable dags retrieved from /opt/airflow/dags/best.pt
[2025-01-14T03:39:57.990+0000] {processor.py:208} INFO - Processing /opt/airflow/dags/best.pt took 0.028 seconds
[2025-01-14T03:40:28.387+0000] {processor.py:186} INFO - Started process (PID=2018) to work on /opt/airflow/dags/best.pt
[2025-01-14T03:40:28.388+0000] {processor.py:914} INFO - Processing file /opt/airflow/dags/best.pt for tasks to queue
[2025-01-14T03:40:28.389+0000] {logging_mixin.py:190} INFO - [2025-01-14T03:40:28.389+0000] {dagbag.py:588} INFO - Filling up the DagBag from /opt/airflow/dags/best.pt
[2025-01-14T03:40:28.396+0000] {processor.py:927} WARNING - No viable dags retrieved from /opt/airflow/dags/best.pt
[2025-01-14T03:40:28.408+0000] {processor.py:208} INFO - Processing /opt/airflow/dags/best.pt took 0.027 seconds
[2025-01-14T03:41:29.981+0000] {processor.py:186} INFO - Started process (PID=68) to work on /opt/airflow/dags/best.pt
[2025-01-14T03:41:29.983+0000] {processor.py:914} INFO - Processing file /opt/airflow/dags/best.pt for tasks to queue
[2025-01-14T03:41:29.986+0000] {logging_mixin.py:190} INFO - [2025-01-14T03:41:29.985+0000] {dagbag.py:588} INFO - Filling up the DagBag from /opt/airflow/dags/best.pt
[2025-01-14T03:41:30.001+0000] {processor.py:927} WARNING - No viable dags retrieved from /opt/airflow/dags/best.pt
[2025-01-14T03:41:30.017+0000] {processor.py:208} INFO - Processing /opt/airflow/dags/best.pt took 0.041 seconds
[2025-01-14T03:42:01.099+0000] {processor.py:186} INFO - Started process (PID=133) to work on /opt/airflow/dags/best.pt
[2025-01-14T03:42:01.100+0000] {processor.py:914} INFO - Processing file /opt/airflow/dags/best.pt for tasks to queue
[2025-01-14T03:42:01.103+0000] {logging_mixin.py:190} INFO - [2025-01-14T03:42:01.103+0000] {dagbag.py:588} INFO - Filling up the DagBag from /opt/airflow/dags/best.pt
[2025-01-14T03:42:01.111+0000] {processor.py:927} WARNING - No viable dags retrieved from /opt/airflow/dags/best.pt
[2025-01-14T03:42:01.128+0000] {processor.py:208} INFO - Processing /opt/airflow/dags/best.pt took 0.035 seconds
[2025-01-14T03:42:31.308+0000] {processor.py:186} INFO - Started process (PID=204) to work on /opt/airflow/dags/best.pt
[2025-01-14T03:42:31.309+0000] {processor.py:914} INFO - Processing file /opt/airflow/dags/best.pt for tasks to queue
[2025-01-14T03:42:31.312+0000] {logging_mixin.py:190} INFO - [2025-01-14T03:42:31.311+0000] {dagbag.py:588} INFO - Filling up the DagBag from /opt/airflow/dags/best.pt
[2025-01-14T03:42:31.321+0000] {processor.py:927} WARNING - No viable dags retrieved from /opt/airflow/dags/best.pt
[2025-01-14T03:42:31.337+0000] {processor.py:208} INFO - Processing /opt/airflow/dags/best.pt took 0.035 seconds
[2025-01-14T03:43:01.609+0000] {processor.py:186} INFO - Started process (PID=269) to work on /opt/airflow/dags/best.pt
[2025-01-14T03:43:01.610+0000] {processor.py:914} INFO - Processing file /opt/airflow/dags/best.pt for tasks to queue
[2025-01-14T03:43:01.613+0000] {logging_mixin.py:190} INFO - [2025-01-14T03:43:01.612+0000] {dagbag.py:588} INFO - Filling up the DagBag from /opt/airflow/dags/best.pt
[2025-01-14T03:43:01.623+0000] {processor.py:927} WARNING - No viable dags retrieved from /opt/airflow/dags/best.pt
[2025-01-14T03:43:01.639+0000] {processor.py:208} INFO - Processing /opt/airflow/dags/best.pt took 0.036 seconds
[2025-01-14T03:43:31.876+0000] {processor.py:186} INFO - Started process (PID=334) to work on /opt/airflow/dags/best.pt
[2025-01-14T03:43:31.877+0000] {processor.py:914} INFO - Processing file /opt/airflow/dags/best.pt for tasks to queue
[2025-01-14T03:43:31.880+0000] {logging_mixin.py:190} INFO - [2025-01-14T03:43:31.880+0000] {dagbag.py:588} INFO - Filling up the DagBag from /opt/airflow/dags/best.pt
[2025-01-14T03:43:31.891+0000] {processor.py:927} WARNING - No viable dags retrieved from /opt/airflow/dags/best.pt
[2025-01-14T03:43:31.907+0000] {processor.py:208} INFO - Processing /opt/airflow/dags/best.pt took 0.036 seconds
[2025-01-14T03:44:02.647+0000] {processor.py:186} INFO - Started process (PID=399) to work on /opt/airflow/dags/best.pt
[2025-01-14T03:44:02.648+0000] {processor.py:914} INFO - Processing file /opt/airflow/dags/best.pt for tasks to queue
[2025-01-14T03:44:02.657+0000] {logging_mixin.py:190} INFO - [2025-01-14T03:44:02.656+0000] {dagbag.py:588} INFO - Filling up the DagBag from /opt/airflow/dags/best.pt
[2025-01-14T03:44:02.666+0000] {processor.py:927} WARNING - No viable dags retrieved from /opt/airflow/dags/best.pt
[2025-01-14T03:44:02.684+0000] {processor.py:208} INFO - Processing /opt/airflow/dags/best.pt took 0.046 seconds
[2025-01-14T03:44:32.959+0000] {processor.py:186} INFO - Started process (PID=464) to work on /opt/airflow/dags/best.pt
[2025-01-14T03:44:32.960+0000] {processor.py:914} INFO - Processing file /opt/airflow/dags/best.pt for tasks to queue
[2025-01-14T03:44:32.964+0000] {logging_mixin.py:190} INFO - [2025-01-14T03:44:32.963+0000] {dagbag.py:588} INFO - Filling up the DagBag from /opt/airflow/dags/best.pt
[2025-01-14T03:44:32.972+0000] {processor.py:927} WARNING - No viable dags retrieved from /opt/airflow/dags/best.pt
[2025-01-14T03:44:32.987+0000] {processor.py:208} INFO - Processing /opt/airflow/dags/best.pt took 0.033 seconds
[2025-01-14T03:45:03.492+0000] {processor.py:186} INFO - Started process (PID=529) to work on /opt/airflow/dags/best.pt
[2025-01-14T03:45:03.493+0000] {processor.py:914} INFO - Processing file /opt/airflow/dags/best.pt for tasks to queue
[2025-01-14T03:45:03.496+0000] {logging_mixin.py:190} INFO - [2025-01-14T03:45:03.496+0000] {dagbag.py:588} INFO - Filling up the DagBag from /opt/airflow/dags/best.pt
[2025-01-14T03:45:03.506+0000] {processor.py:927} WARNING - No viable dags retrieved from /opt/airflow/dags/best.pt
[2025-01-14T03:45:03.526+0000] {processor.py:208} INFO - Processing /opt/airflow/dags/best.pt took 0.040 seconds
[2025-01-14T03:45:33.768+0000] {processor.py:186} INFO - Started process (PID=594) to work on /opt/airflow/dags/best.pt
[2025-01-14T03:45:33.769+0000] {processor.py:914} INFO - Processing file /opt/airflow/dags/best.pt for tasks to queue
[2025-01-14T03:45:33.772+0000] {logging_mixin.py:190} INFO - [2025-01-14T03:45:33.772+0000] {dagbag.py:588} INFO - Filling up the DagBag from /opt/airflow/dags/best.pt
[2025-01-14T03:45:33.781+0000] {processor.py:927} WARNING - No viable dags retrieved from /opt/airflow/dags/best.pt
[2025-01-14T03:45:33.799+0000] {processor.py:208} INFO - Processing /opt/airflow/dags/best.pt took 0.036 seconds
[2025-01-14T03:46:04.696+0000] {processor.py:186} INFO - Started process (PID=658) to work on /opt/airflow/dags/best.pt
[2025-01-14T03:46:04.697+0000] {processor.py:914} INFO - Processing file /opt/airflow/dags/best.pt for tasks to queue
[2025-01-14T03:46:04.701+0000] {logging_mixin.py:190} INFO - [2025-01-14T03:46:04.700+0000] {dagbag.py:588} INFO - Filling up the DagBag from /opt/airflow/dags/best.pt
[2025-01-14T03:46:04.710+0000] {processor.py:927} WARNING - No viable dags retrieved from /opt/airflow/dags/best.pt
[2025-01-14T03:46:04.730+0000] {processor.py:208} INFO - Processing /opt/airflow/dags/best.pt took 0.039 seconds
[2025-01-14T03:46:35.040+0000] {processor.py:186} INFO - Started process (PID=723) to work on /opt/airflow/dags/best.pt
[2025-01-14T03:46:35.041+0000] {processor.py:914} INFO - Processing file /opt/airflow/dags/best.pt for tasks to queue
[2025-01-14T03:46:35.045+0000] {logging_mixin.py:190} INFO - [2025-01-14T03:46:35.044+0000] {dagbag.py:588} INFO - Filling up the DagBag from /opt/airflow/dags/best.pt
[2025-01-14T03:46:35.054+0000] {processor.py:927} WARNING - No viable dags retrieved from /opt/airflow/dags/best.pt
[2025-01-14T03:46:35.072+0000] {processor.py:208} INFO - Processing /opt/airflow/dags/best.pt took 0.038 seconds
[2025-01-14T03:47:05.844+0000] {processor.py:186} INFO - Started process (PID=788) to work on /opt/airflow/dags/best.pt
[2025-01-14T03:47:05.845+0000] {processor.py:914} INFO - Processing file /opt/airflow/dags/best.pt for tasks to queue
[2025-01-14T03:47:05.848+0000] {logging_mixin.py:190} INFO - [2025-01-14T03:47:05.848+0000] {dagbag.py:588} INFO - Filling up the DagBag from /opt/airflow/dags/best.pt
[2025-01-14T03:47:05.857+0000] {processor.py:927} WARNING - No viable dags retrieved from /opt/airflow/dags/best.pt
[2025-01-14T03:47:05.872+0000] {processor.py:208} INFO - Processing /opt/airflow/dags/best.pt took 0.033 seconds
[2025-01-14T03:47:36.518+0000] {processor.py:186} INFO - Started process (PID=853) to work on /opt/airflow/dags/best.pt
[2025-01-14T03:47:36.519+0000] {processor.py:914} INFO - Processing file /opt/airflow/dags/best.pt for tasks to queue
[2025-01-14T03:47:36.522+0000] {logging_mixin.py:190} INFO - [2025-01-14T03:47:36.521+0000] {dagbag.py:588} INFO - Filling up the DagBag from /opt/airflow/dags/best.pt
[2025-01-14T03:47:36.531+0000] {processor.py:927} WARNING - No viable dags retrieved from /opt/airflow/dags/best.pt
[2025-01-14T03:47:36.552+0000] {processor.py:208} INFO - Processing /opt/airflow/dags/best.pt took 0.040 seconds
[2025-01-14T03:48:07.302+0000] {processor.py:186} INFO - Started process (PID=918) to work on /opt/airflow/dags/best.pt
[2025-01-14T03:48:07.303+0000] {processor.py:914} INFO - Processing file /opt/airflow/dags/best.pt for tasks to queue
[2025-01-14T03:48:07.306+0000] {logging_mixin.py:190} INFO - [2025-01-14T03:48:07.306+0000] {dagbag.py:588} INFO - Filling up the DagBag from /opt/airflow/dags/best.pt
[2025-01-14T03:48:07.314+0000] {processor.py:927} WARNING - No viable dags retrieved from /opt/airflow/dags/best.pt
[2025-01-14T03:48:07.330+0000] {processor.py:208} INFO - Processing /opt/airflow/dags/best.pt took 0.033 seconds
[2025-01-14T03:48:38.336+0000] {processor.py:186} INFO - Started process (PID=984) to work on /opt/airflow/dags/best.pt
[2025-01-14T03:48:38.338+0000] {processor.py:914} INFO - Processing file /opt/airflow/dags/best.pt for tasks to queue
[2025-01-14T03:48:38.341+0000] {logging_mixin.py:190} INFO - [2025-01-14T03:48:38.341+0000] {dagbag.py:588} INFO - Filling up the DagBag from /opt/airflow/dags/best.pt
[2025-01-14T03:48:38.352+0000] {processor.py:927} WARNING - No viable dags retrieved from /opt/airflow/dags/best.pt
[2025-01-14T03:48:38.371+0000] {processor.py:208} INFO - Processing /opt/airflow/dags/best.pt took 0.042 seconds
[2025-01-14T03:49:08.441+0000] {processor.py:186} INFO - Started process (PID=1049) to work on /opt/airflow/dags/best.pt
[2025-01-14T03:49:08.442+0000] {processor.py:914} INFO - Processing file /opt/airflow/dags/best.pt for tasks to queue
[2025-01-14T03:49:08.445+0000] {logging_mixin.py:190} INFO - [2025-01-14T03:49:08.444+0000] {dagbag.py:588} INFO - Filling up the DagBag from /opt/airflow/dags/best.pt
[2025-01-14T03:49:08.452+0000] {processor.py:927} WARNING - No viable dags retrieved from /opt/airflow/dags/best.pt
[2025-01-14T03:49:08.462+0000] {processor.py:208} INFO - Processing /opt/airflow/dags/best.pt took 0.027 seconds
[2025-01-14T03:49:39.285+0000] {processor.py:186} INFO - Started process (PID=1114) to work on /opt/airflow/dags/best.pt
[2025-01-14T03:49:39.286+0000] {processor.py:914} INFO - Processing file /opt/airflow/dags/best.pt for tasks to queue
[2025-01-14T03:49:39.288+0000] {logging_mixin.py:190} INFO - [2025-01-14T03:49:39.287+0000] {dagbag.py:588} INFO - Filling up the DagBag from /opt/airflow/dags/best.pt
[2025-01-14T03:49:39.300+0000] {processor.py:927} WARNING - No viable dags retrieved from /opt/airflow/dags/best.pt
[2025-01-14T03:49:39.317+0000] {processor.py:208} INFO - Processing /opt/airflow/dags/best.pt took 0.038 seconds
[2025-01-14T03:50:10.015+0000] {processor.py:186} INFO - Started process (PID=1179) to work on /opt/airflow/dags/best.pt
[2025-01-14T03:50:10.016+0000] {processor.py:914} INFO - Processing file /opt/airflow/dags/best.pt for tasks to queue
[2025-01-14T03:50:10.018+0000] {logging_mixin.py:190} INFO - [2025-01-14T03:50:10.018+0000] {dagbag.py:588} INFO - Filling up the DagBag from /opt/airflow/dags/best.pt
[2025-01-14T03:50:10.028+0000] {processor.py:927} WARNING - No viable dags retrieved from /opt/airflow/dags/best.pt
[2025-01-14T03:50:10.043+0000] {processor.py:208} INFO - Processing /opt/airflow/dags/best.pt took 0.033 seconds
[2025-01-14T03:50:40.800+0000] {processor.py:186} INFO - Started process (PID=1246) to work on /opt/airflow/dags/best.pt
[2025-01-14T03:50:40.802+0000] {processor.py:914} INFO - Processing file /opt/airflow/dags/best.pt for tasks to queue
[2025-01-14T03:50:40.804+0000] {logging_mixin.py:190} INFO - [2025-01-14T03:50:40.803+0000] {dagbag.py:588} INFO - Filling up the DagBag from /opt/airflow/dags/best.pt
[2025-01-14T03:50:40.814+0000] {processor.py:927} WARNING - No viable dags retrieved from /opt/airflow/dags/best.pt
[2025-01-14T03:50:40.828+0000] {processor.py:208} INFO - Processing /opt/airflow/dags/best.pt took 0.035 seconds
[2025-01-14T03:51:10.937+0000] {processor.py:186} INFO - Started process (PID=1312) to work on /opt/airflow/dags/best.pt
[2025-01-14T03:51:10.938+0000] {processor.py:914} INFO - Processing file /opt/airflow/dags/best.pt for tasks to queue
[2025-01-14T03:51:10.940+0000] {logging_mixin.py:190} INFO - [2025-01-14T03:51:10.939+0000] {dagbag.py:588} INFO - Filling up the DagBag from /opt/airflow/dags/best.pt
[2025-01-14T03:51:10.948+0000] {processor.py:927} WARNING - No viable dags retrieved from /opt/airflow/dags/best.pt
[2025-01-14T03:51:10.966+0000] {processor.py:208} INFO - Processing /opt/airflow/dags/best.pt took 0.036 seconds
[2025-01-14T03:51:41.807+0000] {processor.py:186} INFO - Started process (PID=1377) to work on /opt/airflow/dags/best.pt
[2025-01-14T03:51:41.808+0000] {processor.py:914} INFO - Processing file /opt/airflow/dags/best.pt for tasks to queue
[2025-01-14T03:51:41.810+0000] {logging_mixin.py:190} INFO - [2025-01-14T03:51:41.810+0000] {dagbag.py:588} INFO - Filling up the DagBag from /opt/airflow/dags/best.pt
[2025-01-14T03:51:41.819+0000] {processor.py:927} WARNING - No viable dags retrieved from /opt/airflow/dags/best.pt
[2025-01-14T03:51:41.834+0000] {processor.py:208} INFO - Processing /opt/airflow/dags/best.pt took 0.036 seconds
[2025-01-14T03:52:12.619+0000] {processor.py:186} INFO - Started process (PID=1442) to work on /opt/airflow/dags/best.pt
[2025-01-14T03:52:12.621+0000] {processor.py:914} INFO - Processing file /opt/airflow/dags/best.pt for tasks to queue
[2025-01-14T03:52:12.623+0000] {logging_mixin.py:190} INFO - [2025-01-14T03:52:12.623+0000] {dagbag.py:588} INFO - Filling up the DagBag from /opt/airflow/dags/best.pt
[2025-01-14T03:52:12.634+0000] {processor.py:927} WARNING - No viable dags retrieved from /opt/airflow/dags/best.pt
[2025-01-14T03:52:12.651+0000] {processor.py:208} INFO - Processing /opt/airflow/dags/best.pt took 0.040 seconds
[2025-01-14T03:52:43.299+0000] {processor.py:186} INFO - Started process (PID=1507) to work on /opt/airflow/dags/best.pt
[2025-01-14T03:52:43.301+0000] {processor.py:914} INFO - Processing file /opt/airflow/dags/best.pt for tasks to queue
[2025-01-14T03:52:43.302+0000] {logging_mixin.py:190} INFO - [2025-01-14T03:52:43.302+0000] {dagbag.py:588} INFO - Filling up the DagBag from /opt/airflow/dags/best.pt
[2025-01-14T03:52:43.312+0000] {processor.py:927} WARNING - No viable dags retrieved from /opt/airflow/dags/best.pt
[2025-01-14T03:52:43.328+0000] {processor.py:208} INFO - Processing /opt/airflow/dags/best.pt took 0.035 seconds
[2025-01-14T03:53:14.230+0000] {processor.py:186} INFO - Started process (PID=1572) to work on /opt/airflow/dags/best.pt
[2025-01-14T03:53:14.231+0000] {processor.py:914} INFO - Processing file /opt/airflow/dags/best.pt for tasks to queue
[2025-01-14T03:53:14.233+0000] {logging_mixin.py:190} INFO - [2025-01-14T03:53:14.232+0000] {dagbag.py:588} INFO - Filling up the DagBag from /opt/airflow/dags/best.pt
[2025-01-14T03:53:14.241+0000] {processor.py:927} WARNING - No viable dags retrieved from /opt/airflow/dags/best.pt
[2025-01-14T03:53:14.259+0000] {processor.py:208} INFO - Processing /opt/airflow/dags/best.pt took 0.035 seconds
[2025-01-14T03:53:44.945+0000] {processor.py:186} INFO - Started process (PID=1637) to work on /opt/airflow/dags/best.pt
[2025-01-14T03:53:44.949+0000] {processor.py:914} INFO - Processing file /opt/airflow/dags/best.pt for tasks to queue
[2025-01-14T03:53:44.952+0000] {logging_mixin.py:190} INFO - [2025-01-14T03:53:44.951+0000] {dagbag.py:588} INFO - Filling up the DagBag from /opt/airflow/dags/best.pt
[2025-01-14T03:53:44.975+0000] {processor.py:927} WARNING - No viable dags retrieved from /opt/airflow/dags/best.pt
[2025-01-14T03:53:45.008+0000] {processor.py:208} INFO - Processing /opt/airflow/dags/best.pt took 0.075 seconds
[2025-01-14T03:54:15.199+0000] {processor.py:186} INFO - Started process (PID=1702) to work on /opt/airflow/dags/best.pt
[2025-01-14T03:54:15.200+0000] {processor.py:914} INFO - Processing file /opt/airflow/dags/best.pt for tasks to queue
[2025-01-14T03:54:15.202+0000] {logging_mixin.py:190} INFO - [2025-01-14T03:54:15.202+0000] {dagbag.py:588} INFO - Filling up the DagBag from /opt/airflow/dags/best.pt
[2025-01-14T03:54:15.210+0000] {processor.py:927} WARNING - No viable dags retrieved from /opt/airflow/dags/best.pt
[2025-01-14T03:54:15.225+0000] {processor.py:208} INFO - Processing /opt/airflow/dags/best.pt took 0.031 seconds
[2025-01-14T03:54:45.721+0000] {processor.py:186} INFO - Started process (PID=1769) to work on /opt/airflow/dags/best.pt
[2025-01-14T03:54:45.722+0000] {processor.py:914} INFO - Processing file /opt/airflow/dags/best.pt for tasks to queue
[2025-01-14T03:54:45.725+0000] {logging_mixin.py:190} INFO - [2025-01-14T03:54:45.724+0000] {dagbag.py:588} INFO - Filling up the DagBag from /opt/airflow/dags/best.pt
[2025-01-14T03:54:45.736+0000] {processor.py:927} WARNING - No viable dags retrieved from /opt/airflow/dags/best.pt
[2025-01-14T03:54:45.760+0000] {processor.py:208} INFO - Processing /opt/airflow/dags/best.pt took 0.046 seconds
[2025-01-14T03:55:16.145+0000] {processor.py:186} INFO - Started process (PID=1834) to work on /opt/airflow/dags/best.pt
[2025-01-14T03:55:16.147+0000] {processor.py:914} INFO - Processing file /opt/airflow/dags/best.pt for tasks to queue
[2025-01-14T03:55:16.149+0000] {logging_mixin.py:190} INFO - [2025-01-14T03:55:16.148+0000] {dagbag.py:588} INFO - Filling up the DagBag from /opt/airflow/dags/best.pt
[2025-01-14T03:55:16.159+0000] {processor.py:927} WARNING - No viable dags retrieved from /opt/airflow/dags/best.pt
[2025-01-14T03:55:16.173+0000] {processor.py:208} INFO - Processing /opt/airflow/dags/best.pt took 0.033 seconds
[2025-01-14T03:55:46.869+0000] {processor.py:186} INFO - Started process (PID=1900) to work on /opt/airflow/dags/best.pt
[2025-01-14T03:55:46.871+0000] {processor.py:914} INFO - Processing file /opt/airflow/dags/best.pt for tasks to queue
[2025-01-14T03:55:46.872+0000] {logging_mixin.py:190} INFO - [2025-01-14T03:55:46.872+0000] {dagbag.py:588} INFO - Filling up the DagBag from /opt/airflow/dags/best.pt
[2025-01-14T03:55:46.884+0000] {processor.py:927} WARNING - No viable dags retrieved from /opt/airflow/dags/best.pt
[2025-01-14T03:55:46.903+0000] {processor.py:208} INFO - Processing /opt/airflow/dags/best.pt took 0.041 seconds
[2025-01-14T03:56:17.254+0000] {processor.py:186} INFO - Started process (PID=1965) to work on /opt/airflow/dags/best.pt
[2025-01-14T03:56:17.255+0000] {processor.py:914} INFO - Processing file /opt/airflow/dags/best.pt for tasks to queue
[2025-01-14T03:56:17.257+0000] {logging_mixin.py:190} INFO - [2025-01-14T03:56:17.257+0000] {dagbag.py:588} INFO - Filling up the DagBag from /opt/airflow/dags/best.pt
[2025-01-14T03:56:17.269+0000] {processor.py:927} WARNING - No viable dags retrieved from /opt/airflow/dags/best.pt
[2025-01-14T03:56:17.286+0000] {processor.py:208} INFO - Processing /opt/airflow/dags/best.pt took 0.038 seconds
[2025-01-14T03:56:48.270+0000] {processor.py:186} INFO - Started process (PID=2029) to work on /opt/airflow/dags/best.pt
[2025-01-14T03:56:48.271+0000] {processor.py:914} INFO - Processing file /opt/airflow/dags/best.pt for tasks to queue
[2025-01-14T03:56:48.273+0000] {logging_mixin.py:190} INFO - [2025-01-14T03:56:48.273+0000] {dagbag.py:588} INFO - Filling up the DagBag from /opt/airflow/dags/best.pt
[2025-01-14T03:56:48.281+0000] {processor.py:927} WARNING - No viable dags retrieved from /opt/airflow/dags/best.pt
[2025-01-14T03:56:48.298+0000] {processor.py:208} INFO - Processing /opt/airflow/dags/best.pt took 0.033 seconds
[2025-01-14T03:57:18.461+0000] {processor.py:186} INFO - Started process (PID=2095) to work on /opt/airflow/dags/best.pt
[2025-01-14T03:57:18.462+0000] {processor.py:914} INFO - Processing file /opt/airflow/dags/best.pt for tasks to queue
[2025-01-14T03:57:18.463+0000] {logging_mixin.py:190} INFO - [2025-01-14T03:57:18.463+0000] {dagbag.py:588} INFO - Filling up the DagBag from /opt/airflow/dags/best.pt
[2025-01-14T03:57:18.472+0000] {processor.py:927} WARNING - No viable dags retrieved from /opt/airflow/dags/best.pt
[2025-01-14T03:57:18.492+0000] {processor.py:208} INFO - Processing /opt/airflow/dags/best.pt took 0.037 seconds
[2025-01-14T03:57:49.350+0000] {processor.py:186} INFO - Started process (PID=2160) to work on /opt/airflow/dags/best.pt
[2025-01-14T03:57:49.351+0000] {processor.py:914} INFO - Processing file /opt/airflow/dags/best.pt for tasks to queue
[2025-01-14T03:57:49.353+0000] {logging_mixin.py:190} INFO - [2025-01-14T03:57:49.352+0000] {dagbag.py:588} INFO - Filling up the DagBag from /opt/airflow/dags/best.pt
[2025-01-14T03:57:49.360+0000] {processor.py:927} WARNING - No viable dags retrieved from /opt/airflow/dags/best.pt
[2025-01-14T03:57:49.379+0000] {processor.py:208} INFO - Processing /opt/airflow/dags/best.pt took 0.034 seconds
[2025-01-14T03:58:19.762+0000] {processor.py:186} INFO - Started process (PID=2225) to work on /opt/airflow/dags/best.pt
[2025-01-14T03:58:19.763+0000] {processor.py:914} INFO - Processing file /opt/airflow/dags/best.pt for tasks to queue
[2025-01-14T03:58:19.765+0000] {logging_mixin.py:190} INFO - [2025-01-14T03:58:19.765+0000] {dagbag.py:588} INFO - Filling up the DagBag from /opt/airflow/dags/best.pt
[2025-01-14T03:58:19.773+0000] {processor.py:927} WARNING - No viable dags retrieved from /opt/airflow/dags/best.pt
[2025-01-14T03:58:19.792+0000] {processor.py:208} INFO - Processing /opt/airflow/dags/best.pt took 0.035 seconds
[2025-01-14T03:59:01.520+0000] {processor.py:186} INFO - Started process (PID=55) to work on /opt/airflow/dags/best.pt
[2025-01-14T03:59:01.521+0000] {processor.py:914} INFO - Processing file /opt/airflow/dags/best.pt for tasks to queue
[2025-01-14T03:59:01.524+0000] {logging_mixin.py:190} INFO - [2025-01-14T03:59:01.524+0000] {dagbag.py:588} INFO - Filling up the DagBag from /opt/airflow/dags/best.pt
[2025-01-14T03:59:01.532+0000] {processor.py:927} WARNING - No viable dags retrieved from /opt/airflow/dags/best.pt
[2025-01-14T03:59:01.546+0000] {processor.py:208} INFO - Processing /opt/airflow/dags/best.pt took 0.033 seconds
[2025-01-14T03:59:32.280+0000] {processor.py:186} INFO - Started process (PID=126) to work on /opt/airflow/dags/best.pt
[2025-01-14T03:59:32.281+0000] {processor.py:914} INFO - Processing file /opt/airflow/dags/best.pt for tasks to queue
[2025-01-14T03:59:32.284+0000] {logging_mixin.py:190} INFO - [2025-01-14T03:59:32.284+0000] {dagbag.py:588} INFO - Filling up the DagBag from /opt/airflow/dags/best.pt
[2025-01-14T03:59:32.292+0000] {processor.py:927} WARNING - No viable dags retrieved from /opt/airflow/dags/best.pt
[2025-01-14T03:59:32.306+0000] {processor.py:208} INFO - Processing /opt/airflow/dags/best.pt took 0.031 seconds
[2025-01-14T04:00:02.536+0000] {processor.py:186} INFO - Started process (PID=191) to work on /opt/airflow/dags/best.pt
[2025-01-14T04:00:02.538+0000] {processor.py:914} INFO - Processing file /opt/airflow/dags/best.pt for tasks to queue
[2025-01-14T04:00:02.541+0000] {logging_mixin.py:190} INFO - [2025-01-14T04:00:02.541+0000] {dagbag.py:588} INFO - Filling up the DagBag from /opt/airflow/dags/best.pt
[2025-01-14T04:00:02.549+0000] {processor.py:927} WARNING - No viable dags retrieved from /opt/airflow/dags/best.pt
[2025-01-14T04:00:02.562+0000] {processor.py:208} INFO - Processing /opt/airflow/dags/best.pt took 0.033 seconds
[2025-01-14T04:00:33.536+0000] {processor.py:186} INFO - Started process (PID=256) to work on /opt/airflow/dags/best.pt
[2025-01-14T04:00:33.537+0000] {processor.py:914} INFO - Processing file /opt/airflow/dags/best.pt for tasks to queue
[2025-01-14T04:00:33.541+0000] {logging_mixin.py:190} INFO - [2025-01-14T04:00:33.541+0000] {dagbag.py:588} INFO - Filling up the DagBag from /opt/airflow/dags/best.pt
[2025-01-14T04:00:33.554+0000] {processor.py:927} WARNING - No viable dags retrieved from /opt/airflow/dags/best.pt
[2025-01-14T04:00:33.567+0000] {processor.py:208} INFO - Processing /opt/airflow/dags/best.pt took 0.036 seconds
[2025-01-14T04:01:04.649+0000] {processor.py:186} INFO - Started process (PID=321) to work on /opt/airflow/dags/best.pt
[2025-01-14T04:01:04.652+0000] {processor.py:914} INFO - Processing file /opt/airflow/dags/best.pt for tasks to queue
[2025-01-14T04:01:04.654+0000] {logging_mixin.py:190} INFO - [2025-01-14T04:01:04.654+0000] {dagbag.py:588} INFO - Filling up the DagBag from /opt/airflow/dags/best.pt
[2025-01-14T04:01:04.666+0000] {processor.py:927} WARNING - No viable dags retrieved from /opt/airflow/dags/best.pt
[2025-01-14T04:01:04.683+0000] {processor.py:208} INFO - Processing /opt/airflow/dags/best.pt took 0.039 seconds
[2025-01-14T04:01:35.137+0000] {processor.py:186} INFO - Started process (PID=385) to work on /opt/airflow/dags/best.pt
[2025-01-14T04:01:35.138+0000] {processor.py:914} INFO - Processing file /opt/airflow/dags/best.pt for tasks to queue
[2025-01-14T04:01:35.143+0000] {logging_mixin.py:190} INFO - [2025-01-14T04:01:35.142+0000] {dagbag.py:588} INFO - Filling up the DagBag from /opt/airflow/dags/best.pt
[2025-01-14T04:01:35.151+0000] {processor.py:927} WARNING - No viable dags retrieved from /opt/airflow/dags/best.pt
[2025-01-14T04:01:35.166+0000] {processor.py:208} INFO - Processing /opt/airflow/dags/best.pt took 0.034 seconds
[2025-01-14T04:02:05.262+0000] {processor.py:186} INFO - Started process (PID=450) to work on /opt/airflow/dags/best.pt
[2025-01-14T04:02:05.264+0000] {processor.py:914} INFO - Processing file /opt/airflow/dags/best.pt for tasks to queue
[2025-01-14T04:02:05.266+0000] {logging_mixin.py:190} INFO - [2025-01-14T04:02:05.266+0000] {dagbag.py:588} INFO - Filling up the DagBag from /opt/airflow/dags/best.pt
[2025-01-14T04:02:05.274+0000] {processor.py:927} WARNING - No viable dags retrieved from /opt/airflow/dags/best.pt
[2025-01-14T04:02:05.287+0000] {processor.py:208} INFO - Processing /opt/airflow/dags/best.pt took 0.030 seconds
[2025-01-14T04:02:35.872+0000] {processor.py:186} INFO - Started process (PID=515) to work on /opt/airflow/dags/best.pt
[2025-01-14T04:02:35.873+0000] {processor.py:914} INFO - Processing file /opt/airflow/dags/best.pt for tasks to queue
[2025-01-14T04:02:35.876+0000] {logging_mixin.py:190} INFO - [2025-01-14T04:02:35.875+0000] {dagbag.py:588} INFO - Filling up the DagBag from /opt/airflow/dags/best.pt
[2025-01-14T04:02:35.884+0000] {processor.py:927} WARNING - No viable dags retrieved from /opt/airflow/dags/best.pt
[2025-01-14T04:02:35.901+0000] {processor.py:208} INFO - Processing /opt/airflow/dags/best.pt took 0.034 seconds
[2025-01-14T04:03:05.975+0000] {processor.py:186} INFO - Started process (PID=580) to work on /opt/airflow/dags/best.pt
[2025-01-14T04:03:05.977+0000] {processor.py:914} INFO - Processing file /opt/airflow/dags/best.pt for tasks to queue
[2025-01-14T04:03:05.979+0000] {logging_mixin.py:190} INFO - [2025-01-14T04:03:05.979+0000] {dagbag.py:588} INFO - Filling up the DagBag from /opt/airflow/dags/best.pt
[2025-01-14T04:03:05.986+0000] {processor.py:927} WARNING - No viable dags retrieved from /opt/airflow/dags/best.pt
[2025-01-14T04:03:05.999+0000] {processor.py:208} INFO - Processing /opt/airflow/dags/best.pt took 0.028 seconds
[2025-01-14T04:03:36.528+0000] {processor.py:186} INFO - Started process (PID=645) to work on /opt/airflow/dags/best.pt
[2025-01-14T04:03:36.529+0000] {processor.py:914} INFO - Processing file /opt/airflow/dags/best.pt for tasks to queue
[2025-01-14T04:03:36.532+0000] {logging_mixin.py:190} INFO - [2025-01-14T04:03:36.531+0000] {dagbag.py:588} INFO - Filling up the DagBag from /opt/airflow/dags/best.pt
[2025-01-14T04:03:36.540+0000] {processor.py:927} WARNING - No viable dags retrieved from /opt/airflow/dags/best.pt
[2025-01-14T04:03:36.555+0000] {processor.py:208} INFO - Processing /opt/airflow/dags/best.pt took 0.032 seconds
[2025-01-14T04:04:07.312+0000] {processor.py:186} INFO - Started process (PID=709) to work on /opt/airflow/dags/best.pt
[2025-01-14T04:04:07.313+0000] {processor.py:914} INFO - Processing file /opt/airflow/dags/best.pt for tasks to queue
[2025-01-14T04:04:07.316+0000] {logging_mixin.py:190} INFO - [2025-01-14T04:04:07.315+0000] {dagbag.py:588} INFO - Filling up the DagBag from /opt/airflow/dags/best.pt
[2025-01-14T04:04:07.325+0000] {processor.py:927} WARNING - No viable dags retrieved from /opt/airflow/dags/best.pt
[2025-01-14T04:04:07.341+0000] {processor.py:208} INFO - Processing /opt/airflow/dags/best.pt took 0.035 seconds
[2025-01-14T04:04:38.336+0000] {processor.py:186} INFO - Started process (PID=774) to work on /opt/airflow/dags/best.pt
[2025-01-14T04:04:38.337+0000] {processor.py:914} INFO - Processing file /opt/airflow/dags/best.pt for tasks to queue
[2025-01-14T04:04:38.340+0000] {logging_mixin.py:190} INFO - [2025-01-14T04:04:38.340+0000] {dagbag.py:588} INFO - Filling up the DagBag from /opt/airflow/dags/best.pt
[2025-01-14T04:04:38.348+0000] {processor.py:927} WARNING - No viable dags retrieved from /opt/airflow/dags/best.pt
[2025-01-14T04:04:38.365+0000] {processor.py:208} INFO - Processing /opt/airflow/dags/best.pt took 0.036 seconds
[2025-01-14T04:05:09.387+0000] {processor.py:186} INFO - Started process (PID=839) to work on /opt/airflow/dags/best.pt
[2025-01-14T04:05:09.388+0000] {processor.py:914} INFO - Processing file /opt/airflow/dags/best.pt for tasks to queue
[2025-01-14T04:05:09.391+0000] {logging_mixin.py:190} INFO - [2025-01-14T04:05:09.391+0000] {dagbag.py:588} INFO - Filling up the DagBag from /opt/airflow/dags/best.pt
[2025-01-14T04:05:09.400+0000] {processor.py:927} WARNING - No viable dags retrieved from /opt/airflow/dags/best.pt
[2025-01-14T04:05:09.416+0000] {processor.py:208} INFO - Processing /opt/airflow/dags/best.pt took 0.035 seconds
[2025-01-14T04:05:40.284+0000] {processor.py:186} INFO - Started process (PID=904) to work on /opt/airflow/dags/best.pt
[2025-01-14T04:05:40.285+0000] {processor.py:914} INFO - Processing file /opt/airflow/dags/best.pt for tasks to queue
[2025-01-14T04:05:40.288+0000] {logging_mixin.py:190} INFO - [2025-01-14T04:05:40.288+0000] {dagbag.py:588} INFO - Filling up the DagBag from /opt/airflow/dags/best.pt
[2025-01-14T04:05:40.296+0000] {processor.py:927} WARNING - No viable dags retrieved from /opt/airflow/dags/best.pt
[2025-01-14T04:05:40.315+0000] {processor.py:208} INFO - Processing /opt/airflow/dags/best.pt took 0.037 seconds
[2025-01-14T04:06:10.385+0000] {processor.py:186} INFO - Started process (PID=970) to work on /opt/airflow/dags/best.pt
[2025-01-14T04:06:10.386+0000] {processor.py:914} INFO - Processing file /opt/airflow/dags/best.pt for tasks to queue
[2025-01-14T04:06:10.389+0000] {logging_mixin.py:190} INFO - [2025-01-14T04:06:10.389+0000] {dagbag.py:588} INFO - Filling up the DagBag from /opt/airflow/dags/best.pt
[2025-01-14T04:06:10.396+0000] {processor.py:927} WARNING - No viable dags retrieved from /opt/airflow/dags/best.pt
[2025-01-14T04:06:10.409+0000] {processor.py:208} INFO - Processing /opt/airflow/dags/best.pt took 0.030 seconds
[2025-01-14T04:06:40.570+0000] {processor.py:186} INFO - Started process (PID=1035) to work on /opt/airflow/dags/best.pt
[2025-01-14T04:06:40.571+0000] {processor.py:914} INFO - Processing file /opt/airflow/dags/best.pt for tasks to queue
[2025-01-14T04:06:40.574+0000] {logging_mixin.py:190} INFO - [2025-01-14T04:06:40.574+0000] {dagbag.py:588} INFO - Filling up the DagBag from /opt/airflow/dags/best.pt
[2025-01-14T04:06:40.581+0000] {processor.py:927} WARNING - No viable dags retrieved from /opt/airflow/dags/best.pt
[2025-01-14T04:06:40.597+0000] {processor.py:208} INFO - Processing /opt/airflow/dags/best.pt took 0.032 seconds
[2025-01-14T04:07:10.863+0000] {processor.py:186} INFO - Started process (PID=1100) to work on /opt/airflow/dags/best.pt
[2025-01-14T04:07:10.864+0000] {processor.py:914} INFO - Processing file /opt/airflow/dags/best.pt for tasks to queue
[2025-01-14T04:07:10.867+0000] {logging_mixin.py:190} INFO - [2025-01-14T04:07:10.866+0000] {dagbag.py:588} INFO - Filling up the DagBag from /opt/airflow/dags/best.pt
[2025-01-14T04:07:10.875+0000] {processor.py:927} WARNING - No viable dags retrieved from /opt/airflow/dags/best.pt
[2025-01-14T04:07:10.894+0000] {processor.py:208} INFO - Processing /opt/airflow/dags/best.pt took 0.038 seconds
[2025-01-14T04:07:41.003+0000] {processor.py:186} INFO - Started process (PID=1166) to work on /opt/airflow/dags/best.pt
[2025-01-14T04:07:41.004+0000] {processor.py:914} INFO - Processing file /opt/airflow/dags/best.pt for tasks to queue
[2025-01-14T04:07:41.008+0000] {logging_mixin.py:190} INFO - [2025-01-14T04:07:41.007+0000] {dagbag.py:588} INFO - Filling up the DagBag from /opt/airflow/dags/best.pt
[2025-01-14T04:07:41.016+0000] {processor.py:927} WARNING - No viable dags retrieved from /opt/airflow/dags/best.pt
[2025-01-14T04:07:41.031+0000] {processor.py:208} INFO - Processing /opt/airflow/dags/best.pt took 0.034 seconds
[2025-01-14T04:08:11.891+0000] {processor.py:186} INFO - Started process (PID=1231) to work on /opt/airflow/dags/best.pt
[2025-01-14T04:08:11.892+0000] {processor.py:914} INFO - Processing file /opt/airflow/dags/best.pt for tasks to queue
[2025-01-14T04:08:11.896+0000] {logging_mixin.py:190} INFO - [2025-01-14T04:08:11.896+0000] {dagbag.py:588} INFO - Filling up the DagBag from /opt/airflow/dags/best.pt
[2025-01-14T04:08:11.906+0000] {processor.py:927} WARNING - No viable dags retrieved from /opt/airflow/dags/best.pt
[2025-01-14T04:08:11.923+0000] {processor.py:208} INFO - Processing /opt/airflow/dags/best.pt took 0.039 seconds
[2025-01-14T04:08:42.215+0000] {processor.py:186} INFO - Started process (PID=1296) to work on /opt/airflow/dags/best.pt
[2025-01-14T04:08:42.216+0000] {processor.py:914} INFO - Processing file /opt/airflow/dags/best.pt for tasks to queue
[2025-01-14T04:08:42.219+0000] {logging_mixin.py:190} INFO - [2025-01-14T04:08:42.219+0000] {dagbag.py:588} INFO - Filling up the DagBag from /opt/airflow/dags/best.pt
[2025-01-14T04:08:42.228+0000] {processor.py:927} WARNING - No viable dags retrieved from /opt/airflow/dags/best.pt
[2025-01-14T04:08:42.247+0000] {processor.py:208} INFO - Processing /opt/airflow/dags/best.pt took 0.038 seconds
[2025-01-14T04:09:12.573+0000] {processor.py:186} INFO - Started process (PID=1361) to work on /opt/airflow/dags/best.pt
[2025-01-14T04:09:12.574+0000] {processor.py:914} INFO - Processing file /opt/airflow/dags/best.pt for tasks to queue
[2025-01-14T04:09:12.576+0000] {logging_mixin.py:190} INFO - [2025-01-14T04:09:12.576+0000] {dagbag.py:588} INFO - Filling up the DagBag from /opt/airflow/dags/best.pt
[2025-01-14T04:09:12.584+0000] {processor.py:927} WARNING - No viable dags retrieved from /opt/airflow/dags/best.pt
[2025-01-14T04:09:12.598+0000] {processor.py:208} INFO - Processing /opt/airflow/dags/best.pt took 0.031 seconds
[2025-01-14T04:09:43.342+0000] {processor.py:186} INFO - Started process (PID=1426) to work on /opt/airflow/dags/best.pt
[2025-01-14T04:09:43.343+0000] {processor.py:914} INFO - Processing file /opt/airflow/dags/best.pt for tasks to queue
[2025-01-14T04:09:43.347+0000] {logging_mixin.py:190} INFO - [2025-01-14T04:09:43.346+0000] {dagbag.py:588} INFO - Filling up the DagBag from /opt/airflow/dags/best.pt
[2025-01-14T04:09:43.356+0000] {processor.py:927} WARNING - No viable dags retrieved from /opt/airflow/dags/best.pt
[2025-01-14T04:09:43.373+0000] {processor.py:208} INFO - Processing /opt/airflow/dags/best.pt took 0.036 seconds
[2025-01-14T04:10:13.540+0000] {processor.py:186} INFO - Started process (PID=1491) to work on /opt/airflow/dags/best.pt
[2025-01-14T04:10:13.541+0000] {processor.py:914} INFO - Processing file /opt/airflow/dags/best.pt for tasks to queue
[2025-01-14T04:10:13.544+0000] {logging_mixin.py:190} INFO - [2025-01-14T04:10:13.544+0000] {dagbag.py:588} INFO - Filling up the DagBag from /opt/airflow/dags/best.pt
[2025-01-14T04:10:13.552+0000] {processor.py:927} WARNING - No viable dags retrieved from /opt/airflow/dags/best.pt
[2025-01-14T04:10:13.570+0000] {processor.py:208} INFO - Processing /opt/airflow/dags/best.pt took 0.036 seconds
[2025-01-14T04:10:43.919+0000] {processor.py:186} INFO - Started process (PID=1555) to work on /opt/airflow/dags/best.pt
[2025-01-14T04:10:43.920+0000] {processor.py:914} INFO - Processing file /opt/airflow/dags/best.pt for tasks to queue
[2025-01-14T04:10:43.922+0000] {logging_mixin.py:190} INFO - [2025-01-14T04:10:43.922+0000] {dagbag.py:588} INFO - Filling up the DagBag from /opt/airflow/dags/best.pt
[2025-01-14T04:10:43.930+0000] {processor.py:927} WARNING - No viable dags retrieved from /opt/airflow/dags/best.pt
[2025-01-14T04:10:43.948+0000] {processor.py:208} INFO - Processing /opt/airflow/dags/best.pt took 0.035 seconds
[2025-01-14T04:11:14.757+0000] {processor.py:186} INFO - Started process (PID=1620) to work on /opt/airflow/dags/best.pt
[2025-01-14T04:11:14.758+0000] {processor.py:914} INFO - Processing file /opt/airflow/dags/best.pt for tasks to queue
[2025-01-14T04:11:14.761+0000] {logging_mixin.py:190} INFO - [2025-01-14T04:11:14.760+0000] {dagbag.py:588} INFO - Filling up the DagBag from /opt/airflow/dags/best.pt
[2025-01-14T04:11:14.768+0000] {processor.py:927} WARNING - No viable dags retrieved from /opt/airflow/dags/best.pt
[2025-01-14T04:11:14.782+0000] {processor.py:208} INFO - Processing /opt/airflow/dags/best.pt took 0.031 seconds
[2025-01-14T04:11:45.656+0000] {processor.py:186} INFO - Started process (PID=1685) to work on /opt/airflow/dags/best.pt
[2025-01-14T04:11:45.657+0000] {processor.py:914} INFO - Processing file /opt/airflow/dags/best.pt for tasks to queue
[2025-01-14T04:11:45.660+0000] {logging_mixin.py:190} INFO - [2025-01-14T04:11:45.659+0000] {dagbag.py:588} INFO - Filling up the DagBag from /opt/airflow/dags/best.pt
[2025-01-14T04:11:45.669+0000] {processor.py:927} WARNING - No viable dags retrieved from /opt/airflow/dags/best.pt
[2025-01-14T04:11:45.686+0000] {processor.py:208} INFO - Processing /opt/airflow/dags/best.pt took 0.036 seconds
[2025-01-14T04:12:16.643+0000] {processor.py:186} INFO - Started process (PID=1750) to work on /opt/airflow/dags/best.pt
[2025-01-14T04:12:16.644+0000] {processor.py:914} INFO - Processing file /opt/airflow/dags/best.pt for tasks to queue
[2025-01-14T04:12:16.647+0000] {logging_mixin.py:190} INFO - [2025-01-14T04:12:16.647+0000] {dagbag.py:588} INFO - Filling up the DagBag from /opt/airflow/dags/best.pt
[2025-01-14T04:12:16.657+0000] {processor.py:927} WARNING - No viable dags retrieved from /opt/airflow/dags/best.pt
[2025-01-14T04:12:16.673+0000] {processor.py:208} INFO - Processing /opt/airflow/dags/best.pt took 0.036 seconds
[2025-01-14T04:12:47.639+0000] {processor.py:186} INFO - Started process (PID=1815) to work on /opt/airflow/dags/best.pt
[2025-01-14T04:12:47.640+0000] {processor.py:914} INFO - Processing file /opt/airflow/dags/best.pt for tasks to queue
[2025-01-14T04:12:47.645+0000] {logging_mixin.py:190} INFO - [2025-01-14T04:12:47.644+0000] {dagbag.py:588} INFO - Filling up the DagBag from /opt/airflow/dags/best.pt
[2025-01-14T04:12:47.654+0000] {processor.py:927} WARNING - No viable dags retrieved from /opt/airflow/dags/best.pt
[2025-01-14T04:12:47.676+0000] {processor.py:208} INFO - Processing /opt/airflow/dags/best.pt took 0.044 seconds
[2025-01-14T04:13:18.138+0000] {processor.py:186} INFO - Started process (PID=1880) to work on /opt/airflow/dags/best.pt
[2025-01-14T04:13:18.139+0000] {processor.py:914} INFO - Processing file /opt/airflow/dags/best.pt for tasks to queue
[2025-01-14T04:13:18.143+0000] {logging_mixin.py:190} INFO - [2025-01-14T04:13:18.142+0000] {dagbag.py:588} INFO - Filling up the DagBag from /opt/airflow/dags/best.pt
[2025-01-14T04:13:18.152+0000] {processor.py:927} WARNING - No viable dags retrieved from /opt/airflow/dags/best.pt
[2025-01-14T04:13:18.170+0000] {processor.py:208} INFO - Processing /opt/airflow/dags/best.pt took 0.038 seconds
[2025-01-14T04:13:48.802+0000] {processor.py:186} INFO - Started process (PID=1945) to work on /opt/airflow/dags/best.pt
[2025-01-14T04:13:48.803+0000] {processor.py:914} INFO - Processing file /opt/airflow/dags/best.pt for tasks to queue
[2025-01-14T04:13:48.806+0000] {logging_mixin.py:190} INFO - [2025-01-14T04:13:48.806+0000] {dagbag.py:588} INFO - Filling up the DagBag from /opt/airflow/dags/best.pt
[2025-01-14T04:13:48.818+0000] {processor.py:927} WARNING - No viable dags retrieved from /opt/airflow/dags/best.pt
[2025-01-14T04:13:48.834+0000] {processor.py:208} INFO - Processing /opt/airflow/dags/best.pt took 0.039 seconds
[2025-01-14T04:14:18.906+0000] {processor.py:186} INFO - Started process (PID=2010) to work on /opt/airflow/dags/best.pt
[2025-01-14T04:14:18.908+0000] {processor.py:914} INFO - Processing file /opt/airflow/dags/best.pt for tasks to queue
[2025-01-14T04:14:18.911+0000] {logging_mixin.py:190} INFO - [2025-01-14T04:14:18.911+0000] {dagbag.py:588} INFO - Filling up the DagBag from /opt/airflow/dags/best.pt
[2025-01-14T04:14:18.919+0000] {processor.py:927} WARNING - No viable dags retrieved from /opt/airflow/dags/best.pt
[2025-01-14T04:14:18.934+0000] {processor.py:208} INFO - Processing /opt/airflow/dags/best.pt took 0.033 seconds
[2025-01-14T04:14:49.131+0000] {processor.py:186} INFO - Started process (PID=2075) to work on /opt/airflow/dags/best.pt
[2025-01-14T04:14:49.132+0000] {processor.py:914} INFO - Processing file /opt/airflow/dags/best.pt for tasks to queue
[2025-01-14T04:14:49.135+0000] {logging_mixin.py:190} INFO - [2025-01-14T04:14:49.134+0000] {dagbag.py:588} INFO - Filling up the DagBag from /opt/airflow/dags/best.pt
[2025-01-14T04:14:49.146+0000] {processor.py:927} WARNING - No viable dags retrieved from /opt/airflow/dags/best.pt
[2025-01-14T04:14:49.160+0000] {processor.py:208} INFO - Processing /opt/airflow/dags/best.pt took 0.035 seconds
[2025-01-14T04:15:19.390+0000] {processor.py:186} INFO - Started process (PID=2140) to work on /opt/airflow/dags/best.pt
[2025-01-14T04:15:19.391+0000] {processor.py:914} INFO - Processing file /opt/airflow/dags/best.pt for tasks to queue
[2025-01-14T04:15:19.393+0000] {logging_mixin.py:190} INFO - [2025-01-14T04:15:19.393+0000] {dagbag.py:588} INFO - Filling up the DagBag from /opt/airflow/dags/best.pt
[2025-01-14T04:15:19.401+0000] {processor.py:927} WARNING - No viable dags retrieved from /opt/airflow/dags/best.pt
[2025-01-14T04:15:19.421+0000] {processor.py:208} INFO - Processing /opt/airflow/dags/best.pt took 0.038 seconds
[2025-01-14T04:15:49.512+0000] {processor.py:186} INFO - Started process (PID=2205) to work on /opt/airflow/dags/best.pt
[2025-01-14T04:15:49.514+0000] {processor.py:914} INFO - Processing file /opt/airflow/dags/best.pt for tasks to queue
[2025-01-14T04:15:49.517+0000] {logging_mixin.py:190} INFO - [2025-01-14T04:15:49.516+0000] {dagbag.py:588} INFO - Filling up the DagBag from /opt/airflow/dags/best.pt
[2025-01-14T04:15:49.525+0000] {processor.py:927} WARNING - No viable dags retrieved from /opt/airflow/dags/best.pt
[2025-01-14T04:15:49.538+0000] {processor.py:208} INFO - Processing /opt/airflow/dags/best.pt took 0.031 seconds
[2025-01-14T04:16:20.470+0000] {processor.py:186} INFO - Started process (PID=2270) to work on /opt/airflow/dags/best.pt
[2025-01-14T04:16:20.471+0000] {processor.py:914} INFO - Processing file /opt/airflow/dags/best.pt for tasks to queue
[2025-01-14T04:16:20.474+0000] {logging_mixin.py:190} INFO - [2025-01-14T04:16:20.473+0000] {dagbag.py:588} INFO - Filling up the DagBag from /opt/airflow/dags/best.pt
[2025-01-14T04:16:20.486+0000] {processor.py:927} WARNING - No viable dags retrieved from /opt/airflow/dags/best.pt
[2025-01-14T04:16:20.505+0000] {processor.py:208} INFO - Processing /opt/airflow/dags/best.pt took 0.041 seconds
[2025-01-14T04:16:51.520+0000] {processor.py:186} INFO - Started process (PID=2335) to work on /opt/airflow/dags/best.pt
[2025-01-14T04:16:51.521+0000] {processor.py:914} INFO - Processing file /opt/airflow/dags/best.pt for tasks to queue
[2025-01-14T04:16:51.524+0000] {logging_mixin.py:190} INFO - [2025-01-14T04:16:51.524+0000] {dagbag.py:588} INFO - Filling up the DagBag from /opt/airflow/dags/best.pt
[2025-01-14T04:16:51.533+0000] {processor.py:927} WARNING - No viable dags retrieved from /opt/airflow/dags/best.pt
[2025-01-14T04:16:51.552+0000] {processor.py:208} INFO - Processing /opt/airflow/dags/best.pt took 0.037 seconds
[2025-01-14T04:17:21.776+0000] {processor.py:186} INFO - Started process (PID=2401) to work on /opt/airflow/dags/best.pt
[2025-01-14T04:17:21.777+0000] {processor.py:914} INFO - Processing file /opt/airflow/dags/best.pt for tasks to queue
[2025-01-14T04:17:21.780+0000] {logging_mixin.py:190} INFO - [2025-01-14T04:17:21.780+0000] {dagbag.py:588} INFO - Filling up the DagBag from /opt/airflow/dags/best.pt
[2025-01-14T04:17:21.788+0000] {processor.py:927} WARNING - No viable dags retrieved from /opt/airflow/dags/best.pt
[2025-01-14T04:17:21.807+0000] {processor.py:208} INFO - Processing /opt/airflow/dags/best.pt took 0.036 seconds
[2025-01-14T04:17:52.318+0000] {processor.py:186} INFO - Started process (PID=2466) to work on /opt/airflow/dags/best.pt
[2025-01-14T04:17:52.319+0000] {processor.py:914} INFO - Processing file /opt/airflow/dags/best.pt for tasks to queue
[2025-01-14T04:17:52.323+0000] {logging_mixin.py:190} INFO - [2025-01-14T04:17:52.322+0000] {dagbag.py:588} INFO - Filling up the DagBag from /opt/airflow/dags/best.pt
[2025-01-14T04:17:52.333+0000] {processor.py:927} WARNING - No viable dags retrieved from /opt/airflow/dags/best.pt
[2025-01-14T04:17:52.351+0000] {processor.py:208} INFO - Processing /opt/airflow/dags/best.pt took 0.040 seconds
[2025-01-14T04:18:22.846+0000] {processor.py:186} INFO - Started process (PID=2531) to work on /opt/airflow/dags/best.pt
[2025-01-14T04:18:22.847+0000] {processor.py:914} INFO - Processing file /opt/airflow/dags/best.pt for tasks to queue
[2025-01-14T04:18:22.850+0000] {logging_mixin.py:190} INFO - [2025-01-14T04:18:22.850+0000] {dagbag.py:588} INFO - Filling up the DagBag from /opt/airflow/dags/best.pt
[2025-01-14T04:18:22.858+0000] {processor.py:927} WARNING - No viable dags retrieved from /opt/airflow/dags/best.pt
[2025-01-14T04:18:22.874+0000] {processor.py:208} INFO - Processing /opt/airflow/dags/best.pt took 0.034 seconds
[2025-01-14T04:18:52.987+0000] {processor.py:186} INFO - Started process (PID=2588) to work on /opt/airflow/dags/best.pt
[2025-01-14T04:18:52.988+0000] {processor.py:914} INFO - Processing file /opt/airflow/dags/best.pt for tasks to queue
[2025-01-14T04:18:52.990+0000] {logging_mixin.py:190} INFO - [2025-01-14T04:18:52.990+0000] {dagbag.py:588} INFO - Filling up the DagBag from /opt/airflow/dags/best.pt
[2025-01-14T04:18:52.997+0000] {processor.py:927} WARNING - No viable dags retrieved from /opt/airflow/dags/best.pt
[2025-01-14T04:18:53.010+0000] {processor.py:208} INFO - Processing /opt/airflow/dags/best.pt took 0.029 seconds
[2025-01-14T04:19:23.141+0000] {processor.py:186} INFO - Started process (PID=2652) to work on /opt/airflow/dags/best.pt
[2025-01-14T04:19:23.142+0000] {processor.py:914} INFO - Processing file /opt/airflow/dags/best.pt for tasks to queue
[2025-01-14T04:19:23.144+0000] {logging_mixin.py:190} INFO - [2025-01-14T04:19:23.143+0000] {dagbag.py:588} INFO - Filling up the DagBag from /opt/airflow/dags/best.pt
[2025-01-14T04:19:23.151+0000] {processor.py:927} WARNING - No viable dags retrieved from /opt/airflow/dags/best.pt
[2025-01-14T04:19:23.165+0000] {processor.py:208} INFO - Processing /opt/airflow/dags/best.pt took 0.030 seconds
[2025-01-14T04:19:53.826+0000] {processor.py:186} INFO - Started process (PID=2714) to work on /opt/airflow/dags/best.pt
[2025-01-14T04:19:53.827+0000] {processor.py:914} INFO - Processing file /opt/airflow/dags/best.pt for tasks to queue
[2025-01-14T04:19:53.829+0000] {logging_mixin.py:190} INFO - [2025-01-14T04:19:53.829+0000] {dagbag.py:588} INFO - Filling up the DagBag from /opt/airflow/dags/best.pt
[2025-01-14T04:19:53.838+0000] {processor.py:927} WARNING - No viable dags retrieved from /opt/airflow/dags/best.pt
[2025-01-14T04:19:53.856+0000] {processor.py:208} INFO - Processing /opt/airflow/dags/best.pt took 0.035 seconds
[2025-01-14T04:20:24.670+0000] {processor.py:186} INFO - Started process (PID=2778) to work on /opt/airflow/dags/best.pt
[2025-01-14T04:20:24.671+0000] {processor.py:914} INFO - Processing file /opt/airflow/dags/best.pt for tasks to queue
[2025-01-14T04:20:24.673+0000] {logging_mixin.py:190} INFO - [2025-01-14T04:20:24.672+0000] {dagbag.py:588} INFO - Filling up the DagBag from /opt/airflow/dags/best.pt
[2025-01-14T04:20:24.680+0000] {processor.py:927} WARNING - No viable dags retrieved from /opt/airflow/dags/best.pt
[2025-01-14T04:20:24.695+0000] {processor.py:208} INFO - Processing /opt/airflow/dags/best.pt took 0.030 seconds
[2025-01-14T04:20:56.888+0000] {processor.py:186} INFO - Started process (PID=2830) to work on /opt/airflow/dags/best.pt
[2025-01-14T04:20:56.889+0000] {processor.py:914} INFO - Processing file /opt/airflow/dags/best.pt for tasks to queue
[2025-01-14T04:20:56.891+0000] {logging_mixin.py:190} INFO - [2025-01-14T04:20:56.891+0000] {dagbag.py:588} INFO - Filling up the DagBag from /opt/airflow/dags/best.pt
[2025-01-14T04:20:56.899+0000] {processor.py:927} WARNING - No viable dags retrieved from /opt/airflow/dags/best.pt
[2025-01-14T04:20:56.914+0000] {processor.py:208} INFO - Processing /opt/airflow/dags/best.pt took 0.032 seconds
[2025-01-14T04:21:28.038+0000] {processor.py:186} INFO - Started process (PID=2894) to work on /opt/airflow/dags/best.pt
[2025-01-14T04:21:28.039+0000] {processor.py:914} INFO - Processing file /opt/airflow/dags/best.pt for tasks to queue
[2025-01-14T04:21:28.041+0000] {logging_mixin.py:190} INFO - [2025-01-14T04:21:28.041+0000] {dagbag.py:588} INFO - Filling up the DagBag from /opt/airflow/dags/best.pt
[2025-01-14T04:21:28.049+0000] {processor.py:927} WARNING - No viable dags retrieved from /opt/airflow/dags/best.pt
[2025-01-14T04:21:28.062+0000] {processor.py:208} INFO - Processing /opt/airflow/dags/best.pt took 0.030 seconds
[2025-01-14T04:21:58.323+0000] {processor.py:186} INFO - Started process (PID=2953) to work on /opt/airflow/dags/best.pt
[2025-01-14T04:21:58.324+0000] {processor.py:914} INFO - Processing file /opt/airflow/dags/best.pt for tasks to queue
[2025-01-14T04:21:58.326+0000] {logging_mixin.py:190} INFO - [2025-01-14T04:21:58.325+0000] {dagbag.py:588} INFO - Filling up the DagBag from /opt/airflow/dags/best.pt
[2025-01-14T04:21:58.336+0000] {processor.py:927} WARNING - No viable dags retrieved from /opt/airflow/dags/best.pt
[2025-01-14T04:21:58.353+0000] {processor.py:208} INFO - Processing /opt/airflow/dags/best.pt took 0.036 seconds
[2025-01-14T04:22:28.640+0000] {processor.py:186} INFO - Started process (PID=3018) to work on /opt/airflow/dags/best.pt
[2025-01-14T04:22:28.642+0000] {processor.py:914} INFO - Processing file /opt/airflow/dags/best.pt for tasks to queue
[2025-01-14T04:22:28.643+0000] {logging_mixin.py:190} INFO - [2025-01-14T04:22:28.643+0000] {dagbag.py:588} INFO - Filling up the DagBag from /opt/airflow/dags/best.pt
[2025-01-14T04:22:28.652+0000] {processor.py:927} WARNING - No viable dags retrieved from /opt/airflow/dags/best.pt
[2025-01-14T04:22:28.671+0000] {processor.py:208} INFO - Processing /opt/airflow/dags/best.pt took 0.036 seconds
[2025-01-14T04:22:58.978+0000] {processor.py:186} INFO - Started process (PID=3083) to work on /opt/airflow/dags/best.pt
[2025-01-14T04:22:58.979+0000] {processor.py:914} INFO - Processing file /opt/airflow/dags/best.pt for tasks to queue
[2025-01-14T04:22:58.981+0000] {logging_mixin.py:190} INFO - [2025-01-14T04:22:58.980+0000] {dagbag.py:588} INFO - Filling up the DagBag from /opt/airflow/dags/best.pt
[2025-01-14T04:22:58.989+0000] {processor.py:927} WARNING - No viable dags retrieved from /opt/airflow/dags/best.pt
[2025-01-14T04:22:59.003+0000] {processor.py:208} INFO - Processing /opt/airflow/dags/best.pt took 0.030 seconds
[2025-01-14T04:23:29.081+0000] {processor.py:186} INFO - Started process (PID=3148) to work on /opt/airflow/dags/best.pt
[2025-01-14T04:23:29.083+0000] {processor.py:914} INFO - Processing file /opt/airflow/dags/best.pt for tasks to queue
[2025-01-14T04:23:29.084+0000] {logging_mixin.py:190} INFO - [2025-01-14T04:23:29.084+0000] {dagbag.py:588} INFO - Filling up the DagBag from /opt/airflow/dags/best.pt
[2025-01-14T04:23:29.092+0000] {processor.py:927} WARNING - No viable dags retrieved from /opt/airflow/dags/best.pt
[2025-01-14T04:23:29.104+0000] {processor.py:208} INFO - Processing /opt/airflow/dags/best.pt took 0.028 seconds
[2025-01-14T04:23:59.453+0000] {processor.py:186} INFO - Started process (PID=3213) to work on /opt/airflow/dags/best.pt
[2025-01-14T04:23:59.454+0000] {processor.py:914} INFO - Processing file /opt/airflow/dags/best.pt for tasks to queue
[2025-01-14T04:23:59.456+0000] {logging_mixin.py:190} INFO - [2025-01-14T04:23:59.455+0000] {dagbag.py:588} INFO - Filling up the DagBag from /opt/airflow/dags/best.pt
[2025-01-14T04:23:59.464+0000] {processor.py:927} WARNING - No viable dags retrieved from /opt/airflow/dags/best.pt
[2025-01-14T04:23:59.481+0000] {processor.py:208} INFO - Processing /opt/airflow/dags/best.pt took 0.035 seconds
[2025-01-14T04:24:29.647+0000] {processor.py:186} INFO - Started process (PID=3278) to work on /opt/airflow/dags/best.pt
[2025-01-14T04:24:29.648+0000] {processor.py:914} INFO - Processing file /opt/airflow/dags/best.pt for tasks to queue
[2025-01-14T04:24:29.650+0000] {logging_mixin.py:190} INFO - [2025-01-14T04:24:29.649+0000] {dagbag.py:588} INFO - Filling up the DagBag from /opt/airflow/dags/best.pt
[2025-01-14T04:24:29.657+0000] {processor.py:927} WARNING - No viable dags retrieved from /opt/airflow/dags/best.pt
[2025-01-14T04:24:29.671+0000] {processor.py:208} INFO - Processing /opt/airflow/dags/best.pt took 0.030 seconds
[2025-01-14T04:25:00.271+0000] {processor.py:186} INFO - Started process (PID=3342) to work on /opt/airflow/dags/best.pt
[2025-01-14T04:25:00.272+0000] {processor.py:914} INFO - Processing file /opt/airflow/dags/best.pt for tasks to queue
[2025-01-14T04:25:00.275+0000] {logging_mixin.py:190} INFO - [2025-01-14T04:25:00.274+0000] {dagbag.py:588} INFO - Filling up the DagBag from /opt/airflow/dags/best.pt
[2025-01-14T04:25:00.286+0000] {processor.py:927} WARNING - No viable dags retrieved from /opt/airflow/dags/best.pt
[2025-01-14T04:25:00.300+0000] {processor.py:208} INFO - Processing /opt/airflow/dags/best.pt took 0.035 seconds
[2025-01-14T04:25:30.739+0000] {processor.py:186} INFO - Started process (PID=3407) to work on /opt/airflow/dags/best.pt
[2025-01-14T04:25:30.741+0000] {processor.py:914} INFO - Processing file /opt/airflow/dags/best.pt for tasks to queue
[2025-01-14T04:25:30.743+0000] {logging_mixin.py:190} INFO - [2025-01-14T04:25:30.742+0000] {dagbag.py:588} INFO - Filling up the DagBag from /opt/airflow/dags/best.pt
[2025-01-14T04:25:30.752+0000] {processor.py:927} WARNING - No viable dags retrieved from /opt/airflow/dags/best.pt
[2025-01-14T04:25:30.767+0000] {processor.py:208} INFO - Processing /opt/airflow/dags/best.pt took 0.035 seconds
[2025-01-14T04:26:01.126+0000] {processor.py:186} INFO - Started process (PID=3472) to work on /opt/airflow/dags/best.pt
[2025-01-14T04:26:01.127+0000] {processor.py:914} INFO - Processing file /opt/airflow/dags/best.pt for tasks to queue
[2025-01-14T04:26:01.128+0000] {logging_mixin.py:190} INFO - [2025-01-14T04:26:01.128+0000] {dagbag.py:588} INFO - Filling up the DagBag from /opt/airflow/dags/best.pt
[2025-01-14T04:26:01.140+0000] {processor.py:927} WARNING - No viable dags retrieved from /opt/airflow/dags/best.pt
[2025-01-14T04:26:01.158+0000] {processor.py:208} INFO - Processing /opt/airflow/dags/best.pt took 0.038 seconds
[2025-01-14T04:26:31.572+0000] {processor.py:186} INFO - Started process (PID=3537) to work on /opt/airflow/dags/best.pt
[2025-01-14T04:26:31.573+0000] {processor.py:914} INFO - Processing file /opt/airflow/dags/best.pt for tasks to queue
[2025-01-14T04:26:31.575+0000] {logging_mixin.py:190} INFO - [2025-01-14T04:26:31.574+0000] {dagbag.py:588} INFO - Filling up the DagBag from /opt/airflow/dags/best.pt
[2025-01-14T04:26:31.584+0000] {processor.py:927} WARNING - No viable dags retrieved from /opt/airflow/dags/best.pt
[2025-01-14T04:26:31.598+0000] {processor.py:208} INFO - Processing /opt/airflow/dags/best.pt took 0.032 seconds
[2025-01-14T04:27:02.281+0000] {processor.py:186} INFO - Started process (PID=3601) to work on /opt/airflow/dags/best.pt
[2025-01-14T04:27:02.282+0000] {processor.py:914} INFO - Processing file /opt/airflow/dags/best.pt for tasks to queue
[2025-01-14T04:27:02.284+0000] {logging_mixin.py:190} INFO - [2025-01-14T04:27:02.283+0000] {dagbag.py:588} INFO - Filling up the DagBag from /opt/airflow/dags/best.pt
[2025-01-14T04:27:02.293+0000] {processor.py:927} WARNING - No viable dags retrieved from /opt/airflow/dags/best.pt
[2025-01-14T04:27:02.311+0000] {processor.py:208} INFO - Processing /opt/airflow/dags/best.pt took 0.036 seconds
[2025-01-14T04:27:32.435+0000] {processor.py:186} INFO - Started process (PID=3659) to work on /opt/airflow/dags/best.pt
[2025-01-14T04:27:32.436+0000] {processor.py:914} INFO - Processing file /opt/airflow/dags/best.pt for tasks to queue
[2025-01-14T04:27:32.438+0000] {logging_mixin.py:190} INFO - [2025-01-14T04:27:32.437+0000] {dagbag.py:588} INFO - Filling up the DagBag from /opt/airflow/dags/best.pt
[2025-01-14T04:27:32.445+0000] {processor.py:927} WARNING - No viable dags retrieved from /opt/airflow/dags/best.pt
[2025-01-14T04:27:32.459+0000] {processor.py:208} INFO - Processing /opt/airflow/dags/best.pt took 0.031 seconds
[2025-01-14T04:28:03.030+0000] {processor.py:186} INFO - Started process (PID=3772) to work on /opt/airflow/dags/best.pt
[2025-01-14T04:28:03.031+0000] {processor.py:914} INFO - Processing file /opt/airflow/dags/best.pt for tasks to queue
[2025-01-14T04:28:03.033+0000] {logging_mixin.py:190} INFO - [2025-01-14T04:28:03.033+0000] {dagbag.py:588} INFO - Filling up the DagBag from /opt/airflow/dags/best.pt
[2025-01-14T04:28:03.041+0000] {processor.py:927} WARNING - No viable dags retrieved from /opt/airflow/dags/best.pt
[2025-01-14T04:28:03.055+0000] {processor.py:208} INFO - Processing /opt/airflow/dags/best.pt took 0.030 seconds
[2025-01-14T04:28:33.471+0000] {processor.py:186} INFO - Started process (PID=3872) to work on /opt/airflow/dags/best.pt
[2025-01-14T04:28:33.472+0000] {processor.py:914} INFO - Processing file /opt/airflow/dags/best.pt for tasks to queue
[2025-01-14T04:28:33.474+0000] {logging_mixin.py:190} INFO - [2025-01-14T04:28:33.473+0000] {dagbag.py:588} INFO - Filling up the DagBag from /opt/airflow/dags/best.pt
[2025-01-14T04:28:33.483+0000] {processor.py:927} WARNING - No viable dags retrieved from /opt/airflow/dags/best.pt
[2025-01-14T04:28:33.500+0000] {processor.py:208} INFO - Processing /opt/airflow/dags/best.pt took 0.035 seconds
[2025-01-14T04:29:03.962+0000] {processor.py:186} INFO - Started process (PID=3973) to work on /opt/airflow/dags/best.pt
[2025-01-14T04:29:03.964+0000] {processor.py:914} INFO - Processing file /opt/airflow/dags/best.pt for tasks to queue
[2025-01-14T04:29:03.966+0000] {logging_mixin.py:190} INFO - [2025-01-14T04:29:03.966+0000] {dagbag.py:588} INFO - Filling up the DagBag from /opt/airflow/dags/best.pt
[2025-01-14T04:29:03.975+0000] {processor.py:927} WARNING - No viable dags retrieved from /opt/airflow/dags/best.pt
[2025-01-14T04:29:03.995+0000] {processor.py:208} INFO - Processing /opt/airflow/dags/best.pt took 0.039 seconds
[2025-01-14T04:29:34.401+0000] {processor.py:186} INFO - Started process (PID=4075) to work on /opt/airflow/dags/best.pt
[2025-01-14T04:29:34.402+0000] {processor.py:914} INFO - Processing file /opt/airflow/dags/best.pt for tasks to queue
[2025-01-14T04:29:34.404+0000] {logging_mixin.py:190} INFO - [2025-01-14T04:29:34.404+0000] {dagbag.py:588} INFO - Filling up the DagBag from /opt/airflow/dags/best.pt
[2025-01-14T04:29:34.413+0000] {processor.py:927} WARNING - No viable dags retrieved from /opt/airflow/dags/best.pt
[2025-01-14T04:29:34.428+0000] {processor.py:208} INFO - Processing /opt/airflow/dags/best.pt took 0.033 seconds
[2025-01-14T04:30:04.929+0000] {processor.py:186} INFO - Started process (PID=4177) to work on /opt/airflow/dags/best.pt
[2025-01-14T04:30:04.930+0000] {processor.py:914} INFO - Processing file /opt/airflow/dags/best.pt for tasks to queue
[2025-01-14T04:30:04.932+0000] {logging_mixin.py:190} INFO - [2025-01-14T04:30:04.931+0000] {dagbag.py:588} INFO - Filling up the DagBag from /opt/airflow/dags/best.pt
[2025-01-14T04:30:04.939+0000] {processor.py:927} WARNING - No viable dags retrieved from /opt/airflow/dags/best.pt
[2025-01-14T04:30:04.955+0000] {processor.py:208} INFO - Processing /opt/airflow/dags/best.pt took 0.031 seconds
[2025-01-14T04:30:35.292+0000] {processor.py:186} INFO - Started process (PID=4285) to work on /opt/airflow/dags/best.pt
[2025-01-14T04:30:35.293+0000] {processor.py:914} INFO - Processing file /opt/airflow/dags/best.pt for tasks to queue
[2025-01-14T04:30:35.295+0000] {logging_mixin.py:190} INFO - [2025-01-14T04:30:35.295+0000] {dagbag.py:588} INFO - Filling up the DagBag from /opt/airflow/dags/best.pt
[2025-01-14T04:30:35.304+0000] {processor.py:927} WARNING - No viable dags retrieved from /opt/airflow/dags/best.pt
[2025-01-14T04:30:35.323+0000] {processor.py:208} INFO - Processing /opt/airflow/dags/best.pt took 0.038 seconds
[2025-01-14T04:31:05.406+0000] {processor.py:186} INFO - Started process (PID=4350) to work on /opt/airflow/dags/best.pt
[2025-01-14T04:31:05.408+0000] {processor.py:914} INFO - Processing file /opt/airflow/dags/best.pt for tasks to queue
[2025-01-14T04:31:05.409+0000] {logging_mixin.py:190} INFO - [2025-01-14T04:31:05.409+0000] {dagbag.py:588} INFO - Filling up the DagBag from /opt/airflow/dags/best.pt
[2025-01-14T04:31:05.417+0000] {processor.py:927} WARNING - No viable dags retrieved from /opt/airflow/dags/best.pt
[2025-01-14T04:31:05.430+0000] {processor.py:208} INFO - Processing /opt/airflow/dags/best.pt took 0.030 seconds
[2025-01-14T04:31:36.299+0000] {processor.py:186} INFO - Started process (PID=4451) to work on /opt/airflow/dags/best.pt
[2025-01-14T04:31:36.304+0000] {processor.py:914} INFO - Processing file /opt/airflow/dags/best.pt for tasks to queue
[2025-01-14T04:31:36.307+0000] {logging_mixin.py:190} INFO - [2025-01-14T04:31:36.307+0000] {dagbag.py:588} INFO - Filling up the DagBag from /opt/airflow/dags/best.pt
[2025-01-14T04:31:36.328+0000] {processor.py:927} WARNING - No viable dags retrieved from /opt/airflow/dags/best.pt
[2025-01-14T04:31:36.368+0000] {processor.py:208} INFO - Processing /opt/airflow/dags/best.pt took 0.081 seconds
[2025-01-14T04:32:06.620+0000] {processor.py:186} INFO - Started process (PID=4553) to work on /opt/airflow/dags/best.pt
[2025-01-14T04:32:06.622+0000] {processor.py:914} INFO - Processing file /opt/airflow/dags/best.pt for tasks to queue
[2025-01-14T04:32:06.625+0000] {logging_mixin.py:190} INFO - [2025-01-14T04:32:06.625+0000] {dagbag.py:588} INFO - Filling up the DagBag from /opt/airflow/dags/best.pt
[2025-01-14T04:32:06.647+0000] {processor.py:927} WARNING - No viable dags retrieved from /opt/airflow/dags/best.pt
[2025-01-14T04:32:06.676+0000] {processor.py:208} INFO - Processing /opt/airflow/dags/best.pt took 0.067 seconds
[2025-01-14T04:32:37.346+0000] {processor.py:186} INFO - Started process (PID=4655) to work on /opt/airflow/dags/best.pt
[2025-01-14T04:32:37.347+0000] {processor.py:914} INFO - Processing file /opt/airflow/dags/best.pt for tasks to queue
[2025-01-14T04:32:37.348+0000] {logging_mixin.py:190} INFO - [2025-01-14T04:32:37.348+0000] {dagbag.py:588} INFO - Filling up the DagBag from /opt/airflow/dags/best.pt
[2025-01-14T04:32:37.355+0000] {processor.py:927} WARNING - No viable dags retrieved from /opt/airflow/dags/best.pt
[2025-01-14T04:32:37.371+0000] {processor.py:208} INFO - Processing /opt/airflow/dags/best.pt took 0.032 seconds
[2025-01-14T04:33:07.742+0000] {processor.py:186} INFO - Started process (PID=4795) to work on /opt/airflow/dags/best.pt
[2025-01-14T04:33:07.743+0000] {processor.py:914} INFO - Processing file /opt/airflow/dags/best.pt for tasks to queue
[2025-01-14T04:33:07.745+0000] {logging_mixin.py:190} INFO - [2025-01-14T04:33:07.745+0000] {dagbag.py:588} INFO - Filling up the DagBag from /opt/airflow/dags/best.pt
[2025-01-14T04:33:07.753+0000] {processor.py:927} WARNING - No viable dags retrieved from /opt/airflow/dags/best.pt
[2025-01-14T04:33:07.769+0000] {processor.py:208} INFO - Processing /opt/airflow/dags/best.pt took 0.032 seconds
[2025-01-14T04:33:38.168+0000] {processor.py:186} INFO - Started process (PID=4896) to work on /opt/airflow/dags/best.pt
[2025-01-14T04:33:38.170+0000] {processor.py:914} INFO - Processing file /opt/airflow/dags/best.pt for tasks to queue
[2025-01-14T04:33:38.174+0000] {logging_mixin.py:190} INFO - [2025-01-14T04:33:38.173+0000] {dagbag.py:588} INFO - Filling up the DagBag from /opt/airflow/dags/best.pt
[2025-01-14T04:33:38.186+0000] {processor.py:927} WARNING - No viable dags retrieved from /opt/airflow/dags/best.pt
[2025-01-14T04:33:38.202+0000] {processor.py:208} INFO - Processing /opt/airflow/dags/best.pt took 0.041 seconds
[2025-01-14T04:34:46.673+0000] {processor.py:186} INFO - Started process (PID=72) to work on /opt/airflow/dags/best.pt
[2025-01-14T04:34:46.675+0000] {processor.py:914} INFO - Processing file /opt/airflow/dags/best.pt for tasks to queue
[2025-01-14T04:34:46.678+0000] {logging_mixin.py:190} INFO - [2025-01-14T04:34:46.677+0000] {dagbag.py:588} INFO - Filling up the DagBag from /opt/airflow/dags/best.pt
[2025-01-14T04:34:46.685+0000] {processor.py:927} WARNING - No viable dags retrieved from /opt/airflow/dags/best.pt
[2025-01-14T04:34:46.699+0000] {processor.py:208} INFO - Processing /opt/airflow/dags/best.pt took 0.031 seconds
[2025-01-14T04:35:16.959+0000] {processor.py:186} INFO - Started process (PID=173) to work on /opt/airflow/dags/best.pt
[2025-01-14T04:35:16.960+0000] {processor.py:914} INFO - Processing file /opt/airflow/dags/best.pt for tasks to queue
[2025-01-14T04:35:16.963+0000] {logging_mixin.py:190} INFO - [2025-01-14T04:35:16.962+0000] {dagbag.py:588} INFO - Filling up the DagBag from /opt/airflow/dags/best.pt
[2025-01-14T04:35:16.971+0000] {processor.py:927} WARNING - No viable dags retrieved from /opt/airflow/dags/best.pt
[2025-01-14T04:35:16.988+0000] {processor.py:208} INFO - Processing /opt/airflow/dags/best.pt took 0.034 seconds
[2025-01-14T04:35:47.407+0000] {processor.py:186} INFO - Started process (PID=275) to work on /opt/airflow/dags/best.pt
[2025-01-14T04:35:47.408+0000] {processor.py:914} INFO - Processing file /opt/airflow/dags/best.pt for tasks to queue
[2025-01-14T04:35:47.411+0000] {logging_mixin.py:190} INFO - [2025-01-14T04:35:47.410+0000] {dagbag.py:588} INFO - Filling up the DagBag from /opt/airflow/dags/best.pt
[2025-01-14T04:35:47.422+0000] {processor.py:927} WARNING - No viable dags retrieved from /opt/airflow/dags/best.pt
[2025-01-14T04:35:47.437+0000] {processor.py:208} INFO - Processing /opt/airflow/dags/best.pt took 0.035 seconds
[2025-01-14T04:36:17.718+0000] {processor.py:186} INFO - Started process (PID=377) to work on /opt/airflow/dags/best.pt
[2025-01-14T04:36:17.719+0000] {processor.py:914} INFO - Processing file /opt/airflow/dags/best.pt for tasks to queue
[2025-01-14T04:36:17.722+0000] {logging_mixin.py:190} INFO - [2025-01-14T04:36:17.722+0000] {dagbag.py:588} INFO - Filling up the DagBag from /opt/airflow/dags/best.pt
[2025-01-14T04:36:17.731+0000] {processor.py:927} WARNING - No viable dags retrieved from /opt/airflow/dags/best.pt
[2025-01-14T04:36:17.744+0000] {processor.py:208} INFO - Processing /opt/airflow/dags/best.pt took 0.032 seconds
[2025-01-14T04:36:48.112+0000] {processor.py:186} INFO - Started process (PID=478) to work on /opt/airflow/dags/best.pt
[2025-01-14T04:36:48.114+0000] {processor.py:914} INFO - Processing file /opt/airflow/dags/best.pt for tasks to queue
[2025-01-14T04:36:48.117+0000] {logging_mixin.py:190} INFO - [2025-01-14T04:36:48.117+0000] {dagbag.py:588} INFO - Filling up the DagBag from /opt/airflow/dags/best.pt
[2025-01-14T04:36:48.126+0000] {processor.py:927} WARNING - No viable dags retrieved from /opt/airflow/dags/best.pt
[2025-01-14T04:36:48.144+0000] {processor.py:208} INFO - Processing /opt/airflow/dags/best.pt took 0.038 seconds
[2025-01-14T04:37:18.466+0000] {processor.py:186} INFO - Started process (PID=580) to work on /opt/airflow/dags/best.pt
[2025-01-14T04:37:18.467+0000] {processor.py:914} INFO - Processing file /opt/airflow/dags/best.pt for tasks to queue
[2025-01-14T04:37:18.470+0000] {logging_mixin.py:190} INFO - [2025-01-14T04:37:18.469+0000] {dagbag.py:588} INFO - Filling up the DagBag from /opt/airflow/dags/best.pt
[2025-01-14T04:37:18.478+0000] {processor.py:927} WARNING - No viable dags retrieved from /opt/airflow/dags/best.pt
[2025-01-14T04:37:18.495+0000] {processor.py:208} INFO - Processing /opt/airflow/dags/best.pt took 0.035 seconds
[2025-01-14T04:37:49.128+0000] {processor.py:186} INFO - Started process (PID=682) to work on /opt/airflow/dags/best.pt
[2025-01-14T04:37:49.129+0000] {processor.py:914} INFO - Processing file /opt/airflow/dags/best.pt for tasks to queue
[2025-01-14T04:37:49.131+0000] {logging_mixin.py:190} INFO - [2025-01-14T04:37:49.131+0000] {dagbag.py:588} INFO - Filling up the DagBag from /opt/airflow/dags/best.pt
[2025-01-14T04:37:49.139+0000] {processor.py:927} WARNING - No viable dags retrieved from /opt/airflow/dags/best.pt
[2025-01-14T04:37:49.156+0000] {processor.py:208} INFO - Processing /opt/airflow/dags/best.pt took 0.034 seconds
[2025-01-14T04:38:19.314+0000] {processor.py:186} INFO - Started process (PID=784) to work on /opt/airflow/dags/best.pt
[2025-01-14T04:38:19.315+0000] {processor.py:914} INFO - Processing file /opt/airflow/dags/best.pt for tasks to queue
[2025-01-14T04:38:19.318+0000] {logging_mixin.py:190} INFO - [2025-01-14T04:38:19.317+0000] {dagbag.py:588} INFO - Filling up the DagBag from /opt/airflow/dags/best.pt
[2025-01-14T04:38:19.326+0000] {processor.py:927} WARNING - No viable dags retrieved from /opt/airflow/dags/best.pt
[2025-01-14T04:38:19.344+0000] {processor.py:208} INFO - Processing /opt/airflow/dags/best.pt took 0.036 seconds
[2025-01-14T04:38:49.440+0000] {processor.py:186} INFO - Started process (PID=886) to work on /opt/airflow/dags/best.pt
[2025-01-14T04:38:49.440+0000] {processor.py:914} INFO - Processing file /opt/airflow/dags/best.pt for tasks to queue
[2025-01-14T04:38:49.443+0000] {logging_mixin.py:190} INFO - [2025-01-14T04:38:49.443+0000] {dagbag.py:588} INFO - Filling up the DagBag from /opt/airflow/dags/best.pt
[2025-01-14T04:38:49.450+0000] {processor.py:927} WARNING - No viable dags retrieved from /opt/airflow/dags/best.pt
[2025-01-14T04:38:49.464+0000] {processor.py:208} INFO - Processing /opt/airflow/dags/best.pt took 0.029 seconds
[2025-01-14T04:39:19.621+0000] {processor.py:186} INFO - Started process (PID=988) to work on /opt/airflow/dags/best.pt
[2025-01-14T04:39:19.622+0000] {processor.py:914} INFO - Processing file /opt/airflow/dags/best.pt for tasks to queue
[2025-01-14T04:39:19.625+0000] {logging_mixin.py:190} INFO - [2025-01-14T04:39:19.625+0000] {dagbag.py:588} INFO - Filling up the DagBag from /opt/airflow/dags/best.pt
[2025-01-14T04:39:19.633+0000] {processor.py:927} WARNING - No viable dags retrieved from /opt/airflow/dags/best.pt
[2025-01-14T04:39:19.650+0000] {processor.py:208} INFO - Processing /opt/airflow/dags/best.pt took 0.036 seconds
[2025-01-14T04:39:50.089+0000] {processor.py:186} INFO - Started process (PID=1053) to work on /opt/airflow/dags/best.pt
[2025-01-14T04:39:50.089+0000] {processor.py:914} INFO - Processing file /opt/airflow/dags/best.pt for tasks to queue
[2025-01-14T04:39:50.092+0000] {logging_mixin.py:190} INFO - [2025-01-14T04:39:50.092+0000] {dagbag.py:588} INFO - Filling up the DagBag from /opt/airflow/dags/best.pt
[2025-01-14T04:39:50.100+0000] {processor.py:927} WARNING - No viable dags retrieved from /opt/airflow/dags/best.pt
[2025-01-14T04:39:50.119+0000] {processor.py:208} INFO - Processing /opt/airflow/dags/best.pt took 0.036 seconds
[2025-01-14T04:40:20.715+0000] {processor.py:186} INFO - Started process (PID=1154) to work on /opt/airflow/dags/best.pt
[2025-01-14T04:40:20.716+0000] {processor.py:914} INFO - Processing file /opt/airflow/dags/best.pt for tasks to queue
[2025-01-14T04:40:20.719+0000] {logging_mixin.py:190} INFO - [2025-01-14T04:40:20.718+0000] {dagbag.py:588} INFO - Filling up the DagBag from /opt/airflow/dags/best.pt
[2025-01-14T04:40:20.727+0000] {processor.py:927} WARNING - No viable dags retrieved from /opt/airflow/dags/best.pt
[2025-01-14T04:40:20.740+0000] {processor.py:208} INFO - Processing /opt/airflow/dags/best.pt took 0.032 seconds
[2025-01-14T04:40:50.807+0000] {processor.py:186} INFO - Started process (PID=1256) to work on /opt/airflow/dags/best.pt
[2025-01-14T04:40:50.808+0000] {processor.py:914} INFO - Processing file /opt/airflow/dags/best.pt for tasks to queue
[2025-01-14T04:40:50.811+0000] {logging_mixin.py:190} INFO - [2025-01-14T04:40:50.811+0000] {dagbag.py:588} INFO - Filling up the DagBag from /opt/airflow/dags/best.pt
[2025-01-14T04:40:50.819+0000] {processor.py:927} WARNING - No viable dags retrieved from /opt/airflow/dags/best.pt
[2025-01-14T04:40:50.831+0000] {processor.py:208} INFO - Processing /opt/airflow/dags/best.pt took 0.029 seconds
[2025-01-14T04:41:21.665+0000] {processor.py:186} INFO - Started process (PID=1358) to work on /opt/airflow/dags/best.pt
[2025-01-14T04:41:21.666+0000] {processor.py:914} INFO - Processing file /opt/airflow/dags/best.pt for tasks to queue
[2025-01-14T04:41:21.669+0000] {logging_mixin.py:190} INFO - [2025-01-14T04:41:21.668+0000] {dagbag.py:588} INFO - Filling up the DagBag from /opt/airflow/dags/best.pt
[2025-01-14T04:41:21.678+0000] {processor.py:927} WARNING - No viable dags retrieved from /opt/airflow/dags/best.pt
[2025-01-14T04:41:21.696+0000] {processor.py:208} INFO - Processing /opt/airflow/dags/best.pt took 0.037 seconds
[2025-01-14T04:41:52.296+0000] {processor.py:186} INFO - Started process (PID=1466) to work on /opt/airflow/dags/best.pt
[2025-01-14T04:41:52.297+0000] {processor.py:914} INFO - Processing file /opt/airflow/dags/best.pt for tasks to queue
[2025-01-14T04:41:52.301+0000] {logging_mixin.py:190} INFO - [2025-01-14T04:41:52.300+0000] {dagbag.py:588} INFO - Filling up the DagBag from /opt/airflow/dags/best.pt
[2025-01-14T04:41:52.311+0000] {processor.py:927} WARNING - No viable dags retrieved from /opt/airflow/dags/best.pt
[2025-01-14T04:41:52.329+0000] {processor.py:208} INFO - Processing /opt/airflow/dags/best.pt took 0.041 seconds
[2025-01-14T04:42:22.533+0000] {processor.py:186} INFO - Started process (PID=1568) to work on /opt/airflow/dags/best.pt
[2025-01-14T04:42:22.535+0000] {processor.py:914} INFO - Processing file /opt/airflow/dags/best.pt for tasks to queue
[2025-01-14T04:42:22.538+0000] {logging_mixin.py:190} INFO - [2025-01-14T04:42:22.537+0000] {dagbag.py:588} INFO - Filling up the DagBag from /opt/airflow/dags/best.pt
[2025-01-14T04:42:22.546+0000] {processor.py:927} WARNING - No viable dags retrieved from /opt/airflow/dags/best.pt
[2025-01-14T04:42:22.564+0000] {processor.py:208} INFO - Processing /opt/airflow/dags/best.pt took 0.038 seconds
[2025-01-14T04:42:53.254+0000] {processor.py:186} INFO - Started process (PID=1670) to work on /opt/airflow/dags/best.pt
[2025-01-14T04:42:53.256+0000] {processor.py:914} INFO - Processing file /opt/airflow/dags/best.pt for tasks to queue
[2025-01-14T04:42:53.259+0000] {logging_mixin.py:190} INFO - [2025-01-14T04:42:53.258+0000] {dagbag.py:588} INFO - Filling up the DagBag from /opt/airflow/dags/best.pt
[2025-01-14T04:42:53.267+0000] {processor.py:927} WARNING - No viable dags retrieved from /opt/airflow/dags/best.pt
[2025-01-14T04:42:53.283+0000] {processor.py:208} INFO - Processing /opt/airflow/dags/best.pt took 0.035 seconds
[2025-01-14T04:43:23.540+0000] {processor.py:186} INFO - Started process (PID=1772) to work on /opt/airflow/dags/best.pt
[2025-01-14T04:43:23.541+0000] {processor.py:914} INFO - Processing file /opt/airflow/dags/best.pt for tasks to queue
[2025-01-14T04:43:23.544+0000] {logging_mixin.py:190} INFO - [2025-01-14T04:43:23.543+0000] {dagbag.py:588} INFO - Filling up the DagBag from /opt/airflow/dags/best.pt
[2025-01-14T04:43:23.551+0000] {processor.py:927} WARNING - No viable dags retrieved from /opt/airflow/dags/best.pt
[2025-01-14T04:43:23.564+0000] {processor.py:208} INFO - Processing /opt/airflow/dags/best.pt took 0.029 seconds
[2025-01-14T04:43:54.389+0000] {processor.py:186} INFO - Started process (PID=1874) to work on /opt/airflow/dags/best.pt
[2025-01-14T04:43:54.391+0000] {processor.py:914} INFO - Processing file /opt/airflow/dags/best.pt for tasks to queue
[2025-01-14T04:43:54.395+0000] {logging_mixin.py:190} INFO - [2025-01-14T04:43:54.394+0000] {dagbag.py:588} INFO - Filling up the DagBag from /opt/airflow/dags/best.pt
[2025-01-14T04:43:54.403+0000] {processor.py:927} WARNING - No viable dags retrieved from /opt/airflow/dags/best.pt
[2025-01-14T04:43:54.421+0000] {processor.py:208} INFO - Processing /opt/airflow/dags/best.pt took 0.037 seconds
[2025-01-14T04:44:24.757+0000] {processor.py:186} INFO - Started process (PID=1976) to work on /opt/airflow/dags/best.pt
[2025-01-14T04:44:24.759+0000] {processor.py:914} INFO - Processing file /opt/airflow/dags/best.pt for tasks to queue
[2025-01-14T04:44:24.762+0000] {logging_mixin.py:190} INFO - [2025-01-14T04:44:24.761+0000] {dagbag.py:588} INFO - Filling up the DagBag from /opt/airflow/dags/best.pt
[2025-01-14T04:44:24.769+0000] {processor.py:927} WARNING - No viable dags retrieved from /opt/airflow/dags/best.pt
[2025-01-14T04:44:24.791+0000] {processor.py:208} INFO - Processing /opt/airflow/dags/best.pt took 0.040 seconds
[2025-01-14T04:44:54.937+0000] {processor.py:186} INFO - Started process (PID=2041) to work on /opt/airflow/dags/best.pt
[2025-01-14T04:44:54.938+0000] {processor.py:914} INFO - Processing file /opt/airflow/dags/best.pt for tasks to queue
[2025-01-14T04:44:54.941+0000] {logging_mixin.py:190} INFO - [2025-01-14T04:44:54.940+0000] {dagbag.py:588} INFO - Filling up the DagBag from /opt/airflow/dags/best.pt
[2025-01-14T04:44:54.948+0000] {processor.py:927} WARNING - No viable dags retrieved from /opt/airflow/dags/best.pt
[2025-01-14T04:44:54.961+0000] {processor.py:208} INFO - Processing /opt/airflow/dags/best.pt took 0.030 seconds
[2025-01-14T04:45:25.102+0000] {processor.py:186} INFO - Started process (PID=2142) to work on /opt/airflow/dags/best.pt
[2025-01-14T04:45:25.104+0000] {processor.py:914} INFO - Processing file /opt/airflow/dags/best.pt for tasks to queue
[2025-01-14T04:45:25.107+0000] {logging_mixin.py:190} INFO - [2025-01-14T04:45:25.106+0000] {dagbag.py:588} INFO - Filling up the DagBag from /opt/airflow/dags/best.pt
[2025-01-14T04:45:25.115+0000] {processor.py:927} WARNING - No viable dags retrieved from /opt/airflow/dags/best.pt
[2025-01-14T04:45:25.133+0000] {processor.py:208} INFO - Processing /opt/airflow/dags/best.pt took 0.035 seconds
[2025-01-14T04:45:55.299+0000] {processor.py:186} INFO - Started process (PID=2244) to work on /opt/airflow/dags/best.pt
[2025-01-14T04:45:55.300+0000] {processor.py:914} INFO - Processing file /opt/airflow/dags/best.pt for tasks to queue
[2025-01-14T04:45:55.303+0000] {logging_mixin.py:190} INFO - [2025-01-14T04:45:55.302+0000] {dagbag.py:588} INFO - Filling up the DagBag from /opt/airflow/dags/best.pt
[2025-01-14T04:45:55.310+0000] {processor.py:927} WARNING - No viable dags retrieved from /opt/airflow/dags/best.pt
[2025-01-14T04:45:55.325+0000] {processor.py:208} INFO - Processing /opt/airflow/dags/best.pt took 0.032 seconds
[2025-01-14T04:46:26.046+0000] {processor.py:186} INFO - Started process (PID=2346) to work on /opt/airflow/dags/best.pt
[2025-01-14T04:46:26.047+0000] {processor.py:914} INFO - Processing file /opt/airflow/dags/best.pt for tasks to queue
[2025-01-14T04:46:26.050+0000] {logging_mixin.py:190} INFO - [2025-01-14T04:46:26.049+0000] {dagbag.py:588} INFO - Filling up the DagBag from /opt/airflow/dags/best.pt
[2025-01-14T04:46:26.058+0000] {processor.py:927} WARNING - No viable dags retrieved from /opt/airflow/dags/best.pt
[2025-01-14T04:46:26.071+0000] {processor.py:208} INFO - Processing /opt/airflow/dags/best.pt took 0.031 seconds
[2025-01-14T04:46:56.949+0000] {processor.py:186} INFO - Started process (PID=2448) to work on /opt/airflow/dags/best.pt
[2025-01-14T04:46:56.950+0000] {processor.py:914} INFO - Processing file /opt/airflow/dags/best.pt for tasks to queue
[2025-01-14T04:46:56.953+0000] {logging_mixin.py:190} INFO - [2025-01-14T04:46:56.953+0000] {dagbag.py:588} INFO - Filling up the DagBag from /opt/airflow/dags/best.pt
[2025-01-14T04:46:56.963+0000] {processor.py:927} WARNING - No viable dags retrieved from /opt/airflow/dags/best.pt
[2025-01-14T04:46:56.980+0000] {processor.py:208} INFO - Processing /opt/airflow/dags/best.pt took 0.037 seconds
[2025-01-14T04:47:27.937+0000] {processor.py:186} INFO - Started process (PID=2550) to work on /opt/airflow/dags/best.pt
[2025-01-14T04:47:27.938+0000] {processor.py:914} INFO - Processing file /opt/airflow/dags/best.pt for tasks to queue
[2025-01-14T04:47:27.940+0000] {logging_mixin.py:190} INFO - [2025-01-14T04:47:27.940+0000] {dagbag.py:588} INFO - Filling up the DagBag from /opt/airflow/dags/best.pt
[2025-01-14T04:47:27.951+0000] {processor.py:927} WARNING - No viable dags retrieved from /opt/airflow/dags/best.pt
[2025-01-14T04:47:27.966+0000] {processor.py:208} INFO - Processing /opt/airflow/dags/best.pt took 0.034 seconds
[2025-01-14T04:47:59.006+0000] {processor.py:186} INFO - Started process (PID=2652) to work on /opt/airflow/dags/best.pt
[2025-01-14T04:47:59.007+0000] {processor.py:914} INFO - Processing file /opt/airflow/dags/best.pt for tasks to queue
[2025-01-14T04:47:59.010+0000] {logging_mixin.py:190} INFO - [2025-01-14T04:47:59.010+0000] {dagbag.py:588} INFO - Filling up the DagBag from /opt/airflow/dags/best.pt
[2025-01-14T04:47:59.018+0000] {processor.py:927} WARNING - No viable dags retrieved from /opt/airflow/dags/best.pt
[2025-01-14T04:47:59.032+0000] {processor.py:208} INFO - Processing /opt/airflow/dags/best.pt took 0.031 seconds
[2025-01-14T04:48:29.268+0000] {processor.py:186} INFO - Started process (PID=2754) to work on /opt/airflow/dags/best.pt
[2025-01-14T04:48:29.269+0000] {processor.py:914} INFO - Processing file /opt/airflow/dags/best.pt for tasks to queue
[2025-01-14T04:48:29.272+0000] {logging_mixin.py:190} INFO - [2025-01-14T04:48:29.272+0000] {dagbag.py:588} INFO - Filling up the DagBag from /opt/airflow/dags/best.pt
[2025-01-14T04:48:29.283+0000] {processor.py:927} WARNING - No viable dags retrieved from /opt/airflow/dags/best.pt
[2025-01-14T04:48:29.299+0000] {processor.py:208} INFO - Processing /opt/airflow/dags/best.pt took 0.038 seconds
