[2025-01-15T12:57:50.812+0000] {local_task_job_runner.py:123} INFO - ::group::Pre task execution logs
[2025-01-15T12:57:50.836+0000] {taskinstance.py:2613} INFO - Dependencies all met for dep_context=non-requeueable deps ti=<TaskInstance: tomato_pipeline.download_images scheduled__2025-01-15T10:00:00+00:00 [queued]>
[2025-01-15T12:57:50.848+0000] {taskinstance.py:2613} INFO - Dependencies all met for dep_context=requeueable deps ti=<TaskInstance: tomato_pipeline.download_images scheduled__2025-01-15T10:00:00+00:00 [queued]>
[2025-01-15T12:57:50.849+0000] {taskinstance.py:2866} INFO - Starting attempt 1 of 2
[2025-01-15T12:57:50.872+0000] {taskinstance.py:2889} INFO - Executing <Task(PythonOperator): download_images> on 2025-01-15 10:00:00+00:00
[2025-01-15T12:57:50.882+0000] {warnings.py:112} WARNING - /home/***/.local/lib/python3.12/site-packages/***/task/task_runner/standard_task_runner.py:70: DeprecationWarning: This process (pid=75) is multi-threaded, use of fork() may lead to deadlocks in the child.
  pid = os.fork()

[2025-01-15T12:57:50.884+0000] {standard_task_runner.py:72} INFO - Started process 81 to run task
[2025-01-15T12:57:50.884+0000] {standard_task_runner.py:104} INFO - Running: ['***', 'tasks', 'run', 'tomato_pipeline', 'download_images', 'scheduled__2025-01-15T10:00:00+00:00', '--job-id', '18', '--raw', '--subdir', 'DAGS_FOLDER/craw_check_update.py', '--cfg-path', '/tmp/tmp78uqaz_d']
[2025-01-15T12:57:50.886+0000] {standard_task_runner.py:105} INFO - Job 18: Subtask download_images
[2025-01-15T12:57:50.947+0000] {task_command.py:467} INFO - Running <TaskInstance: tomato_pipeline.download_images scheduled__2025-01-15T10:00:00+00:00 [running]> on host 6e32fca90d5e
[2025-01-15T12:57:51.043+0000] {taskinstance.py:3132} INFO - Exporting env vars: AIRFLOW_CTX_DAG_OWNER='***' AIRFLOW_CTX_DAG_ID='tomato_pipeline' AIRFLOW_CTX_TASK_ID='download_images' AIRFLOW_CTX_EXECUTION_DATE='2025-01-15T10:00:00+00:00' AIRFLOW_CTX_TRY_NUMBER='1' AIRFLOW_CTX_DAG_RUN_ID='scheduled__2025-01-15T10:00:00+00:00'
[2025-01-15T12:57:51.045+0000] {logging_mixin.py:190} INFO - Task instance is in running state
[2025-01-15T12:57:51.046+0000] {logging_mixin.py:190} INFO -  Previous state of the Task instance: queued
[2025-01-15T12:57:51.046+0000] {logging_mixin.py:190} INFO - Current task name:download_images state:running start_date:2025-01-15 12:57:50.837204+00:00
[2025-01-15T12:57:51.047+0000] {logging_mixin.py:190} INFO - Dag name:tomato_pipeline and current dag run status:running
[2025-01-15T12:57:51.048+0000] {taskinstance.py:731} INFO - ::endgroup::
[2025-01-15T12:57:51.049+0000] {craw_check_update.py:29} INFO - Đang tải 100 ảnh từ Bing với từ khóa: tomato...
[2025-01-15T12:57:51.051+0000] {logging_mixin.py:190} INFO - [%] Downloading Images to /opt/***/data_lake/tomato
[2025-01-15T12:57:51.051+0000] {logging_mixin.py:190} INFO - 

[!!]Indexing page: 1
[2025-01-15T12:57:51.614+0000] {logging_mixin.py:190} INFO - [%] Indexed 95 Images on Page 1.
[2025-01-15T12:57:51.615+0000] {logging_mixin.py:190} INFO - 
===============================================
[2025-01-15T12:57:51.616+0000] {logging_mixin.py:190} INFO - [%] Downloading Image #1 from https://www.themilefarmshop.co.uk/images/shop/more/612x612_4885_33d664f3f240d5331b398bbe4ee99f8f_1610031569istockphoto466175630612x.jpg
[2025-01-15T12:57:56.750+0000] {logging_mixin.py:190} INFO - [%] File Downloaded !
[2025-01-15T12:57:56.751+0000] {logging_mixin.py:190} INFO - [%] Downloading Image #2 from https://static.vecteezy.com/system/resources/previews/018/974/656/original/vegetable-tomato-icon-png.png
[2025-01-15T12:57:56.992+0000] {logging_mixin.py:190} INFO - [%] File Downloaded !
[2025-01-15T12:57:56.992+0000] {logging_mixin.py:190} INFO - [%] Downloading Image #3 from https://static.vecteezy.com/system/resources/previews/019/782/597/original/tomato-illustration-element-png.png
[2025-01-15T12:57:57.277+0000] {logging_mixin.py:190} INFO - [%] File Downloaded !
[2025-01-15T12:57:57.277+0000] {logging_mixin.py:190} INFO - [%] Downloading Image #4 from https://static.vecteezy.com/system/resources/previews/024/063/019/original/cartoon-tomato-outline-png.png
[2025-01-15T12:57:57.510+0000] {logging_mixin.py:190} INFO - [%] File Downloaded !
[2025-01-15T12:57:57.510+0000] {logging_mixin.py:190} INFO - [%] Downloading Image #5 from https://openclipart.org/image/2400px/svg_to_png/262421/Tomato-by-Rones.png
[2025-01-15T12:58:00.674+0000] {logging_mixin.py:190} INFO - [%] File Downloaded !
[2025-01-15T12:58:00.674+0000] {logging_mixin.py:190} INFO - [%] Downloading Image #6 from https://www.tokyoweekender.com/wp-content/uploads/2022/08/Tomato.jpg
[2025-01-15T12:58:01.425+0000] {logging_mixin.py:190} INFO - [%] File Downloaded !
[2025-01-15T12:58:01.426+0000] {logging_mixin.py:190} INFO - [%] Downloading Image #7 from http://mamaguru.com/wp-content/uploads/2010/05/5-May-and-tomato-0141.jpg
[2025-01-15T12:59:00.627+0000] {logging_mixin.py:190} INFO - [%] File Downloaded !
[2025-01-15T12:59:00.628+0000] {logging_mixin.py:190} INFO - [%] Downloading Image #8 from https://www.tastingtable.com/img/gallery/when-to-use-tomato-paste-vs-tomato-puree/l-intro-1668094714.jpg
[2025-01-15T12:59:01.471+0000] {logging_mixin.py:190} INFO - [%] File Downloaded !
[2025-01-15T12:59:01.471+0000] {logging_mixin.py:190} INFO - [%] Downloading Image #9 from https://i.pinimg.com/originals/a9/0d/b1/a90db1c89b58602dde59e069e8262ef4.jpg
[2025-01-15T12:59:01.858+0000] {logging_mixin.py:190} INFO - [%] File Downloaded !
[2025-01-15T12:59:01.859+0000] {logging_mixin.py:190} INFO - [%] Downloading Image #10 from https://cdn.mos.cms.futurecdn.net/LzN4CxeQd2v22mfn2Kxe5M.jpg
[2025-01-15T12:59:03.101+0000] {logging_mixin.py:190} INFO - [%] File Downloaded !
[2025-01-15T12:59:03.102+0000] {logging_mixin.py:190} INFO - [%] Downloading Image #11 from https://www.southernliving.com/thmb/LrI8jw46B1jq1AThPtJmoC-IcEU=/1500x0/filters:no_upscale():max_bytes(150000):strip_icc()/GettyImages-1368056090-f196e8f115434b14a726b350b0f773df.jpg
[2025-01-15T12:59:05.666+0000] {logging_mixin.py:190} INFO - [%] File Downloaded !
[2025-01-15T12:59:05.667+0000] {logging_mixin.py:190} INFO - [%] Downloading Image #12 from https://www.tomatodirt.com/images/most-popular-tomato-varieties.png
[2025-01-15T12:59:06.346+0000] {logging_mixin.py:190} INFO - [%] File Downloaded !
[2025-01-15T12:59:06.347+0000] {logging_mixin.py:190} INFO - [%] Downloading Image #13 from https://images.squarespace-cdn.com/content/v1/5fc3c6fcec917750a3e9b173/1620164674322-I0R11ILE0SAO0CEJGWM0/tomatoes.jpg
[2025-01-15T12:59:07.070+0000] {logging_mixin.py:190} INFO - [%] File Downloaded !
[2025-01-15T12:59:07.071+0000] {logging_mixin.py:190} INFO - [%] Downloading Image #14 from https://njaes.rutgers.edu/tomato-varieties/images/specialty-tomato-assortment.jpg
[2025-01-15T12:59:16.205+0000] {logging_mixin.py:190} INFO - [%] File Downloaded !
[2025-01-15T12:59:16.206+0000] {logging_mixin.py:190} INFO - [%] Downloading Image #15 from http://www.gardenisto.com/wp-content/uploads/2013/07/20130702_160451.jpg
[2025-01-15T13:02:14.984+0000] {logging_mixin.py:190} INFO - [%] File Downloaded !
[2025-01-15T13:02:14.984+0000] {logging_mixin.py:190} INFO - [%] Downloading Image #16 from https://i.pinimg.com/originals/93/01/e8/9301e86e03344eb615d34775c696cda7.jpg
[2025-01-15T13:02:16.335+0000] {logging_mixin.py:190} INFO - [%] File Downloaded !
[2025-01-15T13:02:16.336+0000] {logging_mixin.py:190} INFO - [%] Downloading Image #17 from http://wingardsmarket.com/wp-content/uploads/2015/06/heirloom-tomato.jpg
[2025-01-15T13:02:17.834+0000] {logging_mixin.py:190} INFO - [%] File Downloaded !
[2025-01-15T13:02:17.835+0000] {logging_mixin.py:190} INFO - [%] Downloading Image #18 from https://s-media-cache-ak0.pinimg.com/736x/a9/0d/b1/a90db1c89b58602dde59e069e8262ef4.jpg
[2025-01-15T13:02:18.706+0000] {logging_mixin.py:190} INFO - [%] File Downloaded !
[2025-01-15T13:02:18.707+0000] {logging_mixin.py:190} INFO - [%] Downloading Image #19 from https://www.gardeningknowhow.com/wp-content/uploads/2021/07/heap-of-colorful-and-various-tomatoes-1024x768.jpg
[2025-01-15T13:02:22.130+0000] {logging_mixin.py:190} INFO - [%] File Downloaded !
[2025-01-15T13:02:22.131+0000] {logging_mixin.py:190} INFO - [%] Downloading Image #20 from http://wholefedhomestead.com/wp-content/uploads/2014/02/Black-Cherry-Tomatoes.jpg
[2025-01-15T13:04:08.895+0000] {logging_mixin.py:190} INFO - [%] File Downloaded !
[2025-01-15T13:04:08.896+0000] {logging_mixin.py:190} INFO - [%] Downloading Image #21 from https://www.allotment-garden.org/wp-content/uploads/2016/04/Black-Opal-Tomatoes.jpg
[2025-01-15T13:04:12.813+0000] {logging_mixin.py:190} INFO - [%] File Downloaded !
[2025-01-15T13:04:12.814+0000] {logging_mixin.py:190} INFO - [%] Downloading Image #22 from https://kitchengardenbykatie.com/wp-content/uploads/2021/12/Heritage-Tomato-Varieties-scaled.jpg
[2025-01-15T13:04:14.142+0000] {logging_mixin.py:190} INFO - [!] Issue getting: https://kitchengardenbykatie.com/wp-content/uploads/2021/12/Heritage-Tomato-Varieties-scaled.jpg
[!] Error:: Remote end closed connection without response
[2025-01-15T13:04:14.143+0000] {logging_mixin.py:190} INFO - [%] Downloading Image #22 from https://i.pinimg.com/originals/0f/1c/a4/0f1ca4fbfbc364d84e91d51d34acf413.jpg
[2025-01-15T13:04:14.376+0000] {logging_mixin.py:190} INFO - [%] File Downloaded !
[2025-01-15T13:04:14.377+0000] {logging_mixin.py:190} INFO - [%] Downloading Image #23 from https://www.tomatobible.com/wp-content/uploads/2021/04/heirloom-tomato-variety.jpg
[2025-01-15T13:04:14.773+0000] {logging_mixin.py:190} INFO - [%] File Downloaded !
[2025-01-15T13:04:14.773+0000] {logging_mixin.py:190} INFO - [%] Downloading Image #24 from https://www.researchgate.net/publication/352501001/figure/fig1/AS:1038265649987584@1624553229153/Representative-fruits-of-the-10-varieties-of-pepper-P-codes-tomato-T-codes-and.png
[2025-01-15T13:04:14.964+0000] {logging_mixin.py:190} INFO - [!] Issue getting: https://www.researchgate.net/publication/352501001/figure/fig1/AS:1038265649987584@1624553229153/Representative-fruits-of-the-10-varieties-of-pepper-P-codes-tomato-T-codes-and.png
[!] Error:: HTTP Error 403: Forbidden
[2025-01-15T13:04:14.965+0000] {logging_mixin.py:190} INFO - [%] Downloading Image #24 from https://i.pinimg.com/736x/3a/d9/fd/3ad9fdc578374ac9b4d72278bbfa4d65.jpg
[2025-01-15T13:04:15.167+0000] {logging_mixin.py:190} INFO - [%] File Downloaded !
[2025-01-15T13:04:15.168+0000] {logging_mixin.py:190} INFO - [%] Downloading Image #25 from https://gardenerspath.com/wp-content/uploads/2019/12/Top-Tomato-Hybrids.jpg
[2025-01-15T13:04:15.941+0000] {logging_mixin.py:190} INFO - [%] File Downloaded !
[2025-01-15T13:04:15.942+0000] {logging_mixin.py:190} INFO - [%] Downloading Image #26 from https://i.pinimg.com/originals/3c/ae/55/3cae55ac3906bdca1830d26ba8a361df.jpg
[2025-01-15T13:04:16.274+0000] {logging_mixin.py:190} INFO - [%] File Downloaded !
[2025-01-15T13:04:16.275+0000] {logging_mixin.py:190} INFO - [%] Downloading Image #27 from https://www.kroger.com/content/v2/binary/image/blog/food/types-of-tomatoes-guide/imageset_types-of-tomatoes_03-02--640-x-1630_tomatoes_info-graphic_02-16_52.png
[2025-01-15T13:04:16.855+0000] {logging_mixin.py:190} INFO - [!] Issue getting: https://www.kroger.com/content/v2/binary/image/blog/food/types-of-tomatoes-guide/imageset_types-of-tomatoes_03-02--640-x-1630_tomatoes_info-graphic_02-16_52.png
[!] Error:: HTTP Error 403: Forbidden
[2025-01-15T13:04:16.857+0000] {logging_mixin.py:190} INFO - [%] Downloading Image #27 from https://i.pinimg.com/originals/a4/6a/2d/a46a2da475dcffbcebc0b4b3c18af10b.jpg
[2025-01-15T13:04:17.165+0000] {logging_mixin.py:190} INFO - [%] File Downloaded !
[2025-01-15T13:04:17.166+0000] {logging_mixin.py:190} INFO - [%] Downloading Image #28 from http://media-cache-ak0.pinimg.com/736x/e0/31/0e/e0310ef03045cd0c2a65b934bb7f66a9.jpg
[2025-01-15T13:04:18.490+0000] {logging_mixin.py:190} INFO - [%] File Downloaded !
[2025-01-15T13:04:18.491+0000] {logging_mixin.py:190} INFO - [%] Downloading Image #29 from https://modernfrontierswoman.com/wp-content/uploads/2018/04/Tomato-Growing-Tips.jpg
[2025-01-15T13:04:18.946+0000] {logging_mixin.py:190} INFO - [%] File Downloaded !
[2025-01-15T13:04:18.947+0000] {logging_mixin.py:190} INFO - [%] Downloading Image #30 from https://simplifylivelove.com/wp-content/uploads/2020/08/tomato-growing-tips-1.jpg
[2025-01-15T13:04:20.847+0000] {logging_mixin.py:190} INFO - [%] File Downloaded !
[2025-01-15T13:04:20.847+0000] {logging_mixin.py:190} INFO - [%] Downloading Image #31 from https://imaginacres.com/wp-content/uploads/2014/04/10-Tomato-Growing-Tips-Pinsm-1.jpg
[2025-01-15T13:04:50.363+0000] {logging_mixin.py:190} INFO - [%] File Downloaded !
[2025-01-15T13:04:50.365+0000] {logging_mixin.py:190} INFO - [%] Downloading Image #32 from https://simplifylivelove.com/wp-content/uploads/2020/08/19-best-tips-for-growing-tomatoes.jpg
[2025-01-15T13:04:50.673+0000] {logging_mixin.py:190} INFO - [%] File Downloaded !
[2025-01-15T13:04:50.675+0000] {logging_mixin.py:190} INFO - [%] Downloading Image #33 from https://simplifylivelove.com/wp-content/uploads/2023/02/19-Best-Tips-for-Growing-Tomatoes.jpg
[2025-01-15T13:04:51.022+0000] {logging_mixin.py:190} INFO - [%] File Downloaded !
[2025-01-15T13:04:51.023+0000] {logging_mixin.py:190} INFO - [%] Downloading Image #34 from https://www.thespruce.com/thmb/TMRYcJe21L7W5Rn2R8jDqIfVSCk=/5750x3829/filters:fill(auto,1)/top-tomato-growing-tips-1402587-11-c6d6161716fd448fbca41715bbffb1d9.jpg
[2025-01-15T13:04:55.464+0000] {logging_mixin.py:190} INFO - [%] File Downloaded !
[2025-01-15T13:04:55.465+0000] {logging_mixin.py:190} INFO - [%] Downloading Image #35 from https://petergreenfield.com/wp-content/uploads/2021/06/tomato-growing-tips-for-beginners-1024x576.png
[2025-01-15T13:05:37.594+0000] {logging_mixin.py:190} INFO - [%] File Downloaded !
[2025-01-15T13:05:37.594+0000] {logging_mixin.py:190} INFO - [%] Downloading Image #36 from https://www.thespruce.com/thmb/r2nrI4RmUzgalSX-zc2DFaXFMPU=/4700x3134/filters:no_upscale():max_bytes(150000):strip_icc()/top-tomato-growing-tips-1402587-01-a44a63731ea846c29dff2fa6a722fae5.jpg
[2025-01-15T13:05:40.927+0000] {logging_mixin.py:190} INFO - [%] File Downloaded !
[2025-01-15T13:05:40.927+0000] {logging_mixin.py:190} INFO - [%] Downloading Image #37 from https://blog.trekaroo.com/wp-content/uploads/2020/03/tomato-planting-tips-by-sharlene-earnshaw.jpg
[2025-01-15T13:05:41.184+0000] {logging_mixin.py:190} INFO - [%] File Downloaded !
[2025-01-15T13:05:41.185+0000] {logging_mixin.py:190} INFO - [%] Downloading Image #38 from https://www.thespruce.com/thmb/eQHG40jdBkK7Jv6gvokjdenCzLw=/960x0/filters:no_upscale():max_bytes(150000):strip_icc()/top-tomato-growing-tips-1402587-v4-5b4de02ac9e77c003ebbd6f7.png
[2025-01-15T13:05:43.186+0000] {logging_mixin.py:190} INFO - [%] File Downloaded !
[2025-01-15T13:05:43.186+0000] {logging_mixin.py:190} INFO - [%] Downloading Image #39 from https://www.thespruce.com/thmb/J91toAgjBJ_p4lonWjxDl3Rc3dY=/1600x1075/filters:no_upscale():max_bytes(150000):strip_icc()/Tomato-Seedlings_edited-1-57a0d1655f9b589aa9cba9ab.jpg
[2025-01-15T13:05:45.487+0000] {logging_mixin.py:190} INFO - [%] File Downloaded !
[2025-01-15T13:05:45.488+0000] {logging_mixin.py:190} INFO - [%] Downloading Image #40 from https://blog.trekaroo.com/wp-content/uploads/2020/03/Tomato-growing-tips-seedling-by-flickr-ged.jpg
[2025-01-15T13:05:45.721+0000] {logging_mixin.py:190} INFO - [%] File Downloaded !
[2025-01-15T13:05:45.721+0000] {logging_mixin.py:190} INFO - [%] Downloading Image #41 from https://gracegritsgarden.com/wp-content/uploads/2020/05/tomato-growing-tips.png
[2025-01-15T13:05:46.143+0000] {logging_mixin.py:190} INFO - [%] File Downloaded !
[2025-01-15T13:05:46.144+0000] {logging_mixin.py:190} INFO - [%] Downloading Image #42 from https://plantinstructions.com/wp-content/uploads/2017/08/Tomato-Growing-Tips.jpg
[2025-01-15T13:05:54.147+0000] {logging_mixin.py:190} INFO - [!] Issue getting: https://plantinstructions.com/wp-content/uploads/2017/08/Tomato-Growing-Tips.jpg
[!] Error:: <urlopen error [Errno -3] Temporary failure in name resolution>
[2025-01-15T13:05:54.148+0000] {logging_mixin.py:190} INFO - [%] Downloading Image #42 from https://theplantguide.net/wp-content/uploads/2017/10/Untitled.png
[2025-01-15T13:05:56.572+0000] {logging_mixin.py:190} INFO - [%] File Downloaded !
[2025-01-15T13:05:56.573+0000] {logging_mixin.py:190} INFO - [%] Downloading Image #43 from https://i.pinimg.com/originals/8c/d4/9b/8cd49b36640bc2d2097ea59988d606ab.jpg
[2025-01-15T13:05:56.721+0000] {logging_mixin.py:190} INFO - [%] File Downloaded !
[2025-01-15T13:05:56.722+0000] {logging_mixin.py:190} INFO - [%] Downloading Image #44 from https://momfoodie.com/wp-content/uploads/Tips-for-Growing-Tomatoes-1.webp
[2025-01-15T13:05:57.098+0000] {logging_mixin.py:190} INFO - [%] File Downloaded !
[2025-01-15T13:05:57.098+0000] {logging_mixin.py:190} INFO - [%] Downloading Image #45 from https://i.pinimg.com/originals/7f/94/ee/7f94ee5362c1c43d398c647981e320df.jpg
[2025-01-15T13:05:57.284+0000] {logging_mixin.py:190} INFO - [%] File Downloaded !
[2025-01-15T13:05:57.285+0000] {logging_mixin.py:190} INFO - [%] Downloading Image #46 from https://balconygardenweb.b-cdn.net/wp-content/uploads/2017/07/1.-Choose-an-ideal-location1.jpg
[2025-01-15T13:06:05.289+0000] {logging_mixin.py:190} INFO - [!] Issue getting: https://balconygardenweb.b-cdn.net/wp-content/uploads/2017/07/1.-Choose-an-ideal-location1.jpg
[!] Error:: <urlopen error [Errno -3] Temporary failure in name resolution>
[2025-01-15T13:06:05.289+0000] {logging_mixin.py:190} INFO - [%] Downloading Image #46 from https://www.thespruce.com/thmb/bVnhYJgAMfZ3g3YEN4dIMNA_zos=/5600x3734/filters:no_upscale():max_bytes(150000):strip_icc()/tips-for-growing-tomatoes-in-containers-848216-01-bc0c62366c3b448f9b1f6cd0436a8270.jpg
[2025-01-15T13:06:09.853+0000] {logging_mixin.py:190} INFO - [%] File Downloaded !
[2025-01-15T13:06:09.854+0000] {logging_mixin.py:190} INFO - [%] Downloading Image #47 from https://cdn11.bigcommerce.com/s-jmzfi5zcr2/product_images/uploaded_images/cage-supporting-goodhearted-tomato-plant.jpg
[2025-01-15T13:06:10.804+0000] {logging_mixin.py:190} INFO - [%] File Downloaded !
[2025-01-15T13:06:10.805+0000] {logging_mixin.py:190} INFO - [%] Downloading Image #48 from https://minnetonkaorchards.com/wp-content/uploads/2022/06/Tomato-plant-520x347.jpg
[2025-01-15T13:06:11.064+0000] {logging_mixin.py:190} INFO - [%] File Downloaded !
[2025-01-15T13:06:11.065+0000] {logging_mixin.py:190} INFO - [%] Downloading Image #49 from https://cherryblossomlife.com/wp-content/uploads/2019/04/tomato-plant-care.jpg
[2025-01-15T13:06:12.474+0000] {logging_mixin.py:190} INFO - [%] File Downloaded !
[2025-01-15T13:06:12.474+0000] {logging_mixin.py:190} INFO - [%] Downloading Image #50 from http://growingtomatoes4you.com/wp-content/uploads/2011/12/Tomato-Plant-Care-01.jpg
[2025-01-15T13:06:12.954+0000] {logging_mixin.py:190} INFO - [!] Issue getting: http://growingtomatoes4you.com/wp-content/uploads/2011/12/Tomato-Plant-Care-01.jpg
[!] Error:: Remote end closed connection without response
[2025-01-15T13:06:12.955+0000] {logging_mixin.py:190} INFO - [%] Downloading Image #50 from http://cherryblossomlife.com/wp-content/uploads/2019/04/tomato-plant-care-1.jpg
[2025-01-15T13:06:14.374+0000] {logging_mixin.py:190} INFO - [%] File Downloaded !
[2025-01-15T13:06:14.374+0000] {logging_mixin.py:190} INFO - [%] Downloading Image #51 from https://grow.ifa.coop/hubfs/tomato-care-img3a.png
[2025-01-15T13:06:15.311+0000] {logging_mixin.py:190} INFO - [%] File Downloaded !
[2025-01-15T13:06:15.311+0000] {logging_mixin.py:190} INFO - [%] Downloading Image #52 from https://plantcaretoday.com/wp-content/uploads/8-tomato-growing-mistakes-pinterest-735-1120-01312018-min.jpg
[2025-01-15T13:06:15.598+0000] {logging_mixin.py:190} INFO - [%] File Downloaded !
[2025-01-15T13:06:15.598+0000] {logging_mixin.py:190} INFO - [%] Downloading Image #53 from https://growingtomatoes4you.com/wp-content/uploads/2011/12/growing-tomatoes-1.jpg
[2025-01-15T13:06:16.434+0000] {logging_mixin.py:190} INFO - [!] Issue getting: https://growingtomatoes4you.com/wp-content/uploads/2011/12/growing-tomatoes-1.jpg
[!] Error:: Remote end closed connection without response
[2025-01-15T13:06:16.434+0000] {logging_mixin.py:190} INFO - [%] Downloading Image #53 from https://cdn.images.express.co.uk/img/dynamic/13/1200x712/4756187.jpg?r=1684257293110
[2025-01-15T13:06:17.450+0000] {logging_mixin.py:190} INFO - [%] File Downloaded !
[2025-01-15T13:06:17.451+0000] {logging_mixin.py:190} INFO - [%] Downloading Image #54 from https://lh3.googleusercontent.com/-L6O7vJkqOOU/X9JLXKD6bPI/AAAAAAAACp8/I5MKqlHobtUgqclfrYgJj-joMQx1cJyxgCNcBGAsYHQ/w1684-h1069-p-k-no-nu/1607660454606226-0.png
[2025-01-15T13:06:18.025+0000] {logging_mixin.py:190} INFO - [%] File Downloaded !
[2025-01-15T13:06:18.026+0000] {logging_mixin.py:190} INFO - [%] Downloading Image #55 from https://i.pinimg.com/originals/21/ef/55/21ef553eb93f2ba793991d4145b82cee.jpg
[2025-01-15T13:06:18.178+0000] {logging_mixin.py:190} INFO - [%] File Downloaded !
[2025-01-15T13:06:18.179+0000] {logging_mixin.py:190} INFO - [%] Downloading Image #56 from https://cdn.images.express.co.uk/img/dynamic/13/590x/secondary/how-to-care-for-tomato-plant-3101357.jpg?r=1624544792894
[2025-01-15T13:06:19.052+0000] {logging_mixin.py:190} INFO - [%] File Downloaded !
[2025-01-15T13:06:19.053+0000] {logging_mixin.py:190} INFO - [%] Downloading Image #57 from http://s3.amazonaws.com/photography.prod.demandstudios.com/1567bbae-342b-482f-9f6e-d4788b0b0d84.jpg
[2025-01-15T13:07:25.778+0000] {logging_mixin.py:190} INFO - [%] File Downloaded !
[2025-01-15T13:07:25.778+0000] {logging_mixin.py:190} INFO - [%] Downloading Image #58 from https://c8.alamy.com/comp/2N56NNM/life-cycle-of-a-tomato-plant-diagram-illustration-2N56NNM.jpg
[2025-01-15T13:07:26.080+0000] {logging_mixin.py:190} INFO - [%] File Downloaded !
[2025-01-15T13:07:26.081+0000] {logging_mixin.py:190} INFO - [%] Downloading Image #59 from https://img.hunkercdn.com/640/photos.demandstudios.com/getty/article/181/88/470660733.jpg
[2025-01-15T13:07:26.336+0000] {logging_mixin.py:190} INFO - [%] File Downloaded !
[2025-01-15T13:07:26.336+0000] {logging_mixin.py:190} INFO - [%] Downloading Image #60 from https://plantcaretoday.com/wp-content/uploads/tomato-planting-10-rules-pinterest-735-1470-min.jpg
[2025-01-15T13:07:26.531+0000] {logging_mixin.py:190} INFO - [%] File Downloaded !
[2025-01-15T13:07:26.532+0000] {logging_mixin.py:190} INFO - [%] Downloading Image #61 from https://hort.extension.wisc.edu/files/2021/07/tomato-prune-1.png
[2025-01-15T13:07:30.862+0000] {logging_mixin.py:190} INFO - [%] File Downloaded !
[2025-01-15T13:07:30.863+0000] {logging_mixin.py:190} INFO - [%] Downloading Image #62 from https://cdn.shopify.com/s/files/1/1637/1845/files/Untitled_design_2_2b2910ef-ec92-4cab-8a24-b429ac9a4083.png?v=1624672830
[2025-01-15T13:07:33.761+0000] {logging_mixin.py:190} INFO - [%] File Downloaded !
[2025-01-15T13:07:33.761+0000] {logging_mixin.py:190} INFO - [%] Downloading Image #63 from https://i0.wp.com/plantora.app/blog/wp-content/uploads/2023/08/Tomato-Plants.jpg?w=813&amp;ssl=1
[2025-01-15T13:07:34.242+0000] {logging_mixin.py:190} INFO - [!] Issue getting: https://i0.wp.com/plantora.app/blog/wp-content/uploads/2023/08/Tomato-Plants.jpg?w=813&amp;ssl=1
[!] Error:: HTTP Error 404: Not Found
[2025-01-15T13:07:34.243+0000] {logging_mixin.py:190} INFO - [%] Downloading Image #63 from https://i2.wp.com/agnetwest.com/wp-content/uploads/2019/12/tomato-plant-pruning.shutterstock_211577689-scaled.jpg?fit=2560%2C1707
[2025-01-15T13:07:34.535+0000] {logging_mixin.py:190} INFO - [!] Issue getting: https://i2.wp.com/agnetwest.com/wp-content/uploads/2019/12/tomato-plant-pruning.shutterstock_211577689-scaled.jpg?fit=2560%2C1707
[!] Error:: HTTP Error 404: Not Found
[2025-01-15T13:07:34.536+0000] {logging_mixin.py:190} INFO - [%] Downloading Image #63 from https://homesteadandchill.com/wp-content/uploads/2022/09/how-to-make-tomato-powder-dry-tomato-paste-feature.jpg
[2025-01-15T13:07:35.240+0000] {logging_mixin.py:190} INFO - [%] File Downloaded !
[2025-01-15T13:07:35.241+0000] {logging_mixin.py:190} INFO - [%] Downloading Image #64 from https://www.evolvingtable.com/wp-content/uploads/2022/07/How-to-dice-a-tomato-11.jpg
[2025-01-15T13:07:35.681+0000] {logging_mixin.py:190} INFO - [!] Issue getting: https://www.evolvingtable.com/wp-content/uploads/2022/07/How-to-dice-a-tomato-11.jpg
[!] Error:: HTTP Error 403: Forbidden
[2025-01-15T13:07:35.682+0000] {logging_mixin.py:190} INFO - [%] Downloading Image #64 from https://static.vecteezy.com/system/resources/previews/014/455/767/original/hand-drawn-style-drawing-tomato-png.png
[2025-01-15T13:07:35.931+0000] {logging_mixin.py:190} INFO - [%] File Downloaded !
[2025-01-15T13:07:35.932+0000] {logging_mixin.py:190} INFO - [%] Downloading Image #65 from https://www.nature-and-garden.com/wp-content/uploads/sites/4/2018/10/growing-tomatoes.jpg
[2025-01-15T13:07:36.861+0000] {logging_mixin.py:190} INFO - [%] File Downloaded !
[2025-01-15T13:07:36.861+0000] {logging_mixin.py:190} INFO - [%] Downloading Image #66 from https://static.vecteezy.com/system/resources/previews/013/632/742/original/red-tomato-clip-art-isolated-on-white-background-tomatos-cartoon-infographics-illustration-cartoon-tomato-simple-flat-cute-tomato-for-kindergarten-child-learning-tomato-for-flash-card-of-kids-vector.jpg
[2025-01-15T13:07:37.048+0000] {logging_mixin.py:190} INFO - [%] File Downloaded !
[2025-01-15T13:07:37.048+0000] {logging_mixin.py:190} INFO - [%] Downloading Image #67 from https://feelgoodfoodie.net/wp-content/uploads/2020/03/How-to-Cut-a-Tomato-5.jpg
[2025-01-15T13:07:37.259+0000] {logging_mixin.py:190} INFO - [!] Issue getting: https://feelgoodfoodie.net/wp-content/uploads/2020/03/How-to-Cut-a-Tomato-5.jpg
[!] Error:: HTTP Error 403: Forbidden
[2025-01-15T13:07:37.260+0000] {logging_mixin.py:190} INFO - [%] Downloading Image #67 from https://webstockreview.net/images/tomatoes-clipart-happy-tomato-8.png
[2025-01-15T13:07:46.086+0000] {logging_mixin.py:190} INFO - [%] File Downloaded !
[2025-01-15T13:07:46.087+0000] {logging_mixin.py:190} INFO - [%] Downloading Image #68 from https://as2.ftcdn.net/v2/jpg/02/85/26/15/1000_F_285261563_nAma67q0PG1nafKzlNHdp29p16rUj6ON.jpg
[2025-01-15T13:07:47.181+0000] {logging_mixin.py:190} INFO - [%] File Downloaded !
[2025-01-15T13:07:47.182+0000] {logging_mixin.py:190} INFO - [%] Downloading Image #69 from https://www.thedailymeal.com/img/gallery/11-italian-tomato-varieties-to-get-to-know/l-intro-1686850536.jpg
[2025-01-15T13:07:51.264+0000] {logging_mixin.py:190} INFO - [%] File Downloaded !
[2025-01-15T13:07:51.264+0000] {logging_mixin.py:190} INFO - [%] Downloading Image #70 from https://thumbs.dreamstime.com/z/tomato-plant-green-leaf-yellow-flowers-ripe-red-tomatoes-root-system-tomato-plant-green-leaf-yellow-flowers-ripe-red-168034118.jpg
[2025-01-15T13:07:53.236+0000] {logging_mixin.py:190} INFO - [%] File Downloaded !
[2025-01-15T13:07:53.237+0000] {logging_mixin.py:190} INFO - [%] Downloading Image #71 from https://nairabrains.com/wp-content/uploads/2016/06/tomatoes-ready-for-harvest.jpg
[2025-01-15T13:07:53.882+0000] {logging_mixin.py:190} INFO - [%] File Downloaded !
[2025-01-15T13:07:53.883+0000] {logging_mixin.py:190} INFO - [%] Downloading Image #72 from http://upload.wikimedia.org/wikipedia/commons/e/e2/Tomato_Juice.jpg
[2025-01-15T13:07:56.657+0000] {logging_mixin.py:190} INFO - [%] File Downloaded !
[2025-01-15T13:07:56.658+0000] {logging_mixin.py:190} INFO - [%] Downloading Image #73 from https://static.vecteezy.com/system/resources/previews/019/155/842/original/life-cycle-of-tomato-plant-stages-of-growth-of-tomato-from-seedling-sprout-to-mature-red-fruits-in-flower-pot-cherry-tomato-growing-stage-illustration-on-white-background-vector.jpg
[2025-01-15T13:07:56.919+0000] {logging_mixin.py:190} INFO - [%] File Downloaded !
[2025-01-15T13:07:56.920+0000] {logging_mixin.py:190} INFO - [%] Downloading Image #74 from https://static.vecteezy.com/system/resources/previews/022/777/312/original/tomato-icon-clipart-vegetable-illustration-vector.jpg
[2025-01-15T13:07:57.123+0000] {logging_mixin.py:190} INFO - [%] File Downloaded !
[2025-01-15T13:07:57.124+0000] {logging_mixin.py:190} INFO - [%] Downloading Image #75 from http://upload.wikimedia.org/wikipedia/commons/8/89/Tomato_je.jpg
[2025-01-15T13:07:58.584+0000] {logging_mixin.py:190} INFO - [%] File Downloaded !
[2025-01-15T13:07:58.585+0000] {logging_mixin.py:190} INFO - [%] Downloading Image #76 from https://static.vecteezy.com/system/resources/previews/019/862/489/original/tomato-icon-clipart-vegetable-illustration-vector.jpg
[2025-01-15T13:07:58.830+0000] {logging_mixin.py:190} INFO - [%] File Downloaded !
[2025-01-15T13:07:58.831+0000] {logging_mixin.py:190} INFO - [%] Downloading Image #77 from https://agrilifetoday.tamu.edu/wp-content/uploads/2023/03/20210604_The_Gardens_LM_0082.jpg
[2025-01-15T13:08:00.931+0000] {logging_mixin.py:190} INFO - [%] File Downloaded !
[2025-01-15T13:08:00.931+0000] {logging_mixin.py:190} INFO - [%] Downloading Image #78 from https://www.liveeatlearn.com/wp-content/uploads/2023/03/How-to-Cut-Tomatoes-03.jpg
[2025-01-15T13:08:01.796+0000] {logging_mixin.py:190} INFO - [Error]Invalid image, not saving https://www.liveeatlearn.com/wp-content/uploads/2023/03/How-to-Cut-Tomatoes-03.jpg
[2025-01-15T13:08:01.797+0000] {logging_mixin.py:190} INFO - [!] Issue getting: https://www.liveeatlearn.com/wp-content/uploads/2023/03/How-to-Cut-Tomatoes-03.jpg
[!] Error:: Invalid image, not saving https://www.liveeatlearn.com/wp-content/uploads/2023/03/How-to-Cut-Tomatoes-03.jpg
[2025-01-15T13:08:01.798+0000] {logging_mixin.py:190} INFO - [%] Downloading Image #78 from https://thecoconutmama.com/wp-content/uploads/2023/01/Tomato-Fruit-Vegetable-Both-Shutterstock_1620914383-1-scaled.webp
[2025-01-15T13:08:03.363+0000] {logging_mixin.py:190} INFO - [%] File Downloaded !
[2025-01-15T13:08:03.363+0000] {logging_mixin.py:190} INFO - [%] Downloading Image #79 from https://img.freepik.com/premium-vector/tomato-plant-with-fruit-isolated_1639-44286.jpg?w=2000
[2025-01-15T13:08:08.003+0000] {logging_mixin.py:190} INFO - [%] File Downloaded !
[2025-01-15T13:08:08.003+0000] {logging_mixin.py:190} INFO - [%] Downloading Image #80 from https://www.tastingtable.com/img/gallery/tomato-concass-elevates-flavor-by-removing-the-seeds-and-skins/l-intro-1695925806.jpg
[2025-01-15T13:08:09.947+0000] {logging_mixin.py:190} INFO - [%] File Downloaded !
[2025-01-15T13:08:09.948+0000] {logging_mixin.py:190} INFO - [%] Downloading Image #81 from https://www.bhg.com/thmb/qmOLEStjyBopezBESkXBZL9n_dQ=/1999x1333/filters:fill(auto,1)/overhead-sliced-tomatoes-with-seeds-horizontal-acf8e6ccd55a4c5aa2bc17ff19553a79.jpg
[2025-01-15T13:08:13.307+0000] {logging_mixin.py:190} INFO - [%] File Downloaded !
[2025-01-15T13:08:13.308+0000] {logging_mixin.py:190} INFO - [%] Downloading Image #82 from https://cdn.shopify.com/s/files/1/1740/1449/files/RG-Toomato-plants.jpg?v=1615491106
[2025-01-15T13:08:15.605+0000] {logging_mixin.py:190} INFO - [%] File Downloaded !
[2025-01-15T13:08:15.606+0000] {logging_mixin.py:190} INFO - [%] Downloading Image #83 from https://harvestfarmofwhately.com/wp-content/uploads/2020/01/Tomato-Seedling-scaled.jpeg
[2025-01-15T13:08:16.223+0000] {logging_mixin.py:190} INFO - [%] File Downloaded !
[2025-01-15T13:08:16.224+0000] {logging_mixin.py:190} INFO - 

[!!]Indexing page: 2
[2025-01-15T13:08:16.811+0000] {logging_mixin.py:190} INFO - [%] Indexed 95 Images on Page 2.
[2025-01-15T13:08:16.812+0000] {logging_mixin.py:190} INFO - 
===============================================
[2025-01-15T13:08:16.812+0000] {logging_mixin.py:190} INFO - 

[!!]Indexing page: 3
[2025-01-15T13:08:17.356+0000] {logging_mixin.py:190} INFO - [%] Indexed 35 Images on Page 3.
[2025-01-15T13:08:17.357+0000] {logging_mixin.py:190} INFO - 
===============================================
[2025-01-15T13:08:17.358+0000] {logging_mixin.py:190} INFO - [%] Downloading Image #84 from http://feelgrafix.com/data_images/out/27/956610-tomato.jpg
[2025-01-15T13:08:18.027+0000] {logging_mixin.py:190} INFO - [!] Issue getting: http://feelgrafix.com/data_images/out/27/956610-tomato.jpg
[!] Error:: HTTP Error 404: Not Found
[2025-01-15T13:08:18.028+0000] {logging_mixin.py:190} INFO - [%] Downloading Image #84 from https://sporked.com/wp-content/uploads/2022/11/BEST_TOMATO_JUICE_HEADER.jpg
[2025-01-15T13:08:18.487+0000] {logging_mixin.py:190} INFO - [%] File Downloaded !
[2025-01-15T13:08:18.489+0000] {logging_mixin.py:190} INFO - [%] Downloading Image #85 from https://b.rgbimg.com/cache1nyGSj/users/m/mz/mzacha/600/mfZxxgM.jpg
[2025-01-15T13:08:23.418+0000] {logging_mixin.py:190} INFO - [%] File Downloaded !
[2025-01-15T13:08:23.419+0000] {logging_mixin.py:190} INFO - [%] Downloading Image #86 from https://minnetonkaorchards.com/wp-content/uploads/2022/08/BFS-1080x720.jpg
[2025-01-15T13:08:23.666+0000] {logging_mixin.py:190} INFO - [%] File Downloaded !
[2025-01-15T13:08:23.667+0000] {logging_mixin.py:190} INFO - [%] Downloading Image #87 from https://familystylefood.com/wp-content/uploads/2022/09/Homemade-Tomato-Paste.jpg
[2025-01-15T13:08:24.052+0000] {logging_mixin.py:190} INFO - [%] File Downloaded !
[2025-01-15T13:08:24.053+0000] {logging_mixin.py:190} INFO - [%] Downloading Image #88 from https://www.byrdie.com/thmb/kD6agAHbHCD9hHmaC-t8jolxtko=/1500x0/filters:no_upscale():max_bytes(150000):strip_icc()/Byr_TomatoGirl_LeadRecirc-3f22a1e1ce9b428f9f424e9001ff3365.jpg
[2025-01-15T13:08:26.420+0000] {logging_mixin.py:190} INFO - [%] File Downloaded !
[2025-01-15T13:08:26.420+0000] {logging_mixin.py:190} INFO - [%] Downloading Image #89 from https://www.thespruce.com/thmb/vsi1K2MhRVqbZm2jj4HvQo9FP7I=/2124x0/filters:no_upscale():max_bytes(150000):strip_icc()/GettyImages-157375722-d20e3642296142e3a9616fec415bf932.jpg
[2025-01-15T13:08:28.122+0000] {logging_mixin.py:190} INFO - [%] File Downloaded !
[2025-01-15T13:08:28.123+0000] {logging_mixin.py:190} INFO - [%] Downloading Image #90 from https://cdn2.vectorstock.com/i/1000x1000/82/96/clipart-tomato-vector-44498296.jpg
[2025-01-15T13:08:28.560+0000] {logging_mixin.py:190} INFO - [%] File Downloaded !
[2025-01-15T13:08:28.561+0000] {logging_mixin.py:190} INFO - [%] Downloading Image #91 from https://jakemp.com/wp-content/uploads/JIC-purple-tomato-4_DSC6194-scaled.jpg
[2025-01-15T13:08:48.427+0000] {logging_mixin.py:190} INFO - [%] File Downloaded !
[2025-01-15T13:08:48.428+0000] {logging_mixin.py:190} INFO - [%] Downloading Image #92 from https://1.bp.blogspot.com/-6yMwvzmhEWI/X3ymOQd-n_I/AAAAAAACAnA/tJJtTSgDAcUOvcDS9BtSwlUYUvBMJ5QegCLcBGAsYHQ/s2643/tomatoes%2B%25289%2529.jpg
[2025-01-15T13:08:49.014+0000] {logging_mixin.py:190} INFO - [%] File Downloaded !
[2025-01-15T13:08:49.015+0000] {logging_mixin.py:190} INFO - [%] Downloading Image #93 from http://cdn.shopify.com/s/files/1/0620/2749/7724/products/tomato-supersweet-100-noa-1.jpg?v=1678729200
[2025-01-15T13:08:49.417+0000] {logging_mixin.py:190} INFO - [%] File Downloaded !
[2025-01-15T13:08:49.417+0000] {logging_mixin.py:190} INFO - [%] Downloading Image #94 from https://plantura.garden/uk/wp-content/uploads/sites/2/2022/02/yellow-tomatoes-vine.jpg
[2025-01-15T13:08:51.340+0000] {logging_mixin.py:190} INFO - [%] File Downloaded !
[2025-01-15T13:08:51.341+0000] {logging_mixin.py:190} INFO - [%] Downloading Image #95 from https://gachwala.in/wp-content/uploads/2022/07/71zM7n-51kL._SX569_.jpg
[2025-01-15T13:08:51.680+0000] {logging_mixin.py:190} INFO - [%] File Downloaded !
[2025-01-15T13:08:51.681+0000] {logging_mixin.py:190} INFO - [%] Downloading Image #96 from https://cdn.britannica.com/16/187216-131-FB186228/tomatoes-tomato-plant-Fruit-vegetable.jpg
[2025-01-15T13:08:52.188+0000] {logging_mixin.py:190} INFO - [%] File Downloaded !
[2025-01-15T13:08:52.189+0000] {logging_mixin.py:190} INFO - 

[!!]Indexing page: 4
[2025-01-15T13:08:52.980+0000] {logging_mixin.py:190} INFO - [%] Indexed 35 Images on Page 4.
[2025-01-15T13:08:52.980+0000] {logging_mixin.py:190} INFO - 
===============================================
[2025-01-15T13:08:52.981+0000] {logging_mixin.py:190} INFO - [%] Downloading Image #97 from http://upload.wikimedia.org/wikipedia/commons/6/6c/Tomato-global.png
[2025-01-15T13:08:57.850+0000] {logging_mixin.py:190} INFO - [%] File Downloaded !
[2025-01-15T13:08:57.851+0000] {logging_mixin.py:190} INFO - 

[!!]Indexing page: 5
[2025-01-15T13:08:58.300+0000] {logging_mixin.py:190} INFO - [%] Indexed 35 Images on Page 5.
[2025-01-15T13:08:58.300+0000] {logging_mixin.py:190} INFO - 
===============================================
[2025-01-15T13:08:58.301+0000] {logging_mixin.py:190} INFO - [%] Downloading Image #98 from https://static.vecteezy.com/system/resources/previews/018/931/605/original/cartoon-tomato-icon-png.png
[2025-01-15T13:08:58.563+0000] {logging_mixin.py:190} INFO - [%] File Downloaded !
[2025-01-15T13:08:58.564+0000] {logging_mixin.py:190} INFO - [%] Downloading Image #99 from https://img.freepik.com/premium-vector/tomato-plant-with-fruit-isolated_1639-44898.jpg?w=2000
[2025-01-15T13:09:02.421+0000] {logging_mixin.py:190} INFO - [%] File Downloaded !
[2025-01-15T13:09:02.421+0000] {logging_mixin.py:190} INFO - 

[!!]Indexing page: 6
[2025-01-15T13:09:02.748+0000] {logging_mixin.py:190} INFO - [%] Indexed 35 Images on Page 6.
[2025-01-15T13:09:02.748+0000] {logging_mixin.py:190} INFO - 
===============================================
[2025-01-15T13:09:02.749+0000] {logging_mixin.py:190} INFO - [%] Downloading Image #100 from https://cdn.mos.cms.futurecdn.net/tAVzvxkxYFCMTMu7EbqfXP.jpg
[2025-01-15T13:09:03.758+0000] {logging_mixin.py:190} INFO - [%] File Downloaded !
[2025-01-15T13:09:03.758+0000] {logging_mixin.py:190} INFO - 

[%] Done. Downloaded 100 images.
[2025-01-15T13:09:03.759+0000] {craw_check_update.py:38} INFO - Ảnh đã được lưu trong thư mục: data_lake/tomato
[2025-01-15T13:09:03.759+0000] {python.py:240} INFO - Done. Returned value was: None
[2025-01-15T13:09:03.770+0000] {taskinstance.py:340} INFO - ::group::Post task execution logs
[2025-01-15T13:09:03.770+0000] {taskinstance.py:352} INFO - Marking task as SUCCESS. dag_id=tomato_pipeline, task_id=download_images, run_id=scheduled__2025-01-15T10:00:00+00:00, execution_date=20250115T100000, start_date=20250115T125750, end_date=20250115T130903
[2025-01-15T13:09:03.782+0000] {logging_mixin.py:190} INFO - Task instance in success state
[2025-01-15T13:09:03.782+0000] {logging_mixin.py:190} INFO -  Previous state of the Task instance: running
[2025-01-15T13:09:03.783+0000] {logging_mixin.py:190} INFO - Dag name:tomato_pipeline queued_at:2025-01-15 12:57:44.628011+00:00
[2025-01-15T13:09:03.784+0000] {logging_mixin.py:190} INFO - Task hostname:6e32fca90d5e operator:PythonOperator
[2025-01-15T13:09:03.825+0000] {local_task_job_runner.py:266} INFO - Task exited with return code 0
[2025-01-15T13:09:03.850+0000] {taskinstance.py:3895} INFO - 1 downstream tasks scheduled from follow-on schedule check
[2025-01-15T13:09:03.853+0000] {local_task_job_runner.py:245} INFO - ::endgroup::
