[2025-01-15T12:57:50.812+0000] {local_task_job_runner.py:123} INFO - ::group::Pre task execution logs
[2025-01-15T12:57:51.028+0000] {taskinstance.py:2613} INFO - Dependencies all met for dep_context=non-requeueable deps ti=<TaskInstance: tomato_pipeline.download_images scheduled__2025-01-15T11:00:00+00:00 [queued]>
[2025-01-15T12:57:51.040+0000] {taskinstance.py:2613} INFO - Dependencies all met for dep_context=requeueable deps ti=<TaskInstance: tomato_pipeline.download_images scheduled__2025-01-15T11:00:00+00:00 [queued]>
[2025-01-15T12:57:51.040+0000] {taskinstance.py:2866} INFO - Starting attempt 1 of 2
[2025-01-15T12:57:51.063+0000] {taskinstance.py:2889} INFO - Executing <Task(PythonOperator): download_images> on 2025-01-15 11:00:00+00:00
[2025-01-15T12:57:51.074+0000] {warnings.py:112} WARNING - /home/***/.local/lib/python3.12/site-packages/***/task/task_runner/standard_task_runner.py:70: DeprecationWarning: This process (pid=76) is multi-threaded, use of fork() may lead to deadlocks in the child.
  pid = os.fork()

[2025-01-15T12:57:51.076+0000] {standard_task_runner.py:72} INFO - Started process 85 to run task
[2025-01-15T12:57:51.076+0000] {standard_task_runner.py:104} INFO - Running: ['***', 'tasks', 'run', 'tomato_pipeline', 'download_images', 'scheduled__2025-01-15T11:00:00+00:00', '--job-id', '16', '--raw', '--subdir', 'DAGS_FOLDER/craw_check_update.py', '--cfg-path', '/tmp/tmp28hbgomx']
[2025-01-15T12:57:51.081+0000] {standard_task_runner.py:105} INFO - Job 16: Subtask download_images
[2025-01-15T12:57:51.146+0000] {task_command.py:467} INFO - Running <TaskInstance: tomato_pipeline.download_images scheduled__2025-01-15T11:00:00+00:00 [running]> on host 6e32fca90d5e
[2025-01-15T12:57:51.245+0000] {taskinstance.py:3132} INFO - Exporting env vars: AIRFLOW_CTX_DAG_OWNER='***' AIRFLOW_CTX_DAG_ID='tomato_pipeline' AIRFLOW_CTX_TASK_ID='download_images' AIRFLOW_CTX_EXECUTION_DATE='2025-01-15T11:00:00+00:00' AIRFLOW_CTX_TRY_NUMBER='1' AIRFLOW_CTX_DAG_RUN_ID='scheduled__2025-01-15T11:00:00+00:00'
[2025-01-15T12:57:51.247+0000] {logging_mixin.py:190} INFO - Task instance is in running state
[2025-01-15T12:57:51.247+0000] {logging_mixin.py:190} INFO -  Previous state of the Task instance: queued
[2025-01-15T12:57:51.248+0000] {logging_mixin.py:190} INFO - Current task name:download_images state:running start_date:2025-01-15 12:57:51.029529+00:00
[2025-01-15T12:57:51.249+0000] {logging_mixin.py:190} INFO - Dag name:tomato_pipeline and current dag run status:running
[2025-01-15T12:57:51.249+0000] {taskinstance.py:731} INFO - ::endgroup::
[2025-01-15T12:57:51.251+0000] {craw_check_update.py:29} INFO - Đang tải 100 ảnh từ Bing với từ khóa: tomato...
[2025-01-15T12:57:51.252+0000] {logging_mixin.py:190} INFO - [%] Downloading Images to /opt/***/data_lake/tomato
[2025-01-15T12:57:51.252+0000] {logging_mixin.py:190} INFO - 

[!!]Indexing page: 1
[2025-01-15T12:57:51.787+0000] {logging_mixin.py:190} INFO - [%] Indexed 95 Images on Page 1.
[2025-01-15T12:57:51.788+0000] {logging_mixin.py:190} INFO - 
===============================================
[2025-01-15T12:57:51.788+0000] {logging_mixin.py:190} INFO - [%] Downloading Image #1 from https://creativenativefoods.com.au/wp-content/uploads/2020/05/Bush-Tomato-Whole.jpg
[2025-01-15T12:57:56.516+0000] {logging_mixin.py:190} INFO - [%] File Downloaded !
[2025-01-15T12:57:56.517+0000] {logging_mixin.py:190} INFO - [%] Downloading Image #2 from http://feelgrafix.com/data_images/out/27/956610-tomato.jpg
[2025-01-15T12:57:57.673+0000] {logging_mixin.py:190} INFO - [!] Issue getting: http://feelgrafix.com/data_images/out/27/956610-tomato.jpg
[!] Error:: HTTP Error 404: Not Found
[2025-01-15T12:57:57.674+0000] {logging_mixin.py:190} INFO - [%] Downloading Image #2 from https://static.vecteezy.com/system/resources/previews/018/974/656/original/vegetable-tomato-icon-png.png
[2025-01-15T12:57:57.910+0000] {logging_mixin.py:190} INFO - [%] File Downloaded !
[2025-01-15T12:57:57.911+0000] {logging_mixin.py:190} INFO - [%] Downloading Image #3 from https://static.vecteezy.com/system/resources/previews/019/782/597/original/tomato-illustration-element-png.png
[2025-01-15T12:57:58.213+0000] {logging_mixin.py:190} INFO - [%] File Downloaded !
[2025-01-15T12:57:58.214+0000] {logging_mixin.py:190} INFO - [%] Downloading Image #4 from https://static.vecteezy.com/system/resources/previews/024/063/019/original/cartoon-tomato-outline-png.png
[2025-01-15T12:57:58.492+0000] {logging_mixin.py:190} INFO - [%] File Downloaded !
[2025-01-15T12:57:58.493+0000] {logging_mixin.py:190} INFO - [%] Downloading Image #5 from https://openclipart.org/image/2400px/svg_to_png/262421/Tomato-by-Rones.png
[2025-01-15T12:58:03.047+0000] {logging_mixin.py:190} INFO - [%] File Downloaded !
[2025-01-15T12:58:03.047+0000] {logging_mixin.py:190} INFO - [%] Downloading Image #6 from https://www.tokyoweekender.com/wp-content/uploads/2022/08/Tomato.jpg
[2025-01-15T12:58:03.519+0000] {logging_mixin.py:190} INFO - [%] File Downloaded !
[2025-01-15T12:58:03.519+0000] {logging_mixin.py:190} INFO - [%] Downloading Image #7 from https://cdn.mos.cms.futurecdn.net/tAVzvxkxYFCMTMu7EbqfXP.jpg
[2025-01-15T12:58:08.089+0000] {logging_mixin.py:190} INFO - [%] File Downloaded !
[2025-01-15T12:58:08.090+0000] {logging_mixin.py:190} INFO - [%] Downloading Image #8 from https://sporked.com/wp-content/uploads/2022/11/BEST_TOMATO_JUICE_HEADER.jpg
[2025-01-15T12:58:08.406+0000] {logging_mixin.py:190} INFO - [%] File Downloaded !
[2025-01-15T12:58:08.407+0000] {logging_mixin.py:190} INFO - [%] Downloading Image #9 from https://www.tastingtable.com/img/gallery/when-to-use-tomato-paste-vs-tomato-puree/l-intro-1668094714.jpg
[2025-01-15T12:58:10.002+0000] {logging_mixin.py:190} INFO - [%] File Downloaded !
[2025-01-15T12:58:10.002+0000] {logging_mixin.py:190} INFO - [%] Downloading Image #10 from https://minnetonkaorchards.com/wp-content/uploads/2022/08/BFS-1080x720.jpg
[2025-01-15T12:58:10.352+0000] {logging_mixin.py:190} INFO - [%] File Downloaded !
[2025-01-15T12:58:10.352+0000] {logging_mixin.py:190} INFO - [%] Downloading Image #11 from https://www.tomatodirt.com/images/most-popular-tomato-varieties.png
[2025-01-15T12:58:11.225+0000] {logging_mixin.py:190} INFO - [%] File Downloaded !
[2025-01-15T12:58:11.225+0000] {logging_mixin.py:190} INFO - [%] Downloading Image #12 from https://images.squarespace-cdn.com/content/v1/5fc3c6fcec917750a3e9b173/1620164674322-I0R11ILE0SAO0CEJGWM0/tomatoes.jpg
[2025-01-15T12:58:11.956+0000] {logging_mixin.py:190} INFO - [%] File Downloaded !
[2025-01-15T12:58:11.956+0000] {logging_mixin.py:190} INFO - [%] Downloading Image #13 from https://4.bp.blogspot.com/-IugwDQpm1_A/UmRCeXomwQI/AAAAAAAAAoQ/nf0tXr9761k/s1600/Tomato+Varieties.jpg
[2025-01-15T12:58:12.818+0000] {logging_mixin.py:190} INFO - [%] File Downloaded !
[2025-01-15T12:58:12.819+0000] {logging_mixin.py:190} INFO - [%] Downloading Image #14 from https://www.thespruce.com/thmb/vsi1K2MhRVqbZm2jj4HvQo9FP7I=/2124x0/filters:no_upscale():max_bytes(150000):strip_icc()/GettyImages-157375722-d20e3642296142e3a9616fec415bf932.jpg
[2025-01-15T12:58:14.973+0000] {logging_mixin.py:190} INFO - [%] File Downloaded !
[2025-01-15T12:58:14.974+0000] {logging_mixin.py:190} INFO - [%] Downloading Image #15 from http://www.gardenisto.com/wp-content/uploads/2013/07/20130702_160451.jpg
[2025-01-15T13:01:16.897+0000] {logging_mixin.py:190} INFO - [%] File Downloaded !
[2025-01-15T13:01:16.898+0000] {logging_mixin.py:190} INFO - [%] Downloading Image #16 from https://plantinstructions.com/wp-content/uploads/2019/01/best-tomato-varieties.png
[2025-01-15T13:01:24.904+0000] {logging_mixin.py:190} INFO - [!] Issue getting: https://plantinstructions.com/wp-content/uploads/2019/01/best-tomato-varieties.png
[!] Error:: <urlopen error [Errno -3] Temporary failure in name resolution>
[2025-01-15T13:01:24.905+0000] {logging_mixin.py:190} INFO - [%] Downloading Image #16 from https://s-media-cache-ak0.pinimg.com/736x/a9/0d/b1/a90db1c89b58602dde59e069e8262ef4.jpg
[2025-01-15T13:01:25.661+0000] {logging_mixin.py:190} INFO - [%] File Downloaded !
[2025-01-15T13:01:25.661+0000] {logging_mixin.py:190} INFO - [%] Downloading Image #17 from https://www.naturallivingideas.com/wp-content/uploads/2019/05/tomato-varieties.jpg
[2025-01-15T13:01:26.734+0000] {logging_mixin.py:190} INFO - [%] File Downloaded !
[2025-01-15T13:01:26.735+0000] {logging_mixin.py:190} INFO - [%] Downloading Image #18 from https://www.gardeningknowhow.com/wp-content/uploads/2021/07/heap-of-colorful-and-various-tomatoes-1024x768.jpg
[2025-01-15T13:01:30.050+0000] {logging_mixin.py:190} INFO - [%] File Downloaded !
[2025-01-15T13:01:30.051+0000] {logging_mixin.py:190} INFO - [%] Downloading Image #19 from http://outofmyshed.files.wordpress.com/2011/08/tomatoes.jpg
[2025-01-15T13:01:31.793+0000] {logging_mixin.py:190} INFO - [%] File Downloaded !
[2025-01-15T13:01:31.794+0000] {logging_mixin.py:190} INFO - [%] Downloading Image #20 from https://blog.southernexposure.com/wp-content/uploads/2011/01/list-heirloom-tomato-varieties.jpg
[2025-01-15T13:01:34.360+0000] {logging_mixin.py:190} INFO - [%] File Downloaded !
[2025-01-15T13:01:34.360+0000] {logging_mixin.py:190} INFO - [%] Downloading Image #21 from http://www.seasonalwisdom.com/wp-content/uploads/2011/10/tomato-varieties-1.jpg
[2025-01-15T13:01:37.161+0000] {logging_mixin.py:190} INFO - [%] File Downloaded !
[2025-01-15T13:01:37.162+0000] {logging_mixin.py:190} INFO - [%] Downloading Image #22 from https://www.milkwood.net/wp-content/uploads/2014/09/1409-5-tomatoes-022.jpg
[2025-01-15T13:01:38.555+0000] {logging_mixin.py:190} INFO - [%] File Downloaded !
[2025-01-15T13:01:38.555+0000] {logging_mixin.py:190} INFO - [%] Downloading Image #23 from http://gardeningsoul.com/wp-content/uploads/2017/07/8-34.jpg
[2025-01-15T13:01:40.668+0000] {logging_mixin.py:190} INFO - [%] File Downloaded !
[2025-01-15T13:01:40.669+0000] {logging_mixin.py:190} INFO - [%] Downloading Image #24 from http://wholefedhomestead.com/wp-content/uploads/2014/02/Black-Cherry-Tomatoes.jpg
[2025-01-15T13:03:24.200+0000] {logging_mixin.py:190} INFO - [%] File Downloaded !
[2025-01-15T13:03:24.201+0000] {logging_mixin.py:190} INFO - [%] Downloading Image #25 from https://i.pinimg.com/originals/b1/db/92/b1db923aae879ecf83ade0799efb1eb4.jpg
[2025-01-15T13:03:24.551+0000] {logging_mixin.py:190} INFO - [%] File Downloaded !
[2025-01-15T13:03:24.552+0000] {logging_mixin.py:190} INFO - [%] Downloading Image #26 from https://kitchengardenbykatie.com/wp-content/uploads/2021/12/Heritage-Tomato-Varieties-scaled.jpg
[2025-01-15T13:03:25.859+0000] {logging_mixin.py:190} INFO - [!] Issue getting: https://kitchengardenbykatie.com/wp-content/uploads/2021/12/Heritage-Tomato-Varieties-scaled.jpg
[!] Error:: Remote end closed connection without response
[2025-01-15T13:03:25.860+0000] {logging_mixin.py:190} INFO - [%] Downloading Image #26 from https://www.gardenzeus.com/wp-content/uploads/shutterstock_55574902-scaled.jpg
[2025-01-15T13:03:27.498+0000] {logging_mixin.py:190} INFO - [%] File Downloaded !
[2025-01-15T13:03:27.499+0000] {logging_mixin.py:190} INFO - [%] Downloading Image #27 from https://i.pinimg.com/originals/0f/1c/a4/0f1ca4fbfbc364d84e91d51d34acf413.jpg
[2025-01-15T13:03:27.764+0000] {logging_mixin.py:190} INFO - [%] File Downloaded !
[2025-01-15T13:03:27.764+0000] {logging_mixin.py:190} INFO - [%] Downloading Image #28 from https://simplifylivelove.com/wp-content/uploads/2020/08/tomato-growing-tips-1.jpg
[2025-01-15T13:03:28.226+0000] {logging_mixin.py:190} INFO - [%] File Downloaded !
[2025-01-15T13:03:28.226+0000] {logging_mixin.py:190} INFO - [%] Downloading Image #29 from https://imaginacres.com/wp-content/uploads/2014/04/10-Tomato-Growing-Tips-Pinsm-1.jpg
[2025-01-15T13:03:46.184+0000] {logging_mixin.py:190} INFO - [%] File Downloaded !
[2025-01-15T13:03:46.184+0000] {logging_mixin.py:190} INFO - [%] Downloading Image #30 from https://simplifylivelove.com/wp-content/uploads/2023/02/19-Best-Tips-for-Growing-Tomatoes.jpg
[2025-01-15T13:03:46.545+0000] {logging_mixin.py:190} INFO - [%] File Downloaded !
[2025-01-15T13:03:46.546+0000] {logging_mixin.py:190} INFO - [%] Downloading Image #31 from https://www.thespruce.com/thmb/TMRYcJe21L7W5Rn2R8jDqIfVSCk=/5750x3829/filters:fill(auto,1)/top-tomato-growing-tips-1402587-11-c6d6161716fd448fbca41715bbffb1d9.jpg
[2025-01-15T13:03:50.019+0000] {logging_mixin.py:190} INFO - [%] File Downloaded !
[2025-01-15T13:03:50.020+0000] {logging_mixin.py:190} INFO - [%] Downloading Image #32 from https://www.thespruce.com/thmb/r2nrI4RmUzgalSX-zc2DFaXFMPU=/4700x3134/filters:no_upscale():max_bytes(150000):strip_icc()/top-tomato-growing-tips-1402587-01-a44a63731ea846c29dff2fa6a722fae5.jpg
[2025-01-15T13:03:53.844+0000] {logging_mixin.py:190} INFO - [%] File Downloaded !
[2025-01-15T13:03:53.845+0000] {logging_mixin.py:190} INFO - [%] Downloading Image #33 from https://www.thespruce.com/thmb/Yz6URFu2jBjNTO3C9fjWc_ACsS8=/3000x2000/filters:fill(auto,1)/top-tomato-growing-tips-1402587-v4-5b4de02ac9e77c003ebbd6f7.png
[2025-01-15T13:04:17.076+0000] {logging_mixin.py:190} INFO - [%] File Downloaded !
[2025-01-15T13:04:17.077+0000] {logging_mixin.py:190} INFO - [%] Downloading Image #34 from https://www.thespruce.com/thmb/J91toAgjBJ_p4lonWjxDl3Rc3dY=/1600x1075/filters:no_upscale():max_bytes(150000):strip_icc()/Tomato-Seedlings_edited-1-57a0d1655f9b589aa9cba9ab.jpg
[2025-01-15T13:04:19.787+0000] {logging_mixin.py:190} INFO - [%] File Downloaded !
[2025-01-15T13:04:19.788+0000] {logging_mixin.py:190} INFO - [%] Downloading Image #35 from https://gracegritsgarden.com/wp-content/uploads/2020/05/tomato-growing-tips.png
[2025-01-15T13:04:20.267+0000] {logging_mixin.py:190} INFO - [%] File Downloaded !
[2025-01-15T13:04:20.268+0000] {logging_mixin.py:190} INFO - [%] Downloading Image #36 from https://plantinstructions.com/wp-content/uploads/2017/08/Tomato-Growing-Tips-341x1024.jpg
[2025-01-15T13:04:28.272+0000] {logging_mixin.py:190} INFO - [!] Issue getting: https://plantinstructions.com/wp-content/uploads/2017/08/Tomato-Growing-Tips-341x1024.jpg
[!] Error:: <urlopen error [Errno -3] Temporary failure in name resolution>
[2025-01-15T13:04:28.272+0000] {logging_mixin.py:190} INFO - [%] Downloading Image #36 from https://www.thespruce.com/thmb/bVnhYJgAMfZ3g3YEN4dIMNA_zos=/5600x3734/filters:no_upscale():max_bytes(150000):strip_icc()/tips-for-growing-tomatoes-in-containers-848216-01-bc0c62366c3b448f9b1f6cd0436a8270.jpg
[2025-01-15T13:04:31.250+0000] {logging_mixin.py:190} INFO - [%] File Downloaded !
[2025-01-15T13:04:31.251+0000] {logging_mixin.py:190} INFO - [%] Downloading Image #37 from https://www.growjourney.com/wp-content/uploads/2021/06/top-ten-tomato-growing-tricks-2.jpg
[2025-01-15T13:04:32.858+0000] {logging_mixin.py:190} INFO - [%] File Downloaded !
[2025-01-15T13:04:32.858+0000] {logging_mixin.py:190} INFO - [%] Downloading Image #38 from http://www.burkesbackyard.com.au/wp-content/uploads/2013/09/Tomato-Growing-Tips.jpg
[2025-01-15T13:04:33.733+0000] {logging_mixin.py:190} INFO - [%] File Downloaded !
[2025-01-15T13:04:33.734+0000] {logging_mixin.py:190} INFO - [%] Downloading Image #39 from https://balconygardenweb.com/wp-content/uploads/2017/07/1.-Choose-an-ideal-location1.jpg
[2025-01-15T13:04:49.863+0000] {logging_mixin.py:190} INFO - [%] File Downloaded !
[2025-01-15T13:04:49.864+0000] {logging_mixin.py:190} INFO - [%] Downloading Image #40 from https://balconygardenweb.com/wp-content/uploads/2017/05/Manitoba-tomato-in-pot.jpg
[2025-01-15T13:05:03.969+0000] {logging_mixin.py:190} INFO - [%] File Downloaded !
[2025-01-15T13:05:03.970+0000] {logging_mixin.py:190} INFO - [%] Downloading Image #41 from https://www.agardenforthehouse.com/wp-content/uploads/2011/11/img_3433.jpg
[2025-01-15T13:05:05.726+0000] {logging_mixin.py:190} INFO - [%] File Downloaded !
[2025-01-15T13:05:05.726+0000] {logging_mixin.py:190} INFO - [%] Downloading Image #42 from http://www.lawncentral.com/wp-content/uploads/2021/02/growing-tomatoes2.jpg
[2025-01-15T13:06:03.146+0000] {logging_mixin.py:190} INFO - [%] File Downloaded !
[2025-01-15T13:06:03.147+0000] {logging_mixin.py:190} INFO - [%] Downloading Image #43 from https://simplelivingcreativelearning.com/wp-content/uploads/2020/11/Tips-for-Growing-Tomatoes.jpg
[2025-01-15T13:06:04.751+0000] {logging_mixin.py:190} INFO - [%] File Downloaded !
[2025-01-15T13:06:04.752+0000] {logging_mixin.py:190} INFO - [%] Downloading Image #44 from https://i.ytimg.com/vi/9w-7RoH_uic/maxresdefault.jpg
[2025-01-15T13:06:05.336+0000] {logging_mixin.py:190} INFO - [%] File Downloaded !
[2025-01-15T13:06:05.337+0000] {logging_mixin.py:190} INFO - [%] Downloading Image #45 from http://thegardeningcook.com/wp-content/uploads/2016/04/growing-tomato-tips-hero.jpg
[2025-01-15T13:06:36.566+0000] {logging_mixin.py:190} INFO - [%] File Downloaded !
[2025-01-15T13:06:36.567+0000] {logging_mixin.py:190} INFO - [%] Downloading Image #46 from https://i2.wp.com/ahealthylifeforme.com/wp-content/uploads/2014/06/10-Tips-for-growing-tomatoes-1.jpg
[2025-01-15T13:06:36.773+0000] {logging_mixin.py:190} INFO - [!] Issue getting: https://i2.wp.com/ahealthylifeforme.com/wp-content/uploads/2014/06/10-Tips-for-growing-tomatoes-1.jpg
[!] Error:: HTTP Error 404: Not Found
[2025-01-15T13:06:36.774+0000] {logging_mixin.py:190} INFO - [%] Downloading Image #46 from https://cdn11.bigcommerce.com/s-jmzfi5zcr2/product_images/uploaded_images/cage-supporting-goodhearted-tomato-plant.jpg
[2025-01-15T13:06:37.920+0000] {logging_mixin.py:190} INFO - [%] File Downloaded !
[2025-01-15T13:06:37.921+0000] {logging_mixin.py:190} INFO - [%] Downloading Image #47 from https://minnetonkaorchards.com/wp-content/uploads/2022/06/Tomato-plant-520x347.jpg
[2025-01-15T13:06:39.079+0000] {logging_mixin.py:190} INFO - [%] File Downloaded !
[2025-01-15T13:06:39.080+0000] {logging_mixin.py:190} INFO - [%] Downloading Image #48 from https://cherryblossomlife.com/wp-content/uploads/2019/04/tomato-plant-care.jpg
[2025-01-15T13:06:59.019+0000] {logging_mixin.py:190} INFO - [%] File Downloaded !
[2025-01-15T13:06:59.020+0000] {logging_mixin.py:190} INFO - [%] Downloading Image #49 from http://growingtomatoes4you.com/wp-content/uploads/2011/12/Tomato-Plant-Care-01.jpg
[2025-01-15T13:06:59.506+0000] {logging_mixin.py:190} INFO - [!] Issue getting: http://growingtomatoes4you.com/wp-content/uploads/2011/12/Tomato-Plant-Care-01.jpg
[!] Error:: Remote end closed connection without response
[2025-01-15T13:06:59.506+0000] {logging_mixin.py:190} INFO - [%] Downloading Image #49 from https://i.ytimg.com/vi/dQuvuOxE-4Y/maxresdefault.jpg
[2025-01-15T13:07:00.532+0000] {logging_mixin.py:190} INFO - [%] File Downloaded !
[2025-01-15T13:07:00.533+0000] {logging_mixin.py:190} INFO - [%] Downloading Image #50 from https://grow.ifa.coop/hubfs/tomato-care-img3a.png
[2025-01-15T13:07:01.102+0000] {logging_mixin.py:190} INFO - [%] File Downloaded !
[2025-01-15T13:07:01.102+0000] {logging_mixin.py:190} INFO - [%] Downloading Image #51 from https://plantcaretoday.com/wp-content/uploads/8-tomato-growing-mistakes-pinterest-735-1120-01312018-min.jpg
[2025-01-15T13:07:01.391+0000] {logging_mixin.py:190} INFO - [%] File Downloaded !
[2025-01-15T13:07:01.391+0000] {logging_mixin.py:190} INFO - [%] Downloading Image #52 from https://growingtomatoes4you.com/wp-content/uploads/2011/12/growing-tomatoes-1.jpg
[2025-01-15T13:07:02.224+0000] {logging_mixin.py:190} INFO - [!] Issue getting: https://growingtomatoes4you.com/wp-content/uploads/2011/12/growing-tomatoes-1.jpg
[!] Error:: Remote end closed connection without response
[2025-01-15T13:07:02.225+0000] {logging_mixin.py:190} INFO - [%] Downloading Image #52 from https://cdn.images.express.co.uk/img/dynamic/13/1200x712/4756187.jpg?r=1684257293110
[2025-01-15T13:07:02.567+0000] {logging_mixin.py:190} INFO - [%] File Downloaded !
[2025-01-15T13:07:02.568+0000] {logging_mixin.py:190} INFO - [%] Downloading Image #53 from https://lh3.googleusercontent.com/-L6O7vJkqOOU/X9JLXKD6bPI/AAAAAAAACp8/I5MKqlHobtUgqclfrYgJj-joMQx1cJyxgCNcBGAsYHQ/w1684-h1069-p-k-no-nu/1607660454606226-0.png
[2025-01-15T13:07:03.088+0000] {logging_mixin.py:190} INFO - [%] File Downloaded !
[2025-01-15T13:07:03.089+0000] {logging_mixin.py:190} INFO - [%] Downloading Image #54 from https://i.pinimg.com/originals/21/ef/55/21ef553eb93f2ba793991d4145b82cee.jpg
[2025-01-15T13:07:03.307+0000] {logging_mixin.py:190} INFO - [%] File Downloaded !
[2025-01-15T13:07:03.308+0000] {logging_mixin.py:190} INFO - [%] Downloading Image #55 from https://cdn.images.express.co.uk/img/dynamic/13/590x/secondary/how-to-care-for-tomato-plant-3101357.jpg?r=1624544792894
[2025-01-15T13:07:04.506+0000] {logging_mixin.py:190} INFO - [%] File Downloaded !
[2025-01-15T13:07:04.507+0000] {logging_mixin.py:190} INFO - [%] Downloading Image #56 from http://s3.amazonaws.com/photography.prod.demandstudios.com/1567bbae-342b-482f-9f6e-d4788b0b0d84.jpg
[2025-01-15T13:07:52.992+0000] {logging_mixin.py:190} INFO - [%] File Downloaded !
[2025-01-15T13:07:52.993+0000] {logging_mixin.py:190} INFO - [%] Downloading Image #57 from https://img.hunkercdn.com/640/photos.demandstudios.com/getty/article/181/88/470660733.jpg
[2025-01-15T13:07:54.383+0000] {logging_mixin.py:190} INFO - [%] File Downloaded !
[2025-01-15T13:07:54.384+0000] {logging_mixin.py:190} INFO - [%] Downloading Image #58 from https://plantcaretoday.com/wp-content/uploads/tomato-planting-10-rules-pinterest-735-1470-min.jpg
[2025-01-15T13:07:54.622+0000] {logging_mixin.py:190} INFO - [%] File Downloaded !
[2025-01-15T13:07:54.623+0000] {logging_mixin.py:190} INFO - [%] Downloading Image #59 from https://hort.extension.wisc.edu/files/2021/07/tomato-prune-1.png
[2025-01-15T13:08:34.594+0000] {logging_mixin.py:190} INFO - [%] File Downloaded !
[2025-01-15T13:08:34.595+0000] {logging_mixin.py:190} INFO - [%] Downloading Image #60 from https://cdn.shopify.com/s/files/1/1637/1845/files/Untitled_design_2_2b2910ef-ec92-4cab-8a24-b429ac9a4083.png?v=1624672830
[2025-01-15T13:08:34.923+0000] {logging_mixin.py:190} INFO - [%] File Downloaded !
[2025-01-15T13:08:34.924+0000] {logging_mixin.py:190} INFO - [%] Downloading Image #61 from https://i0.wp.com/plantora.app/blog/wp-content/uploads/2023/08/Tomato-Plants.jpg?w=813&amp;ssl=1
[2025-01-15T13:08:35.149+0000] {logging_mixin.py:190} INFO - [!] Issue getting: https://i0.wp.com/plantora.app/blog/wp-content/uploads/2023/08/Tomato-Plants.jpg?w=813&amp;ssl=1
[!] Error:: HTTP Error 404: Not Found
[2025-01-15T13:08:35.150+0000] {logging_mixin.py:190} INFO - [%] Downloading Image #61 from https://i2.wp.com/agnetwest.com/wp-content/uploads/2019/12/tomato-plant-pruning.shutterstock_211577689-scaled.jpg?fit=2560%2C1707
[2025-01-15T13:08:35.358+0000] {logging_mixin.py:190} INFO - [!] Issue getting: https://i2.wp.com/agnetwest.com/wp-content/uploads/2019/12/tomato-plant-pruning.shutterstock_211577689-scaled.jpg?fit=2560%2C1707
[!] Error:: HTTP Error 404: Not Found
[2025-01-15T13:08:35.359+0000] {logging_mixin.py:190} INFO - [%] Downloading Image #61 from https://images.saymedia-content.com/.image/t_share/MTkxMzY0Nzg0NDU1Njg5NzYx/how-to-grow-and-care-for-your-tomato-plants.png
[2025-01-15T13:09:16.045+0000] {logging_mixin.py:190} INFO - [%] File Downloaded !
[2025-01-15T13:09:16.046+0000] {logging_mixin.py:190} INFO - [%] Downloading Image #62 from https://familystylefood.com/wp-content/uploads/2022/09/Homemade-Tomato-Paste.jpg
[2025-01-15T13:09:16.716+0000] {logging_mixin.py:190} INFO - [%] File Downloaded !
[2025-01-15T13:09:16.717+0000] {logging_mixin.py:190} INFO - [%] Downloading Image #63 from https://www.southernliving.com/thmb/LrI8jw46B1jq1AThPtJmoC-IcEU=/1500x0/filters:no_upscale():max_bytes(150000):strip_icc()/GettyImages-1368056090-f196e8f115434b14a726b350b0f773df.jpg
[2025-01-15T13:09:19.099+0000] {logging_mixin.py:190} INFO - [%] File Downloaded !
[2025-01-15T13:09:19.100+0000] {logging_mixin.py:190} INFO - [%] Downloading Image #64 from https://homesteadandchill.com/wp-content/uploads/2022/09/how-to-make-tomato-powder-dry-tomato-paste-feature.jpg
[2025-01-15T13:09:19.438+0000] {logging_mixin.py:190} INFO - [%] File Downloaded !
[2025-01-15T13:09:19.439+0000] {logging_mixin.py:190} INFO - [%] Downloading Image #65 from https://www.evolvingtable.com/wp-content/uploads/2022/07/How-to-dice-a-tomato-11.jpg
[2025-01-15T13:09:19.708+0000] {logging_mixin.py:190} INFO - [!] Issue getting: https://www.evolvingtable.com/wp-content/uploads/2022/07/How-to-dice-a-tomato-11.jpg
[!] Error:: HTTP Error 403: Forbidden
[2025-01-15T13:09:19.710+0000] {logging_mixin.py:190} INFO - [%] Downloading Image #65 from https://www.byrdie.com/thmb/kD6agAHbHCD9hHmaC-t8jolxtko=/1500x0/filters:no_upscale():max_bytes(150000):strip_icc()/Byr_TomatoGirl_LeadRecirc-3f22a1e1ce9b428f9f424e9001ff3365.jpg
[2025-01-15T13:09:21.503+0000] {logging_mixin.py:190} INFO - [%] File Downloaded !
[2025-01-15T13:09:21.504+0000] {logging_mixin.py:190} INFO - [%] Downloading Image #66 from https://static.vecteezy.com/system/resources/previews/014/455/767/original/hand-drawn-style-drawing-tomato-png.png
[2025-01-15T13:09:21.712+0000] {logging_mixin.py:190} INFO - [%] File Downloaded !
[2025-01-15T13:09:21.713+0000] {logging_mixin.py:190} INFO - [%] Downloading Image #67 from https://cdn2.vectorstock.com/i/1000x1000/82/96/clipart-tomato-vector-44498296.jpg
[2025-01-15T13:09:22.024+0000] {logging_mixin.py:190} INFO - [%] File Downloaded !
[2025-01-15T13:09:22.025+0000] {logging_mixin.py:190} INFO - [%] Downloading Image #68 from https://static.vecteezy.com/system/resources/previews/013/632/742/original/red-tomato-clip-art-isolated-on-white-background-tomatos-cartoon-infographics-illustration-cartoon-tomato-simple-flat-cute-tomato-for-kindergarten-child-learning-tomato-for-flash-card-of-kids-vector.jpg
[2025-01-15T13:09:22.188+0000] {logging_mixin.py:190} INFO - [%] File Downloaded !
[2025-01-15T13:09:22.189+0000] {logging_mixin.py:190} INFO - [%] Downloading Image #69 from https://jakemp.com/wp-content/uploads/JIC-purple-tomato-4_DSC6194-scaled.jpg
[2025-01-15T13:09:28.472+0000] {logging_mixin.py:190} INFO - [%] File Downloaded !
[2025-01-15T13:09:28.473+0000] {logging_mixin.py:190} INFO - [%] Downloading Image #70 from https://www.thedailymeal.com/img/gallery/11-italian-tomato-varieties-to-get-to-know/l-intro-1686850536.jpg
[2025-01-15T13:09:30.085+0000] {logging_mixin.py:190} INFO - [%] File Downloaded !
[2025-01-15T13:09:30.087+0000] {logging_mixin.py:190} INFO - [%] Downloading Image #71 from https://1.bp.blogspot.com/-6yMwvzmhEWI/X3ymOQd-n_I/AAAAAAACAnA/tJJtTSgDAcUOvcDS9BtSwlUYUvBMJ5QegCLcBGAsYHQ/s2643/tomatoes%2B%25289%2529.jpg
[2025-01-15T13:09:30.666+0000] {logging_mixin.py:190} INFO - [%] File Downloaded !
[2025-01-15T13:09:30.667+0000] {logging_mixin.py:190} INFO - [%] Downloading Image #72 from http://cdn.shopify.com/s/files/1/0620/2749/7724/products/tomato-supersweet-100-noa-1.jpg?v=1678729200
[2025-01-15T13:09:31.150+0000] {logging_mixin.py:190} INFO - [%] File Downloaded !
[2025-01-15T13:09:31.151+0000] {logging_mixin.py:190} INFO - [%] Downloading Image #73 from http://upload.wikimedia.org/wikipedia/commons/e/e2/Tomato_Juice.jpg
[2025-01-15T13:09:35.361+0000] {logging_mixin.py:190} INFO - [%] File Downloaded !
[2025-01-15T13:09:35.361+0000] {logging_mixin.py:190} INFO - [%] Downloading Image #74 from http://thisismygarden.com/wp-content/uploads/2023/06/remove-tomato-suckers.jpg
[2025-01-15T13:09:38.046+0000] {logging_mixin.py:190} INFO - [%] File Downloaded !
[2025-01-15T13:09:38.047+0000] {logging_mixin.py:190} INFO - [%] Downloading Image #75 from https://static.vecteezy.com/system/resources/previews/019/155/842/original/life-cycle-of-tomato-plant-stages-of-growth-of-tomato-from-seedling-sprout-to-mature-red-fruits-in-flower-pot-cherry-tomato-growing-stage-illustration-on-white-background-vector.jpg
[2025-01-15T13:09:38.291+0000] {logging_mixin.py:190} INFO - [%] File Downloaded !
[2025-01-15T13:09:38.292+0000] {logging_mixin.py:190} INFO - [%] Downloading Image #76 from https://gachwala.in/wp-content/uploads/2022/07/71zM7n-51kL._SX569_.jpg
[2025-01-15T13:09:39.949+0000] {logging_mixin.py:190} INFO - [%] File Downloaded !
[2025-01-15T13:09:39.949+0000] {logging_mixin.py:190} INFO - [%] Downloading Image #77 from https://static.vecteezy.com/system/resources/previews/022/777/312/original/tomato-icon-clipart-vegetable-illustration-vector.jpg
[2025-01-15T13:09:40.149+0000] {logging_mixin.py:190} INFO - [%] File Downloaded !
[2025-01-15T13:09:40.151+0000] {logging_mixin.py:190} INFO - [%] Downloading Image #78 from http://upload.wikimedia.org/wikipedia/commons/8/89/Tomato_je.jpg
[2025-01-15T13:09:43.979+0000] {logging_mixin.py:190} INFO - [%] File Downloaded !
[2025-01-15T13:09:43.979+0000] {logging_mixin.py:190} INFO - [%] Downloading Image #79 from https://static.vecteezy.com/system/resources/previews/019/862/489/original/tomato-icon-clipart-vegetable-illustration-vector.jpg
[2025-01-15T13:09:44.231+0000] {logging_mixin.py:190} INFO - [%] File Downloaded !
[2025-01-15T13:09:44.231+0000] {logging_mixin.py:190} INFO - [%] Downloading Image #80 from https://agrilifetoday.tamu.edu/wp-content/uploads/2023/03/20210604_The_Gardens_LM_0082.jpg
[2025-01-15T13:09:45.415+0000] {logging_mixin.py:190} INFO - [%] File Downloaded !
[2025-01-15T13:09:45.416+0000] {logging_mixin.py:190} INFO - [%] Downloading Image #81 from https://www.liveeatlearn.com/wp-content/uploads/2023/03/How-to-Cut-Tomatoes-03.jpg
[2025-01-15T13:09:45.740+0000] {logging_mixin.py:190} INFO - [Error]Invalid image, not saving https://www.liveeatlearn.com/wp-content/uploads/2023/03/How-to-Cut-Tomatoes-03.jpg
[2025-01-15T13:09:45.741+0000] {logging_mixin.py:190} INFO - [!] Issue getting: https://www.liveeatlearn.com/wp-content/uploads/2023/03/How-to-Cut-Tomatoes-03.jpg
[!] Error:: Invalid image, not saving https://www.liveeatlearn.com/wp-content/uploads/2023/03/How-to-Cut-Tomatoes-03.jpg
[2025-01-15T13:09:45.742+0000] {logging_mixin.py:190} INFO - [%] Downloading Image #81 from https://www.wholesomeyum.com/wp-content/uploads/2023/03/wholesomeyum-Cucumber-Tomato-Salad-11.jpg
[2025-01-15T13:09:46.438+0000] {logging_mixin.py:190} INFO - [%] File Downloaded !
[2025-01-15T13:09:46.438+0000] {logging_mixin.py:190} INFO - [%] Downloading Image #82 from https://thecoconutmama.com/wp-content/uploads/2023/01/Tomato-Fruit-Vegetable-Both-Shutterstock_1620914383-1-scaled.webp
[2025-01-15T13:09:46.722+0000] {logging_mixin.py:190} INFO - [%] File Downloaded !
[2025-01-15T13:09:46.722+0000] {logging_mixin.py:190} INFO - 

[!!]Indexing page: 2
[2025-01-15T13:09:47.378+0000] {logging_mixin.py:190} INFO - [%] Indexed 95 Images on Page 2.
[2025-01-15T13:09:47.379+0000] {logging_mixin.py:190} INFO - 
===============================================
[2025-01-15T13:09:47.380+0000] {logging_mixin.py:190} INFO - [%] Downloading Image #83 from https://www.themilefarmshop.co.uk/images/shop/more/612x612_4885_33d664f3f240d5331b398bbe4ee99f8f_1610031569istockphoto466175630612x.jpg
[2025-01-15T13:09:52.606+0000] {logging_mixin.py:190} INFO - [%] File Downloaded !
[2025-01-15T13:09:52.606+0000] {logging_mixin.py:190} INFO - [%] Downloading Image #84 from http://mamaguru.com/wp-content/uploads/2010/05/5-May-and-tomato-0141.jpg
[2025-01-15T13:10:06.564+0000] {logging_mixin.py:190} INFO - [%] File Downloaded !
[2025-01-15T13:10:06.565+0000] {logging_mixin.py:190} INFO - [%] Downloading Image #85 from https://i.pinimg.com/originals/a9/0d/b1/a90db1c89b58602dde59e069e8262ef4.jpg
[2025-01-15T13:10:06.679+0000] {logging_mixin.py:190} INFO - [%] File Downloaded !
[2025-01-15T13:10:06.680+0000] {logging_mixin.py:190} INFO - [%] Downloading Image #86 from https://cdn.mos.cms.futurecdn.net/LzN4CxeQd2v22mfn2Kxe5M.jpg
[2025-01-15T13:10:07.272+0000] {logging_mixin.py:190} INFO - [%] File Downloaded !
[2025-01-15T13:10:07.273+0000] {logging_mixin.py:190} INFO - [%] Downloading Image #87 from https://njaes.rutgers.edu/tomato-varieties/images/specialty-tomato-assortment.jpg
[2025-01-15T13:10:32.658+0000] {logging_mixin.py:190} INFO - [%] File Downloaded !
[2025-01-15T13:10:32.659+0000] {logging_mixin.py:190} INFO - [%] Downloading Image #88 from https://i.pinimg.com/originals/93/01/e8/9301e86e03344eb615d34775c696cda7.jpg
[2025-01-15T13:10:32.818+0000] {logging_mixin.py:190} INFO - [%] File Downloaded !
[2025-01-15T13:10:32.819+0000] {logging_mixin.py:190} INFO - [%] Downloading Image #89 from http://wingardsmarket.com/wp-content/uploads/2015/06/heirloom-tomato.jpg
[2025-01-15T13:10:38.035+0000] {logging_mixin.py:190} INFO - [%] File Downloaded !
[2025-01-15T13:10:38.036+0000] {logging_mixin.py:190} INFO - [%] Downloading Image #90 from https://www.allotment-garden.org/wp-content/uploads/2016/04/Black-Opal-Tomatoes.jpg
[2025-01-15T13:10:40.952+0000] {logging_mixin.py:190} INFO - [%] File Downloaded !
[2025-01-15T13:10:40.952+0000] {logging_mixin.py:190} INFO - [%] Downloading Image #91 from https://www.tomatobible.com/wp-content/uploads/2021/04/heirloom-tomato-variety.jpg
[2025-01-15T13:10:41.360+0000] {logging_mixin.py:190} INFO - [%] File Downloaded !
[2025-01-15T13:10:41.361+0000] {logging_mixin.py:190} INFO - [%] Downloading Image #92 from https://www.researchgate.net/publication/352501001/figure/fig1/AS:1038265649987584@1624553229153/Representative-fruits-of-the-10-varieties-of-pepper-P-codes-tomato-T-codes-and.png
[2025-01-15T13:10:41.543+0000] {logging_mixin.py:190} INFO - [!] Issue getting: https://www.researchgate.net/publication/352501001/figure/fig1/AS:1038265649987584@1624553229153/Representative-fruits-of-the-10-varieties-of-pepper-P-codes-tomato-T-codes-and.png
[!] Error:: HTTP Error 403: Forbidden
[2025-01-15T13:10:41.544+0000] {logging_mixin.py:190} INFO - [%] Downloading Image #92 from https://i.pinimg.com/736x/3a/d9/fd/3ad9fdc578374ac9b4d72278bbfa4d65.jpg
[2025-01-15T13:10:41.696+0000] {logging_mixin.py:190} INFO - [%] File Downloaded !
[2025-01-15T13:10:41.697+0000] {logging_mixin.py:190} INFO - [%] Downloading Image #93 from https://gardenerspath.com/wp-content/uploads/2019/12/Top-Tomato-Hybrids.jpg
[2025-01-15T13:10:42.303+0000] {logging_mixin.py:190} INFO - [%] File Downloaded !
[2025-01-15T13:10:42.304+0000] {logging_mixin.py:190} INFO - [%] Downloading Image #94 from https://i.pinimg.com/originals/3c/ae/55/3cae55ac3906bdca1830d26ba8a361df.jpg
[2025-01-15T13:10:42.979+0000] {logging_mixin.py:190} INFO - [%] File Downloaded !
[2025-01-15T13:10:42.979+0000] {logging_mixin.py:190} INFO - [%] Downloading Image #95 from https://www.kroger.com/content/v2/binary/image/blog/food/types-of-tomatoes-guide/imageset_types-of-tomatoes_03-02--640-x-1630_tomatoes_info-graphic_02-16_52.png
[2025-01-15T13:10:43.617+0000] {logging_mixin.py:190} INFO - [!] Issue getting: https://www.kroger.com/content/v2/binary/image/blog/food/types-of-tomatoes-guide/imageset_types-of-tomatoes_03-02--640-x-1630_tomatoes_info-graphic_02-16_52.png
[!] Error:: HTTP Error 403: Forbidden
[2025-01-15T13:10:43.619+0000] {logging_mixin.py:190} INFO - [%] Downloading Image #95 from https://i.pinimg.com/originals/a4/6a/2d/a46a2da475dcffbcebc0b4b3c18af10b.jpg
[2025-01-15T13:10:43.797+0000] {logging_mixin.py:190} INFO - [%] File Downloaded !
[2025-01-15T13:10:43.798+0000] {logging_mixin.py:190} INFO - [%] Downloading Image #96 from http://media-cache-ak0.pinimg.com/736x/e0/31/0e/e0310ef03045cd0c2a65b934bb7f66a9.jpg
[2025-01-15T13:10:44.940+0000] {logging_mixin.py:190} INFO - [%] File Downloaded !
[2025-01-15T13:10:44.941+0000] {logging_mixin.py:190} INFO - [%] Downloading Image #97 from https://modernfrontierswoman.com/wp-content/uploads/2018/04/Tomato-Growing-Tips.jpg
[2025-01-15T13:10:45.452+0000] {logging_mixin.py:190} INFO - [%] File Downloaded !
[2025-01-15T13:10:45.453+0000] {logging_mixin.py:190} INFO - [%] Downloading Image #98 from https://simplifylivelove.com/wp-content/uploads/2020/08/19-best-tips-for-growing-tomatoes.jpg
[2025-01-15T13:10:47.223+0000] {logging_mixin.py:190} INFO - [%] File Downloaded !
[2025-01-15T13:10:47.224+0000] {logging_mixin.py:190} INFO - [%] Downloading Image #99 from https://petergreenfield.com/wp-content/uploads/2021/06/tomato-growing-tips-for-beginners-1024x576.png
[2025-01-15T13:11:42.036+0000] {logging_mixin.py:190} INFO - [%] File Downloaded !
[2025-01-15T13:11:42.036+0000] {logging_mixin.py:190} INFO - [%] Downloading Image #100 from https://blog.trekaroo.com/wp-content/uploads/2020/03/tomato-planting-tips-by-sharlene-earnshaw.jpg
[2025-01-15T13:11:43.576+0000] {logging_mixin.py:190} INFO - [%] File Downloaded !
[2025-01-15T13:11:43.577+0000] {logging_mixin.py:190} INFO - 

[%] Done. Downloaded 100 images.
[2025-01-15T13:11:43.577+0000] {craw_check_update.py:38} INFO - Ảnh đã được lưu trong thư mục: data_lake/tomato
[2025-01-15T13:11:43.578+0000] {python.py:240} INFO - Done. Returned value was: None
[2025-01-15T13:11:43.590+0000] {taskinstance.py:340} INFO - ::group::Post task execution logs
[2025-01-15T13:11:43.591+0000] {taskinstance.py:352} INFO - Marking task as SUCCESS. dag_id=tomato_pipeline, task_id=download_images, run_id=scheduled__2025-01-15T11:00:00+00:00, execution_date=20250115T110000, start_date=20250115T125751, end_date=20250115T131143
[2025-01-15T13:11:43.602+0000] {logging_mixin.py:190} INFO - Task instance in success state
[2025-01-15T13:11:43.603+0000] {logging_mixin.py:190} INFO -  Previous state of the Task instance: running
[2025-01-15T13:11:43.603+0000] {logging_mixin.py:190} INFO - Dag name:tomato_pipeline queued_at:2025-01-15 12:57:45.070260+00:00
[2025-01-15T13:11:43.603+0000] {logging_mixin.py:190} INFO - Task hostname:6e32fca90d5e operator:PythonOperator
[2025-01-15T13:11:43.640+0000] {local_task_job_runner.py:266} INFO - Task exited with return code 0
[2025-01-15T13:11:43.667+0000] {taskinstance.py:3895} INFO - 1 downstream tasks scheduled from follow-on schedule check
[2025-01-15T13:11:43.670+0000] {local_task_job_runner.py:245} INFO - ::endgroup::
