[2025-01-14T03:51:30.227+0000] {local_task_job_runner.py:123} INFO - ::group::Pre task execution logs
[2025-01-14T03:51:30.244+0000] {taskinstance.py:2613} INFO - Dependencies all met for dep_context=non-requeueable deps ti=<TaskInstance: predict_tomato_images.check_and_predict manual__2025-01-14T03:32:34.165794+00:00 [queued]>
[2025-01-14T03:51:30.252+0000] {taskinstance.py:2613} INFO - Dependencies all met for dep_context=requeueable deps ti=<TaskInstance: predict_tomato_images.check_and_predict manual__2025-01-14T03:32:34.165794+00:00 [queued]>
[2025-01-14T03:51:30.253+0000] {taskinstance.py:2866} INFO - Starting attempt 3 of 4
[2025-01-14T03:51:30.268+0000] {taskinstance.py:2889} INFO - Executing <Task(PythonOperator): check_and_predict> on 2025-01-14 03:32:34.165794+00:00
[2025-01-14T03:51:30.276+0000] {warnings.py:112} WARNING - /home/***/.local/lib/python3.12/site-packages/***/task/task_runner/standard_task_runner.py:70: DeprecationWarning: This process (pid=209) is multi-threaded, use of fork() may lead to deadlocks in the child.
  pid = os.fork()

[2025-01-14T03:51:30.277+0000] {standard_task_runner.py:72} INFO - Started process 211 to run task
[2025-01-14T03:51:30.278+0000] {standard_task_runner.py:104} INFO - Running: ['***', 'tasks', 'run', 'predict_tomato_images', 'check_and_predict', 'manual__2025-01-14T03:32:34.165794+00:00', '--job-id', '40', '--raw', '--subdir', 'DAGS_FOLDER/craw_check_update.py', '--cfg-path', '/tmp/tmpe47z7tl0']
[2025-01-14T03:51:30.280+0000] {standard_task_runner.py:105} INFO - Job 40: Subtask check_and_predict
[2025-01-14T03:51:30.324+0000] {task_command.py:467} INFO - Running <TaskInstance: predict_tomato_images.check_and_predict manual__2025-01-14T03:32:34.165794+00:00 [running]> on host b954e1e08ba9
[2025-01-14T03:51:30.404+0000] {taskinstance.py:3132} INFO - Exporting env vars: AIRFLOW_CTX_DAG_OWNER='***' AIRFLOW_CTX_DAG_ID='predict_tomato_images' AIRFLOW_CTX_TASK_ID='check_and_predict' AIRFLOW_CTX_EXECUTION_DATE='2025-01-14T03:32:34.165794+00:00' AIRFLOW_CTX_TRY_NUMBER='3' AIRFLOW_CTX_DAG_RUN_ID='manual__2025-01-14T03:32:34.165794+00:00'
[2025-01-14T03:51:30.405+0000] {logging_mixin.py:190} INFO - Task instance is in running state
[2025-01-14T03:51:30.406+0000] {logging_mixin.py:190} INFO -  Previous state of the Task instance: queued
[2025-01-14T03:51:30.406+0000] {logging_mixin.py:190} INFO - Current task name:check_and_predict state:running start_date:2025-01-14 03:51:30.244746+00:00
[2025-01-14T03:51:30.406+0000] {logging_mixin.py:190} INFO - Dag name:predict_tomato_images and current dag run status:running
[2025-01-14T03:51:30.407+0000] {taskinstance.py:731} INFO - ::endgroup::
[2025-01-14T03:51:30.408+0000] {python.py:240} INFO - Done. Returned value was: None
[2025-01-14T03:51:30.418+0000] {taskinstance.py:340} INFO - ::group::Post task execution logs
[2025-01-14T03:51:30.418+0000] {taskinstance.py:352} INFO - Marking task as SUCCESS. dag_id=predict_tomato_images, task_id=check_and_predict, run_id=manual__2025-01-14T03:32:34.165794+00:00, execution_date=20250114T033234, start_date=20250114T035130, end_date=20250114T035130
[2025-01-14T03:51:30.428+0000] {logging_mixin.py:190} INFO - Task instance in success state
[2025-01-14T03:51:30.429+0000] {logging_mixin.py:190} INFO -  Previous state of the Task instance: running
[2025-01-14T03:51:30.430+0000] {logging_mixin.py:190} INFO - Dag name:predict_tomato_images queued_at:2025-01-14 03:51:28.133501+00:00
[2025-01-14T03:51:30.430+0000] {logging_mixin.py:190} INFO - Task hostname:b954e1e08ba9 operator:PythonOperator
[2025-01-14T03:51:30.461+0000] {local_task_job_runner.py:266} INFO - Task exited with return code 0
[2025-01-14T03:51:30.478+0000] {taskinstance.py:3895} INFO - 0 downstream tasks scheduled from follow-on schedule check
[2025-01-14T03:51:30.481+0000] {local_task_job_runner.py:245} INFO - ::endgroup::
